2024-10-01 16:48:38,040 - INFO - Loading template-based expansion policy model from /home/azureuser/retrollm/aizynthfinder/models/uspto_model.onnx to uspto
2024-10-01 16:48:38,158 - INFO - Loading templates from /home/azureuser/retrollm/aizynthfinder/models/uspto_templates.csv.gz to uspto
2024-10-01 16:48:38,301 - INFO - Loading template-based expansion policy model from /home/azureuser/retrollm/aizynthfinder/models/uspto_ringbreaker_model.onnx to ringbreaker
2024-10-01 16:48:38,319 - INFO - Loading templates from /home/azureuser/retrollm/aizynthfinder/models/uspto_ringbreaker_templates.csv.gz to ringbreaker
2024-10-01 16:48:38,339 - INFO - Loading filter policy model from /home/azureuser/retrollm/aizynthfinder/models/uspto_filter_model.onnx to uspto
2024-10-01 16:48:45,348 - INFO - Loading stock from InMemoryInchiKeyQuery to zinc
2024-10-01 16:48:45,348 - INFO - Selected as stock: zinc
2024-10-01 16:48:45,348 - INFO - Compounds in stock: 17422831
2024-10-01 16:48:45,348 - INFO - Selected as expansion policy: uspto
2024-10-01 16:48:45,349 - INFO - Selected as filter policy: uspto
2024-10-01 16:48:45,352 - DEBUG - Starting search
2024-10-01 16:48:46,257 - DEBUG - retro reaction from template [C;D1;H3:3]-[N;H0;D3;+0:4](-[C;D1;H3:5])-[CH2;D2;+0:1]-[c:2]>>O=[CH;D2;+0:1]-[c:2].[C;D1;H3:3]-[NH;D2;+0:4]-[C;D1;H3:5] on molecule Cc1cc(C[C@@H](OC(=O)N2CCC(N3CCc4ccccc4NC3=O)CC2)C(=O)N2CCC(C3CCN(Cc4ccccc4)CC3)CC2)cc2nc[nH]c12 did not produce any reactants
2024-10-01 16:48:47,122 - DEBUG - retro reaction from template [C:2]-[NH;D2;+0:1]-[C;D1;H3:3]>>C-C(-C)(-C)-O-C(=O)-[N;H0;D3;+0:1](-[C:2])-[C;D1;H3:3] on molecule c1ccc(CN2CCC(C3CCNCC3)CC2)cc1 did not produce any reactants
2024-10-01 16:48:47,181 - DEBUG - retro reaction from template [C:2]-[NH;D2;+0:1]-[C;D1;H3:3]>>C-C(-C)(-C)-O-C(=O)-[N;H0;D3;+0:1](-[C:2])-[C;D1;H3:3] on molecule c1ccc(CN2CCC(C3CCNCC3)CC2)cc1 did not produce any reactants
2024-10-01 16:48:47,186 - DEBUG - retro reaction from template [C:2]-[C;H0;D3;+0:1](=[O;D1;H0:3])-[O;H0;D2;+0:5]-[C;D1;H3:4]>>O-[C;H0;D3;+0:1](-[C:2])=[O;D1;H0:3].[C;D1;H3:4]-[OH;D1;+0:5] on molecule CCOC(=O)[C@@H](Cc1cc(C)c(N)c([N+](=O)[O-])c1)OC(=O)N1CCC(N2CCc3ccccc3NC2=O)CC1 did not produce any reactants
2024-10-01 16:48:47,189 - DEBUG - retro reaction from template [C:1]-[CH;D2;+0:2]=[O;H0;D1;+0:3]>>[C:1]-[CH2;D2;+0:2]-[OH;D1;+0:3] on molecule O=CO did not produce any reactants
2024-10-01 16:48:47,221 - DEBUG - retro reaction from template [C:3]-[N;H0;D3;+0:4](-[C;D1;H3:5])-[CH2;D2;+0:1]-[c:2]>>Br-[CH2;D2;+0:1]-[c:2].[C:3]-[NH;D2;+0:4]-[C;D1;H3:5] on molecule c1ccc(CN2CCC(C3CCN(Cc4ccccc4)CC3)CC2)cc1 did not produce any reactants
2024-10-01 16:48:47,226 - DEBUG - retro reaction from template [C:2]-[C;H0;D3;+0:1](=[O;D1;H0:3])-[O;H0;D2;+0:5]-[C;D1;H3:4]>>O-[C;H0;D3;+0:1](-[C:2])=[O;D1;H0:3].[C;D1;H3:4]-[OH;D1;+0:5] on molecule CCOC(=O)[C@@H](Cc1cc(C)c(N)c([N+](=O)[O-])c1)OC(=O)N1CCC(N2CCc3ccccc3NC2=O)CC1 did not produce any reactants
2024-10-01 16:48:47,230 - DEBUG - retro reaction from template [C;D1;H3:3]-[N;H0;D3;+0:4](-[C;D1;H3:5])-[CH2;D2;+0:1]-[c:2]>>O=[CH;D2;+0:1]-[c:2].[C;D1;H3:3]-[NH;D2;+0:4]-[C;D1;H3:5] on molecule c1ccc(CN2CCC(C3CCN(Cc4ccccc4)CC3)CC2)cc1 did not produce any reactants
2024-10-01 16:48:47,235 - DEBUG - retro reaction from template [C;D1;H3:3]-[N;H0;D3;+0:4](-[C;D1;H3:5])-[CH2;D2;+0:1]-[c:2]>>Cl-[CH2;D2;+0:1]-[c:2].[C;D1;H3:3]-[NH;D2;+0:4]-[C;D1;H3:5] on molecule c1ccc(CN2CCC(C3CCN(Cc4ccccc4)CC3)CC2)cc1 did not produce any reactants
2024-10-01 16:48:47,238 - DEBUG - retro reaction from template [C:1]-[CH;D2;+0:2]=[O;H0;D1;+0:3]>>[C:1]-[CH2;D2;+0:2]-[OH;D1;+0:3] on molecule O=CO did not produce any reactants
2024-10-01 16:48:47,270 - DEBUG - retro reaction from template [C:3]-[N;H0;D3;+0:4](-[C;D1;H3:5])-[CH2;D2;+0:1]-[c:2]>>Br-[CH2;D2;+0:1]-[c:2].[C:3]-[NH;D2;+0:4]-[C;D1;H3:5] on molecule c1ccc(CN2CCC(C3CCN(Cc4ccccc4)CC3)CC2)cc1 did not produce any reactants
2024-10-01 16:48:47,275 - DEBUG - retro reaction from template [C:2]-[C;H0;D3;+0:1](=[O;D1;H0:3])-[O;H0;D2;+0:5]-[C;D1;H3:4]>>O-[C;H0;D3;+0:1](-[C:2])=[O;D1;H0:3].[C;D1;H3:4]-[OH;D1;+0:5] on molecule CCOC(=O)[C@@H](Cc1cc(C)c(N)c([N+](=O)[O-])c1)OC(=O)N1CCC(N2CCc3ccccc3NC2=O)CC1 did not produce any reactants
2024-10-01 16:48:47,280 - DEBUG - retro reaction from template [C;D1;H3:3]-[N;H0;D3;+0:4](-[C;D1;H3:5])-[CH2;D2;+0:1]-[c:2]>>O=[CH;D2;+0:1]-[c:2].[C;D1;H3:3]-[NH;D2;+0:4]-[C;D1;H3:5] on molecule c1ccc(CN2CCC(C3CCN(Cc4ccccc4)CC3)CC2)cc1 did not produce any reactants
2024-10-01 16:48:47,284 - DEBUG - retro reaction from template [C;D1;H3:3]-[N;H0;D3;+0:4](-[C;D1;H3:5])-[CH2;D2;+0:1]-[c:2]>>Cl-[CH2;D2;+0:1]-[c:2].[C;D1;H3:3]-[NH;D2;+0:4]-[C;D1;H3:5] on molecule c1ccc(CN2CCC(C3CCN(Cc4ccccc4)CC3)CC2)cc1 did not produce any reactants
2024-10-01 16:48:47,288 - DEBUG - retro reaction from template [C:1]-[CH;D2;+0:2]=[O;H0;D1;+0:3]>>[C:1]-[CH2;D2;+0:2]-[OH;D1;+0:3] on molecule O=CO did not produce any reactants
2024-10-01 16:48:47,291 - DEBUG - retro reaction from template [C:1]=[C:2]-[CH;D2;+0:3]=[O;H0;D1;+0:4]>>[C:1]=[C:2]-[CH2;D2;+0:3]-[OH;D1;+0:4] on molecule O=CO did not produce any reactants
2024-10-01 16:48:47,389 - DEBUG - retro reaction from template [C;D1;H3:3]-[N;H0;D3;+0:4](-[C;D1;H3:5])-[CH2;D2;+0:1]-[c:2]>>O=[CH;D2;+0:1]-[c:2].[C;D1;H3:3]-[NH;D2;+0:4]-[C;D1;H3:5] on molecule Cc1cc(C[C@@H](OC(=O)N2CCC(N3CCc4ccccc4NC3=O)CC2)C(=O)N2CCC(C3CCN(Cc4ccccc4)CC3)CC2)cc([N+](=O)[O-])c1N did not produce any reactants
2024-10-01 16:48:47,395 - DEBUG - retro reaction from template [C:3]-[N;H0;D3;+0:4](-[C;D1;H3:5])-[CH2;D2;+0:1]-[c:2]>>Br-[CH2;D2;+0:1]-[c:2].[C:3]-[NH;D2;+0:4]-[C;D1;H3:5] on molecule Cc1cc(C[C@@H](OC(=O)N2CCC(N3CCc4ccccc4NC3=O)CC2)C(=O)N2CCC(C3CCN(Cc4ccccc4)CC3)CC2)cc([N+](=O)[O-])c1N did not produce any reactants
2024-10-01 16:48:47,398 - DEBUG - retro reaction from template [C:1]-[CH;D2;+0:2]=[O;H0;D1;+0:3]>>[C:1]-[CH2;D2;+0:2]-[OH;D1;+0:3] on molecule O=CO did not produce any reactants
2024-10-01 16:48:47,419 - DEBUG - retro reaction from template [C;D1;H3:3]-[N;H0;D3;+0:4](-[C;D1;H3:5])-[CH2;D2;+0:1]-[c:2]>>O=[CH;D2;+0:1]-[c:2].[C;D1;H3:3]-[NH;D2;+0:4]-[C;D1;H3:5] on molecule Cc1cc(C[C@@H](OC(=O)N2CCC(N3CCc4ccccc4NC3=O)CC2)C(=O)N2CCC(C3CCN(Cc4ccccc4)CC3)CC2)cc([N+](=O)[O-])c1N did not produce any reactants
2024-10-01 16:48:47,424 - DEBUG - retro reaction from template [C:3]-[N;H0;D3;+0:4](-[C;D1;H3:5])-[CH2;D2;+0:1]-[c:2]>>Br-[CH2;D2;+0:1]-[c:2].[C:3]-[NH;D2;+0:4]-[C;D1;H3:5] on molecule Cc1cc(C[C@@H](OC(=O)N2CCC(N3CCc4ccccc4NC3=O)CC2)C(=O)N2CCC(C3CCN(Cc4ccccc4)CC3)CC2)cc([N+](=O)[O-])c1N did not produce any reactants
2024-10-01 16:48:47,427 - DEBUG - retro reaction from template [C:1]-[CH;D2;+0:2]=[O;H0;D1;+0:3]>>[C:1]-[CH2;D2;+0:2]-[OH;D1;+0:3] on molecule O=CO did not produce any reactants
2024-10-01 16:48:47,431 - DEBUG - retro reaction from template [C:1]=[C:2]-[CH;D2;+0:3]=[O;H0;D1;+0:4]>>[C:1]=[C:2]-[CH2;D2;+0:3]-[OH;D1;+0:4] on molecule O=CO did not produce any reactants
2024-10-01 16:48:47,468 - DEBUG - retro reaction from template [C:2]-[NH;D2;+0:1]-[C;D1;H3:3]>>C-C(-C)(-C)-O-C(=O)-[N;H0;D3;+0:1](-[C:2])-[C;D1;H3:3] on molecule c1ccc(CN2CCC(C3CCNCC3)CC2)cc1 did not produce any reactants
2024-10-01 16:48:47,499 - DEBUG - retro reaction from template [C:2]-[NH;D2;+0:1]-[C;D1;H3:3]>>C-C(-C)(-C)-O-C(=O)-[N;H0;D3;+0:1](-[C:2])-[C;D1;H3:3] on molecule c1ccc(CN2CCC(C3CCNCC3)CC2)cc1 did not produce any reactants
2024-10-01 16:48:47,506 - DEBUG - Reaction COC(=O)[C@@H](Cc1cc(C)c(N)c([N+](=O)[O-])c1)OC(=O)N1CCC(N2CCc3ccccc3NC2=O)CC1>>Cc1cc(C[C@@H](OC(=O)N2CCC(N3CCc4ccccc4NC3=O)CC2)C(=O)O)cc([N+](=O)[O-])c1N.CO was rejected because it re-generated molecule not in stock
2024-10-01 16:48:47,563 - DEBUG - retro reaction from template [C:2]-[C;H0;D3;+0:1](=[O;D1;H0:3])-[O;H0;D2;+0:5]-[C;D1;H3:4]>>O-[C;H0;D3;+0:1](-[C:2])=[O;D1;H0:3].[C;D1;H3:4]-[OH;D1;+0:5] on molecule CCOC(=O)[C@@H](Cc1cc(C)c(N)c([N+](=O)[O-])c1)OC(=O)N1CCC(N2CCc3ccccc3NC2=O)CC1 did not produce any reactants
2024-10-01 16:48:47,566 - DEBUG - retro reaction from template [C:1]-[CH;D2;+0:2]=[O;H0;D1;+0:3]>>[C:1]-[CH2;D2;+0:2]-[OH;D1;+0:3] on molecule O=CO did not produce any reactants
2024-10-01 16:48:47,570 - DEBUG - retro reaction from template [C:1]=[C:2]-[CH;D2;+0:3]=[O;H0;D1;+0:4]>>[C:1]=[C:2]-[CH2;D2;+0:3]-[OH;D1;+0:4] on molecule O=CO did not produce any reactants
2024-10-01 16:48:47,612 - DEBUG - Reaction CCOC(=O)[C@@H](Cc1cc(C)c(NC(=O)C(F)(F)F)c([N+](=O)[O-])c1)OC(=O)N1CCC(N2CCc3ccccc3NC2=O)CC1>>O=C(OC(=O)C(F)(F)F)C(F)(F)F.CCOC(=O)[C@@H](Cc1cc(C)c(N)c([N+](=O)[O-])c1)OC(=O)N1CCC(N2CCc3ccccc3NC2=O)CC1 was rejected because it re-generated molecule not in stock
2024-10-01 16:48:47,720 - DEBUG - retro reaction from template [C:2]-[NH;D2;+0:1]-[C;D1;H3:3]>>C-C(-C)(-C)-O-C(=O)-[N;H0;D3;+0:1](-[C:2])-[C;D1;H3:3] on molecule Cc1cc(C[C@@H](OC(=O)Cl)C(=O)N2CCC(C3CCNCC3)CC2)cc2nc[nH]c12 did not produce any reactants
2024-10-01 16:48:47,774 - DEBUG - retro reaction from template [C:2]-[NH;D2;+0:1]-[C;D1;H3:3]>>C-C(-C)(-C)-O-C(=O)-[N;H0;D3;+0:1](-[C:2])-[C;D1;H3:3] on molecule c1ccc(CN2CCC(C3CCNCC3)CC2)cc1 did not produce any reactants
2024-10-01 16:48:47,778 - DEBUG - retro reaction from template [C:2]-[C;H0;D3;+0:1](=[O;D1;H0:3])-[O;H0;D2;+0:8]-[C:7]-[C:5](=[O;D1;H0:4])-[O;D1;H1:6]>>Cl-[C;H0;D3;+0:1](-[C:2])=[O;D1;H0:3].[O;D1;H0:4]=[C:5](-[O;D1;H1:6])-[C:7]-[OH;D1;+0:8] on molecule Cc1cc(C[C@@H](OC(=O)Cl)C(=O)O)cc2nc[nH]c12 did not produce any reactants
2024-10-01 16:48:47,805 - DEBUG - retro reaction from template [C:2]-[NH;D2;+0:1]-[C;D1;H3:3]>>C-C(-C)(-C)-O-C(=O)-[N;H0;D3;+0:1](-[C:2])-[C;D1;H3:3] on molecule c1ccc(CN2CCC(C3CCNCC3)CC2)cc1 did not produce any reactants
2024-10-01 16:48:47,817 - DEBUG - retro reaction from template [C:2]-[CH;D3;+0:1](-[C;D1;H3:3])-[N;H0;D3;+0:5](-[C;D1;H3:4])-[C;D1;H3:6]>>O=[C;H0;D3;+0:1](-[C:2])-[C;D1;H3:3].[C;D1;H3:4]-[NH;D2;+0:5]-[C;D1;H3:6] on molecule Cc1cc(C[C@@H](OC(=O)N2CCC(N3CCc4ccccc4NC3=O)CC2)C(=O)N2CCC(C3CCN(S(C)(=O)=O)CC3)CC2)cc2nc[nH]c12 did not produce any reactants
2024-10-01 16:48:47,875 - DEBUG - retro reaction from template [C:2]-[NH;D2;+0:1]-[C;D1;H3:3]>>C-C(-C)(-C)-O-C(=O)-[N;H0;D3;+0:1](-[C:2])-[C;D1;H3:3] on molecule Cc1cc(C[C@@H](OC(=O)Oc2ccc([N+](=O)[O-])cc2)C(=O)N2CCC(C3CCNCC3)CC2)cc2nc[nH]c12 did not produce any reactants
2024-10-01 16:48:48,037 - DEBUG - retro reaction from template [C;D1;H3:3]-[N;H0;D3;+0:4](-[C;D1;H3:5])-[CH2;D2;+0:1]-[c:2]>>O=[CH;D2;+0:1]-[c:2].[C;D1;H3:3]-[NH;D2;+0:4]-[C;D1;H3:5] on molecule Cc1cc(C[C@@H](OC(=O)N2CCC(N3CCc4ccccc4NC3=O)CC2)C(=O)N2CCC(C3CCN(Cc4ccccc4)CC3)CC2)cc2ncn(C(=O)OC(C)(C)C)c12 did not produce any reactants
2024-10-01 16:48:48,070 - DEBUG - retro reaction from template [C:2]-[NH;D2;+0:1]-[C;D1;H3:3]>>C-C(-C)(-C)-O-C(=O)-[N;H0;D3;+0:1](-[C:2])-[C;D1;H3:3] on molecule c1ccc(CN2CCC(C3CCNCC3)CC2)cc1 did not produce any reactants
2024-10-01 16:48:48,099 - DEBUG - retro reaction from template [C:2]-[NH;D2;+0:1]-[C;D1;H3:3]>>C-C(-C)(-C)-O-C(=O)-[N;H0;D3;+0:1](-[C:2])-[C;D1;H3:3] on molecule c1ccc(CN2CCC(C3CCNCC3)CC2)cc1 did not produce any reactants
2024-10-01 16:48:48,104 - DEBUG - retro reaction from template [C:2]-[CH;D3;+0:1](-[C;D1;H3:3])-[N;H0;D3;+0:5](-[C;D1;H3:4])-[C;D1;H3:6]>>O=[C;H0;D3;+0:1](-[C:2])-[C;D1;H3:3].[C;D1;H3:4]-[NH;D2;+0:5]-[C;D1;H3:6] on molecule COC(=O)[C@@H](Cc1cc(C)c2c(c1)ncn2C(=O)OC(C)(C)C)OC(=O)N1CCC(N2CCc3ccccc3NC2=O)CC1 did not produce any reactants
2024-10-01 16:48:48,110 - DEBUG - retro reaction from template [c;H0;D3;+0:3]1:[c;H0;D3;+0:4]:[nH;D2;+0:5]:[cH;D2;+0:1]:[n;H0;D2;+0:2]:1>>O-[CH;D2;+0:1]=O.O=[N+;H0;D3:2](-[O-])-[c;H0;D3;+0:3]:[c;H0;D3;+0:4]-[NH2;D1;+0:5] on molecule COC(=O)[C@@H](Cc1cc(C)c2c(c1)ncn2C(=O)OC(C)(C)C)OC(=O)N1CCC(N2CCc3ccccc3NC2=O)CC1 did not produce any reactants
2024-10-01 16:48:48,130 - DEBUG - retro reaction from template [C:3]-[N;H0;D3;+0:4](-[C;D1;H3:5])-[CH2;D2;+0:1]-[c:2]>>Br-[CH2;D2;+0:1]-[c:2].[C:3]-[NH;D2;+0:4]-[C;D1;H3:5] on molecule c1ccc(CN2CCC(C3CCN(Cc4ccccc4)CC3)CC2)cc1 did not produce any reactants
2024-10-01 16:48:48,135 - DEBUG - retro reaction from template [C:2]-[CH;D3;+0:1](-[C;D1;H3:3])-[N;H0;D3;+0:5](-[C;D1;H3:4])-[C;D1;H3:6]>>O=[C;H0;D3;+0:1](-[C:2])-[C;D1;H3:3].[C;D1;H3:4]-[NH;D2;+0:5]-[C;D1;H3:6] on molecule COC(=O)[C@@H](Cc1cc(C)c2c(c1)ncn2C(=O)OC(C)(C)C)OC(=O)N1CCC(N2CCc3ccccc3NC2=O)CC1 did not produce any reactants
2024-10-01 16:48:48,140 - DEBUG - retro reaction from template [c;H0;D3;+0:3]1:[c;H0;D3;+0:4]:[nH;D2;+0:5]:[cH;D2;+0:1]:[n;H0;D2;+0:2]:1>>O-[CH;D2;+0:1]=O.O=[N+;H0;D3:2](-[O-])-[c;H0;D3;+0:3]:[c;H0;D3;+0:4]-[NH2;D1;+0:5] on molecule COC(=O)[C@@H](Cc1cc(C)c2c(c1)ncn2C(=O)OC(C)(C)C)OC(=O)N1CCC(N2CCc3ccccc3NC2=O)CC1 did not produce any reactants
2024-10-01 16:48:48,145 - DEBUG - retro reaction from template [C;D1;H3:3]-[N;H0;D3;+0:4](-[C;D1;H3:5])-[CH2;D2;+0:1]-[c:2]>>O=[CH;D2;+0:1]-[c:2].[C;D1;H3:3]-[NH;D2;+0:4]-[C;D1;H3:5] on molecule c1ccc(CN2CCC(C3CCN(Cc4ccccc4)CC3)CC2)cc1 did not produce any reactants
2024-10-01 16:48:48,149 - DEBUG - retro reaction from template [C;D1;H3:3]-[N;H0;D3;+0:4](-[C;D1;H3:5])-[CH2;D2;+0:1]-[c:2]>>Cl-[CH2;D2;+0:1]-[c:2].[C;D1;H3:3]-[NH;D2;+0:4]-[C;D1;H3:5] on molecule c1ccc(CN2CCC(C3CCN(Cc4ccccc4)CC3)CC2)cc1 did not produce any reactants
2024-10-01 16:48:48,169 - DEBUG - retro reaction from template [C:3]-[N;H0;D3;+0:4](-[C;D1;H3:5])-[CH2;D2;+0:1]-[c:2]>>Br-[CH2;D2;+0:1]-[c:2].[C:3]-[NH;D2;+0:4]-[C;D1;H3:5] on molecule c1ccc(CN2CCC(C3CCN(Cc4ccccc4)CC3)CC2)cc1 did not produce any reactants
2024-10-01 16:48:48,174 - DEBUG - retro reaction from template [C:2]-[CH;D3;+0:1](-[C;D1;H3:3])-[N;H0;D3;+0:5](-[C;D1;H3:4])-[C;D1;H3:6]>>O=[C;H0;D3;+0:1](-[C:2])-[C;D1;H3:3].[C;D1;H3:4]-[NH;D2;+0:5]-[C;D1;H3:6] on molecule COC(=O)[C@@H](Cc1cc(C)c2c(c1)ncn2C(=O)OC(C)(C)C)OC(=O)N1CCC(N2CCc3ccccc3NC2=O)CC1 did not produce any reactants
2024-10-01 16:48:48,179 - DEBUG - retro reaction from template [c;H0;D3;+0:3]1:[c;H0;D3;+0:4]:[nH;D2;+0:5]:[cH;D2;+0:1]:[n;H0;D2;+0:2]:1>>O-[CH;D2;+0:1]=O.O=[N+;H0;D3:2](-[O-])-[c;H0;D3;+0:3]:[c;H0;D3;+0:4]-[NH2;D1;+0:5] on molecule COC(=O)[C@@H](Cc1cc(C)c2c(c1)ncn2C(=O)OC(C)(C)C)OC(=O)N1CCC(N2CCc3ccccc3NC2=O)CC1 did not produce any reactants
2024-10-01 16:48:48,183 - DEBUG - retro reaction from template [C;D1;H3:3]-[N;H0;D3;+0:4](-[C;D1;H3:5])-[CH2;D2;+0:1]-[c:2]>>O=[CH;D2;+0:1]-[c:2].[C;D1;H3:3]-[NH;D2;+0:4]-[C;D1;H3:5] on molecule c1ccc(CN2CCC(C3CCN(Cc4ccccc4)CC3)CC2)cc1 did not produce any reactants
2024-10-01 16:48:48,188 - DEBUG - retro reaction from template [C;D1;H3:3]-[N;H0;D3;+0:4](-[C;D1;H3:5])-[CH2;D2;+0:1]-[c:2]>>Cl-[CH2;D2;+0:1]-[c:2].[C;D1;H3:3]-[NH;D2;+0:4]-[C;D1;H3:5] on molecule c1ccc(CN2CCC(C3CCN(Cc4ccccc4)CC3)CC2)cc1 did not produce any reactants
2024-10-01 16:48:48,193 - DEBUG - retro reaction from template [C:2]-[C;H0;D3;+0:1](=[O;D1;H0:3])-[NH;D2;+0:9]-[C:8]-[C:6](=[O;D1;H0:7])-[#8:5]-[C;D1;H3:4]>>O-[C;H0;D3;+0:1](-[C:2])=[O;D1;H0:3].[C;D1;H3:4]-[#8:5]-[C:6](=[O;D1;H0:7])-[C:8]-[NH2;D1;+0:9] on molecule COC(=O)[C@@H](Cc1cc(C)c2c(c1)ncn2C(=O)OC(C)(C)C)OC(=O)N1CCC(N2CCc3ccccc3NC2=O)CC1 did not produce any reactants
2024-10-01 16:48:48,200 - DEBUG - Reaction COC(=O)[C@@H](Cc1cc(C)c2c(c1)ncn2C(=O)OC(C)(C)C)OC(=O)N1CCC(N2CCc3ccccc3NC2=O)CC1>>Cc1cc(C[C@@H](OC(=O)N2CCC(N3CCc4ccccc4NC3=O)CC2)C(=O)O)cc2ncn(C(=O)OC(C)(C)C)c12.CO was rejected because it re-generated molecule not in stock
2024-10-01 16:48:48,215 - DEBUG - retro reaction from template [#7:2]-[CH2;D2;+0:1]-[C:3]>>O=[C;H0;D3;+0:1](-[#7:2])-[C:3] on molecule c1ccc(CN2CCC(C3CCN(Cc4ccccc4)CC3)CC2)cc1 was filtered out with prob 0.020521879196166992
2024-10-01 16:48:48,216 - DEBUG - retro reaction from template [#7:2]-[CH2;D2;+0:1]-[C:3]>>O=[C;H0;D3;+0:1](-[#7:2])-[C:3] on molecule c1ccc(CN2CCC(C3CCN(Cc4ccccc4)CC3)CC2)cc1 was filtered out with prob 0.020521879196166992
2024-10-01 16:48:48,217 - DEBUG - retro reaction from template [#7:2]-[CH2;D2;+0:1]-[C:3]>>O=[C;H0;D3;+0:1](-[#7:2])-[C:3] on molecule c1ccc(CN2CCC(C3CCN(Cc4ccccc4)CC3)CC2)cc1 was filtered out with prob 0.020521879196166992
2024-10-01 16:48:48,218 - DEBUG - retro reaction from template [#7:2]-[CH2;D2;+0:1]-[C:3]>>O=[C;H0;D3;+0:1](-[#7:2])-[C:3] on molecule c1ccc(CN2CCC(C3CCN(Cc4ccccc4)CC3)CC2)cc1 was filtered out with prob 0.020521879196166992
2024-10-01 16:48:48,224 - DEBUG - retro reaction from template [#7:4]-[C:5](=[O;D1;H0:6])-[C:7]-[NH;D2;+0:8]-[C;H0;D3;+0:1](-[C:2])=[O;D1;H0:3]>>O-[C;H0;D3;+0:1](-[C:2])=[O;D1;H0:3].[#7:4]-[C:5](=[O;D1;H0:6])-[C:7]-[NH2;D1;+0:8] on molecule COC(=O)[C@@H](Cc1cc(C)c2c(c1)ncn2C(=O)OC(C)(C)C)OC(=O)N1CCC(N2CCc3ccccc3NC2=O)CC1 did not produce any reactants
2024-10-01 16:48:48,228 - DEBUG - retro reaction from template [C:5]-[NH;D2;+0:6]-[S;H0;D4;+0:1](-[C;D1;H3:2])(=[O;D1;H0:3])=[O;D1;H0:4]>>Cl-[S;H0;D4;+0:1](-[C;D1;H3:2])(=[O;D1;H0:3])=[O;D1;H0:4].[C:5]-[NH2;D1;+0:6] on molecule CS(=O)(=O)O did not produce any reactants
2024-10-01 16:48:48,342 - DEBUG - retro reaction from template [C;D1;H3:3]-[N;H0;D3;+0:4](-[C;D1;H3:5])-[CH2;D2;+0:1]-[c:2]>>O=[CH;D2;+0:1]-[c:2].[C;D1;H3:3]-[NH;D2;+0:4]-[C;D1;H3:5] on molecule Cc1cc(C[C@@H](OC(=O)N2CCC(N3CCc4ccccc4NC3=O)CC2)C(=O)N2CCC(C3CCN(Cc4ccccc4)CC3)CC2)cc([N+](=O)[O-])c1N did not produce any reactants
2024-10-01 16:48:48,347 - DEBUG - retro reaction from template [C:3]-[N;H0;D3;+0:4](-[C;D1;H3:5])-[CH2;D2;+0:1]-[c:2]>>Br-[CH2;D2;+0:1]-[c:2].[C:3]-[NH;D2;+0:4]-[C;D1;H3:5] on molecule Cc1cc(C[C@@H](OC(=O)N2CCC(N3CCc4ccccc4NC3=O)CC2)C(=O)N2CCC(C3CCN(Cc4ccccc4)CC3)CC2)cc([N+](=O)[O-])c1N did not produce any reactants
2024-10-01 16:48:48,365 - DEBUG - retro reaction from template [C;D1;H3:3]-[N;H0;D3;+0:4](-[C;D1;H3:5])-[CH2;D2;+0:1]-[c:2]>>O=[CH;D2;+0:1]-[c:2].[C;D1;H3:3]-[NH;D2;+0:4]-[C;D1;H3:5] on molecule Cc1cc(C[C@@H](OC(=O)N2CCC(N3CCc4ccccc4NC3=O)CC2)C(=O)N2CCC(C3CCN(Cc4ccccc4)CC3)CC2)cc([N+](=O)[O-])c1N did not produce any reactants
2024-10-01 16:48:48,370 - DEBUG - retro reaction from template [C:3]-[N;H0;D3;+0:4](-[C;D1;H3:5])-[CH2;D2;+0:1]-[c:2]>>Br-[CH2;D2;+0:1]-[c:2].[C:3]-[NH;D2;+0:4]-[C;D1;H3:5] on molecule Cc1cc(C[C@@H](OC(=O)N2CCC(N3CCc4ccccc4NC3=O)CC2)C(=O)N2CCC(C3CCN(Cc4ccccc4)CC3)CC2)cc([N+](=O)[O-])c1N did not produce any reactants
2024-10-01 16:48:48,396 - DEBUG - retro reaction from template [C:2]-[NH;D2;+0:1]-[C;D1;H3:3]>>C-C(-C)(-C)-O-C(=O)-[N;H0;D3;+0:1](-[C:2])-[C;D1;H3:3] on molecule c1ccc(CN2CCC(C3CCNCC3)CC2)cc1 did not produce any reactants
2024-10-01 16:48:48,409 - DEBUG - retro reaction from template [C;D1;H3:2]-[S;H0;D4;+0:1](=[O;D1;H0:3])(=[O;D1;H0:4])-[n;H0;D3;+0:7]1:[c:6]:[#7;a:5]:[c:9]:[c:8]:1>>Cl-[S;H0;D4;+0:1](-[C;D1;H3:2])(=[O;D1;H0:3])=[O;D1;H0:4].[#7;a:5]1:[c:6]:[nH;D2;+0:7]:[c:8]:[c:9]:1 on molecule Cc1cc(C[C@@H](OC(=O)N2CCC(N3CCc4ccccc4NC3=O)CC2)C(=O)N2CCC(C3CCN(S(C)(=O)=O)CC3)CC2)cc2nc[nH]c12 did not produce any reactants
2024-10-01 16:48:48,415 - DEBUG - retro reaction from template [C:5]-[N;H0;D3;+0:6](-[C:7]-[c:8]1:[c:9]:[c:10]:[c:11]:[c:12]:[c:13]:1)-[S;H0;D4;+0:1](-[C;D1;H3:2])(=[O;D1;H0:3])=[O;D1;H0:4]>>Cl-[S;H0;D4;+0:1](-[C;D1;H3:2])(=[O;D1;H0:3])=[O;D1;H0:4].[C:5]-[NH;D2;+0:6]-[C:7]-[c:8]1:[c:9]:[c:10]:[c:11]:[c:12]:[c:13]:1 on molecule Cc1cc(C[C@@H](OC(=O)N2CCC(N3CCc4ccccc4NC3=O)CC2)C(=O)N2CCC(C3CCN(S(C)(=O)=O)CC3)CC2)cc2nc[nH]c12 did not produce any reactants
2024-10-01 16:48:48,420 - DEBUG - retro reaction from template [C:2]-[C;H0;D3;+0:1](=[O;D1;H0:3])-[N;H0;D3;+0:5](-[C;D1;H3:4])-[C;D1;H3:6]>>Cl-[C;H0;D3;+0:1](-[C:2])=[O;D1;H0:3].[C;D1;H3:4]-[NH;D2;+0:5]-[C;D1;H3:6] on molecule Cc1cc(C[C@@H](OC(=O)N2CCC(N3CCc4ccccc4NC3=O)CC2)C(=O)N2CCC(C3CCN(S(C)(=O)=O)CC3)CC2)cc2nc[nH]c12 did not produce any reactants
2024-10-01 16:48:48,425 - DEBUG - retro reaction from template [C:1]-[NH;D2;+0:2]-[C:3]>>[C:1]-[N;H0;D3;+0:2](-[C:3])-C-c1:c:c:c:c:c:1 on molecule Cc1cc(C[C@@H](OC(=O)N2CCC(N3CCc4ccccc4NC3=O)CC2)C(=O)N2CCC(C3CCN(S(C)(=O)=O)CC3)CC2)cc2nc[nH]c12 did not produce any reactants
2024-10-01 16:48:48,430 - DEBUG - retro reaction from template [O;D1;H0:1]=[C;H0;D3;+0:2]1-[CH2;D2;+0:3]-[CH2;D2;+0:4]-[c:5]:[c:6]-[NH;D2;+0:7]-1>>[O;D1;H0:1]=[c;H0;D3;+0:2]1:[cH;D2;+0:3]:[cH;D2;+0:4]:[c:5]:[c:6]:[nH;D2;+0:7]:1 on molecule Cc1cc(C[C@@H](OC(=O)N2CCC(N3CCc4ccccc4NC3=O)CC2)C(=O)N2CCC(C3CCN(S(C)(=O)=O)CC3)CC2)cc2nc[nH]c12 did not produce any reactants
2024-10-01 16:48:48,435 - DEBUG - retro reaction from template [C:4]-[C;H0;D4;+0:5](-[OH;D1;+0:6])(-[c:7])-[c;H0;D3;+0:1](:[c:2]):[c:3]>>Br-[Mg]-[c;H0;D3;+0:1](:[c:2]):[c:3].[C:4]-[C;H0;D3;+0:5](=[O;H0;D1;+0:6])-[c:7] on molecule Cc1cc(C[C@@H](OC(=O)N2CCC(N3CCc4ccccc4NC3=O)CC2)C(=O)N2CCC(C3CCN(S(C)(=O)=O)CC3)CC2)cc2nc[nH]c12 did not produce any reactants
2024-10-01 16:48:48,440 - DEBUG - retro reaction from template [OH;D1;+0:2]-[c:1]>>[c:1]-[O;H0;D2;+0:2]-C-c1:c:c:c:c:c:1 on molecule Cc1cc(C[C@@H](OC(=O)N2CCC(N3CCc4ccccc4NC3=O)CC2)C(=O)N2CCC(C3CCN(S(C)(=O)=O)CC3)CC2)cc2nc[nH]c12 did not produce any reactants
2024-10-01 16:48:48,444 - DEBUG - retro reaction from template [C:2]-[OH;D1;+0:1]>>C-C(-C)(-C)-[Si](-C)(-C)-[O;H0;D2;+0:1]-[C:2] on molecule Cc1cc(C[C@@H](OC(=O)N2CCC(N3CCc4ccccc4NC3=O)CC2)C(=O)N2CCC(C3CCN(S(C)(=O)=O)CC3)CC2)cc2nc[nH]c12 did not produce any reactants
2024-10-01 16:48:48,449 - DEBUG - retro reaction from template [C:2]-[S;H0;D4;+0:1](=[O;D1;H0:3])(=[O;D1;H0:4])-[O;H0;D2;+0:6]-[C;D1;H3:5]>>O-[S;H0;D4;+0:1](-[C:2])(=[O;D1;H0:3])=[O;D1;H0:4].[C;D1;H3:5]-[OH;D1;+0:6] on molecule Cc1cc(C[C@@H](OC(=O)N2CCC(N3CCc4ccccc4NC3=O)CC2)C(=O)N2CCC(C3CCN(S(C)(=O)=O)CC3)CC2)cc2nc[nH]c12 did not produce any reactants
2024-10-01 16:48:48,454 - DEBUG - retro reaction from template [C:2]-[CH2;D2;+0:1]-[N;H0;D3;+0:4](-[C;D1;H3:3])-[C;D1;H3:5]>>O=[CH;D2;+0:1]-[C:2].[C;D1;H3:3]-[NH;D2;+0:4]-[C;D1;H3:5] on molecule Cc1cc(C[C@@H](OC(=O)N2CCC(N3CCc4ccccc4NC3=O)CC2)C(=O)N2CCC(C3CCN(S(C)(=O)=O)CC3)CC2)cc2nc[nH]c12 did not produce any reactants
2024-10-01 16:48:48,459 - DEBUG - retro reaction from template [#7:5]-[C:6](=[O;D1;H0:7])-[C:8]-[NH;D2;+0:9]-[S;H0;D4;+0:1](-[C:2])(=[O;D1;H0:3])=[O;D1;H0:4]>>Cl-[S;H0;D4;+0:1](-[C:2])(=[O;D1;H0:3])=[O;D1;H0:4].[#7:5]-[C:6](=[O;D1;H0:7])-[C:8]-[NH2;D1;+0:9] on molecule Cc1cc(C[C@@H](OC(=O)N2CCC(N3CCc4ccccc4NC3=O)CC2)C(=O)N2CCC(C3CCN(S(C)(=O)=O)CC3)CC2)cc2nc[nH]c12 did not produce any reactants
2024-10-01 16:48:48,465 - DEBUG - retro reaction from template [C:2]-[C;H0;D3;+0:1](=[O;D1;H0:3])-[O;H0;D2;+0:5]-[C;D1;H3:4]>>O-[C;H0;D3;+0:1](-[C:2])=[O;D1;H0:3].[C;D1;H3:4]-[OH;D1;+0:5] on molecule Cc1cc(C[C@@H](OC(=O)N2CCC(N3CCc4ccccc4NC3=O)CC2)C(=O)N2CCC(C3CCN(S(C)(=O)=O)CC3)CC2)cc2nc[nH]c12 did not produce any reactants
2024-10-01 16:48:49,469 - DEBUG - retro reaction from template [C:1]-[OH;D1;+0:2]>>[C:1]-[O;H0;D2;+0:2]-C-c1:c:c:c:c:c:1 on molecule Cc1cc(C[C@@H](OC(=O)N2CCC(N3CCc4ccccc4NC3=O)CC2)C(=O)N2CCC(C3CCN(S(C)(=O)=O)CC3)CC2)cc2nc[nH]c12 did not produce any reactants
2024-10-01 16:48:49,570 - DEBUG - retro reaction from template [C:1]-[CH;D2;+0:2]=[O;H0;D1;+0:3]>>[C:1]-[CH2;D2;+0:2]-[OH;D1;+0:3] on molecule O=CO did not produce any reactants
2024-10-01 16:48:49,600 - DEBUG - retro reaction from template [C;D1;H3:3]-[N;H0;D3;+0:4](-[C;D1;H3:5])-[CH2;D2;+0:1]-[c:2]>>O=[CH;D2;+0:1]-[c:2].[C;D1;H3:3]-[NH;D2;+0:4]-[C;D1;H3:5] on molecule Cc1cc(C[C@@H](OC(=O)N2CCC(N3CCc4ccccc4NC3=O)CC2)C(=O)N2CCC(C3CCN(Cc4ccccc4)CC3)CC2)cc([N+](=O)[O-])c1[N+](=O)[O-] did not produce any reactants
2024-10-01 16:48:49,605 - DEBUG - retro reaction from template [C:3]-[N;H0;D3;+0:4](-[C;D1;H3:5])-[CH2;D2;+0:1]-[c:2]>>Br-[CH2;D2;+0:1]-[c:2].[C:3]-[NH;D2;+0:4]-[C;D1;H3:5] on molecule Cc1cc(C[C@@H](OC(=O)N2CCC(N3CCc4ccccc4NC3=O)CC2)C(=O)N2CCC(C3CCN(Cc4ccccc4)CC3)CC2)cc([N+](=O)[O-])c1[N+](=O)[O-] did not produce any reactants
2024-10-01 16:48:49,608 - DEBUG - retro reaction from template [C:1]-[CH;D2;+0:2]=[O;H0;D1;+0:3]>>[C:1]-[CH2;D2;+0:2]-[OH;D1;+0:3] on molecule O=CO did not produce any reactants
2024-10-01 16:48:49,627 - DEBUG - retro reaction from template [C:2]-[S;H0;D4;+0:1](=[O;D1;H0:3])(=[O;D1;H0:4])-[O;H0;D2;+0:6]-[C:5]>>Cl-[S;H0;D4;+0:1](-[C:2])(=[O;D1;H0:3])=[O;D1;H0:4].[C:5]-[OH;D1;+0:6] on molecule Cc1cc(C[C@@H](OC(=O)N2CCC(N3CCc4ccccc4NC3=O)CC2)C(=O)N2CCC(C3CCN(S(C)(=O)=O)CC3)CC2)cc2nc[nH]c12 did not produce any reactants
2024-10-01 16:48:49,633 - DEBUG - retro reaction from template [#7:5]-[C:6](=[O;D1;H0:7])-[C:8]-[O;H0;D2;+0:9]-[S;H0;D4;+0:1](-[C;D1;H3:2])(=[O;D1;H0:3])=[O;D1;H0:4]>>Cl-[S;H0;D4;+0:1](-[C;D1;H3:2])(=[O;D1;H0:3])=[O;D1;H0:4].[#7:5]-[C:6](=[O;D1;H0:7])-[C:8]-[OH;D1;+0:9] on molecule Cc1cc(C[C@@H](OC(=O)N2CCC(N3CCc4ccccc4NC3=O)CC2)C(=O)N2CCC(C3CCN(S(C)(=O)=O)CC3)CC2)cc2nc[nH]c12 did not produce any reactants
2024-10-01 16:48:49,744 - DEBUG - retro reaction from template [C;D1;H3:3]-[N;H0;D3;+0:4](-[C;D1;H3:5])-[CH2;D2;+0:1]-[c:2]>>O=[CH;D2;+0:1]-[c:2].[C;D1;H3:3]-[NH;D2;+0:4]-[C;D1;H3:5] on molecule Cc1cc(C[C@@H](OC(=O)N2CCC(N3CCc4ccccc4NC3=O)CC2)C(=O)N2CCC(C3CCN(Cc4ccccc4)CC3)CC2)cc([N+](=O)[O-])c1[N+](=O)[O-] did not produce any reactants
2024-10-01 16:48:49,749 - DEBUG - retro reaction from template [C:3]-[N;H0;D3;+0:4](-[C;D1;H3:5])-[CH2;D2;+0:1]-[c:2]>>Br-[CH2;D2;+0:1]-[c:2].[C:3]-[NH;D2;+0:4]-[C;D1;H3:5] on molecule Cc1cc(C[C@@H](OC(=O)N2CCC(N3CCc4ccccc4NC3=O)CC2)C(=O)N2CCC(C3CCN(Cc4ccccc4)CC3)CC2)cc([N+](=O)[O-])c1[N+](=O)[O-] did not produce any reactants
2024-10-01 16:48:49,767 - DEBUG - retro reaction from template [C:3]-[C:2]-[OH;D1;+0:1]>>C-C(=O)-[O;H0;D2;+0:1]-[C:2]-[C:3] on molecule Cc1cc(C[C@@H](OC(=O)N2CCC(N3CCc4ccccc4NC3=O)CC2)C(=O)N2CCC(C3CCN(S(C)(=O)=O)CC3)CC2)cc2nc[nH]c12 did not produce any reactants
2024-10-01 16:48:49,852 - DEBUG - retro reaction from template [C:3]-[C:2](=[O;D1;H0:4])-[OH;D1;+0:1]>>C-C-[O;H0;D2;+0:1]-[C:2](-[C:3])=[O;D1;H0:4] on molecule Cc1cc(C[C@@H](OC(=O)N2CCC(N3CCc4ccccc4NC3=O)CC2)C(=O)N2CCC(C3CCN(Cc4ccccc4)CC3)CC2)cc2ncn(COCC[Si](C)(C)C)c12 did not produce any reactants
2024-10-01 16:48:49,858 - DEBUG - retro reaction from template [C;D1;H3:3]-[N;H0;D3;+0:4](-[C;D1;H3:5])-[CH2;D2;+0:1]-[c:2]>>O=[CH;D2;+0:1]-[c:2].[C;D1;H3:3]-[NH;D2;+0:4]-[C;D1;H3:5] on molecule Cc1cc(C[C@@H](OC(=O)N2CCC(N3CCc4ccccc4NC3=O)CC2)C(=O)N2CCC(C3CCN(Cc4ccccc4)CC3)CC2)cc2ncn(COCC[Si](C)(C)C)c12 did not produce any reactants
2024-10-01 16:48:49,863 - DEBUG - retro reaction from template [C:3]-[C:2](=[O;D1;H0:4])-[OH;D1;+0:1]>>C-[O;H0;D2;+0:1]-[C:2](-[C:3])=[O;D1;H0:4] on molecule Cc1cc(C[C@@H](OC(=O)N2CCC(N3CCc4ccccc4NC3=O)CC2)C(=O)N2CCC(C3CCN(Cc4ccccc4)CC3)CC2)cc2ncn(COCC[Si](C)(C)C)c12 did not produce any reactants
2024-10-01 16:48:49,895 - DEBUG - retro reaction from template [C:2]-[NH;D2;+0:1]-[C;D1;H3:3]>>C-C(-C)(-C)-O-C(=O)-[N;H0;D3;+0:1](-[C:2])-[C;D1;H3:3] on molecule c1ccc(CN2CCC(C3CCNCC3)CC2)cc1 did not produce any reactants
2024-10-01 16:48:49,924 - DEBUG - retro reaction from template [C:2]-[NH;D2;+0:1]-[C;D1;H3:3]>>C-C(-C)(-C)-O-C(=O)-[N;H0;D3;+0:1](-[C:2])-[C;D1;H3:3] on molecule c1ccc(CN2CCC(C3CCNCC3)CC2)cc1 did not produce any reactants
2024-10-01 16:48:49,931 - DEBUG - Reaction COC(=O)[C@@H](Cc1cc(C)c2c(c1)ncn2COCC[Si](C)(C)C)OC(=O)N1CCC(N2CCc3ccccc3NC2=O)CC1>>Cc1cc(C[C@@H](OC(=O)N2CCC(N3CCc4ccccc4NC3=O)CC2)C(=O)O)cc2ncn(COCC[Si](C)(C)C)c12.CO was rejected because it re-generated molecule not in stock
2024-10-01 16:48:49,936 - DEBUG - retro reaction from template [c;H0;D3;+0:3]1:[c;H0;D3;+0:4]:[nH;D2;+0:5]:[cH;D2;+0:1]:[n;H0;D2;+0:2]:1>>O-[CH;D2;+0:1]=O.O=[N+;H0;D3:2](-[O-])-[c;H0;D3;+0:3]:[c;H0;D3;+0:4]-[NH2;D1;+0:5] on molecule COC(=O)[C@@H](Cc1cc(C)c2c(c1)ncn2COCC[Si](C)(C)C)OC(=O)N1CCC(N2CCc3ccccc3NC2=O)CC1 did not produce any reactants
2024-10-01 16:48:49,958 - DEBUG - retro reaction from template [C:3]-[N;H0;D3;+0:4](-[C;D1;H3:5])-[CH2;D2;+0:1]-[c:2]>>Br-[CH2;D2;+0:1]-[c:2].[C:3]-[NH;D2;+0:4]-[C;D1;H3:5] on molecule c1ccc(CN2CCC(C3CCN(Cc4ccccc4)CC3)CC2)cc1 did not produce any reactants
2024-10-01 16:48:49,963 - DEBUG - retro reaction from template [C;D1;H3:3]-[N;H0;D3;+0:4](-[C;D1;H3:5])-[CH2;D2;+0:1]-[c:2]>>O=[CH;D2;+0:1]-[c:2].[C;D1;H3:3]-[NH;D2;+0:4]-[C;D1;H3:5] on molecule c1ccc(CN2CCC(C3CCN(Cc4ccccc4)CC3)CC2)cc1 did not produce any reactants
2024-10-01 16:48:49,971 - DEBUG - Reaction COC(=O)[C@@H](Cc1cc(C)c2c(c1)ncn2COCC[Si](C)(C)C)OC(=O)N1CCC(N2CCc3ccccc3NC2=O)CC1>>Cc1cc(C[C@@H](OC(=O)N2CCC(N3CCc4ccccc4NC3=O)CC2)C(=O)O)cc2ncn(COCC[Si](C)(C)C)c12.CO was rejected because it re-generated molecule not in stock
2024-10-01 16:48:49,975 - DEBUG - retro reaction from template [C;D1;H3:3]-[N;H0;D3;+0:4](-[C;D1;H3:5])-[CH2;D2;+0:1]-[c:2]>>Cl-[CH2;D2;+0:1]-[c:2].[C;D1;H3:3]-[NH;D2;+0:4]-[C;D1;H3:5] on molecule c1ccc(CN2CCC(C3CCN(Cc4ccccc4)CC3)CC2)cc1 did not produce any reactants
2024-10-01 16:48:49,980 - DEBUG - retro reaction from template [c;H0;D3;+0:3]1:[c;H0;D3;+0:4]:[nH;D2;+0:5]:[cH;D2;+0:1]:[n;H0;D2;+0:2]:1>>O-[CH;D2;+0:1]=O.O=[N+;H0;D3:2](-[O-])-[c;H0;D3;+0:3]:[c;H0;D3;+0:4]-[NH2;D1;+0:5] on molecule COC(=O)[C@@H](Cc1cc(C)c2c(c1)ncn2COCC[Si](C)(C)C)OC(=O)N1CCC(N2CCc3ccccc3NC2=O)CC1 did not produce any reactants
2024-10-01 16:48:49,996 - DEBUG - retro reaction from template [C;D1;H3:2]-[S;H0;D4;+0:1](=[O;D1;H0:3])(=[O;D1;H0:4])-[NH;D2;+0:5]-[c:6]>>Cl-[S;H0;D4;+0:1](-[C;D1;H3:2])(=[O;D1;H0:3])=[O;D1;H0:4].[NH2;D1;+0:5]-[c:6] on molecule Cc1cc(C[C@@H](OC(=O)N2CCC(N3CCc4ccccc4NC3=O)CC2)C(=O)N2CCC(C3CCN(S(C)(=O)=O)CC3)CC2)cc2nc[nH]c12 did not produce any reactants
2024-10-01 16:48:50,001 - DEBUG - retro reaction from template [#7:4]-[C:5](=[O;D1;H0:6])-[C:7]-[NH;D2;+0:8]-[C;H0;D3;+0:1](=[O;D1;H0:2])-[c:3]>>O-[C;H0;D3;+0:1](=[O;D1;H0:2])-[c:3].[#7:4]-[C:5](=[O;D1;H0:6])-[C:7]-[NH2;D1;+0:8] on molecule Cc1cc(C[C@@H](OC(=O)N2CCC(N3CCc4ccccc4NC3=O)CC2)C(=O)N2CCC(C3CCN(S(C)(=O)=O)CC3)CC2)cc2nc[nH]c12 did not produce any reactants
2024-10-01 16:48:50,006 - DEBUG - retro reaction from template [C:1]-[CH;D3;+0:2](-[C:3])-[OH;D1;+0:4]>>[C:1]-[C;H0;D3;+0:2](-[C:3])=[O;H0;D1;+0:4] on molecule Cc1cc(C[C@@H](OC(=O)N2CCC(N3CCc4ccccc4NC3=O)CC2)C(=O)N2CCC(C3CCN(S(C)(=O)=O)CC3)CC2)cc2nc[nH]c12 did not produce any reactants
2024-10-01 16:48:50,065 - DEBUG - retro reaction from template [C:3]-[C:2](=[O;D1;H0:4])-[OH;D1;+0:1]>>C-C-[O;H0;D2;+0:1]-[C:2](-[C:3])=[O;D1;H0:4] on molecule Cc1cc(C[C@@H](OC(=O)N2CCC(N3CCc4ccccc4NC3=O)CC2)C(=O)N2CCC(C3CCN(Cc4ccccc4)CC3)CC2)cc2ncn(COCC[Si](C)(C)C)c12 did not produce any reactants
2024-10-01 16:48:50,071 - DEBUG - retro reaction from template [C;D1;H3:3]-[N;H0;D3;+0:4](-[C;D1;H3:5])-[CH2;D2;+0:1]-[c:2]>>O=[CH;D2;+0:1]-[c:2].[C;D1;H3:3]-[NH;D2;+0:4]-[C;D1;H3:5] on molecule Cc1cc(C[C@@H](OC(=O)N2CCC(N3CCc4ccccc4NC3=O)CC2)C(=O)N2CCC(C3CCN(Cc4ccccc4)CC3)CC2)cc2ncn(COCC[Si](C)(C)C)c12 did not produce any reactants
2024-10-01 16:48:50,076 - DEBUG - retro reaction from template [C:3]-[C:2](=[O;D1;H0:4])-[OH;D1;+0:1]>>C-[O;H0;D2;+0:1]-[C:2](-[C:3])=[O;D1;H0:4] on molecule Cc1cc(C[C@@H](OC(=O)N2CCC(N3CCc4ccccc4NC3=O)CC2)C(=O)N2CCC(C3CCN(Cc4ccccc4)CC3)CC2)cc2ncn(COCC[Si](C)(C)C)c12 did not produce any reactants
2024-10-01 16:48:50,100 - DEBUG - retro reaction from template [C:2]-[NH;D2;+0:1]-[C;D1;H3:3]>>C-C(-C)(-C)-O-C(=O)-[N;H0;D3;+0:1](-[C:2])-[C;D1;H3:3] on molecule c1ccc(CN2CCC(C3CCNCC3)CC2)cc1 did not produce any reactants
2024-10-01 16:48:50,121 - DEBUG - retro reaction from template [C:2]-[NH;D2;+0:1]-[C;D1;H3:3]>>C-C(-C)(-C)-O-C(=O)-[N;H0;D3;+0:1](-[C:2])-[C;D1;H3:3] on molecule c1ccc(CN2CCC(C3CCNCC3)CC2)cc1 did not produce any reactants
2024-10-01 16:48:50,128 - DEBUG - Reaction COC(=O)[C@@H](Cc1cc(C)c2c(c1)ncn2COCC[Si](C)(C)C)OC(=O)N1CCC(N2CCc3ccccc3NC2=O)CC1>>Cc1cc(C[C@@H](OC(=O)N2CCC(N3CCc4ccccc4NC3=O)CC2)C(=O)O)cc2ncn(COCC[Si](C)(C)C)c12.CO was rejected because it re-generated molecule not in stock
2024-10-01 16:48:50,133 - DEBUG - retro reaction from template [c;H0;D3;+0:3]1:[c;H0;D3;+0:4]:[nH;D2;+0:5]:[cH;D2;+0:1]:[n;H0;D2;+0:2]:1>>O-[CH;D2;+0:1]=O.O=[N+;H0;D3:2](-[O-])-[c;H0;D3;+0:3]:[c;H0;D3;+0:4]-[NH2;D1;+0:5] on molecule COC(=O)[C@@H](Cc1cc(C)c2c(c1)ncn2COCC[Si](C)(C)C)OC(=O)N1CCC(N2CCc3ccccc3NC2=O)CC1 did not produce any reactants
2024-10-01 16:48:50,154 - DEBUG - retro reaction from template [C:3]-[N;H0;D3;+0:4](-[C;D1;H3:5])-[CH2;D2;+0:1]-[c:2]>>Br-[CH2;D2;+0:1]-[c:2].[C:3]-[NH;D2;+0:4]-[C;D1;H3:5] on molecule c1ccc(CN2CCC(C3CCN(Cc4ccccc4)CC3)CC2)cc1 did not produce any reactants
2024-10-01 16:48:50,158 - DEBUG - retro reaction from template [C;D1;H3:3]-[N;H0;D3;+0:4](-[C;D1;H3:5])-[CH2;D2;+0:1]-[c:2]>>O=[CH;D2;+0:1]-[c:2].[C;D1;H3:3]-[NH;D2;+0:4]-[C;D1;H3:5] on molecule c1ccc(CN2CCC(C3CCN(Cc4ccccc4)CC3)CC2)cc1 did not produce any reactants
2024-10-01 16:48:50,166 - DEBUG - Reaction COC(=O)[C@@H](Cc1cc(C)c2c(c1)ncn2COCC[Si](C)(C)C)OC(=O)N1CCC(N2CCc3ccccc3NC2=O)CC1>>Cc1cc(C[C@@H](OC(=O)N2CCC(N3CCc4ccccc4NC3=O)CC2)C(=O)O)cc2ncn(COCC[Si](C)(C)C)c12.CO was rejected because it re-generated molecule not in stock
2024-10-01 16:48:50,170 - DEBUG - retro reaction from template [C;D1;H3:3]-[N;H0;D3;+0:4](-[C;D1;H3:5])-[CH2;D2;+0:1]-[c:2]>>Cl-[CH2;D2;+0:1]-[c:2].[C;D1;H3:3]-[NH;D2;+0:4]-[C;D1;H3:5] on molecule c1ccc(CN2CCC(C3CCN(Cc4ccccc4)CC3)CC2)cc1 did not produce any reactants
2024-10-01 16:48:50,176 - DEBUG - retro reaction from template [c;H0;D3;+0:3]1:[c;H0;D3;+0:4]:[nH;D2;+0:5]:[cH;D2;+0:1]:[n;H0;D2;+0:2]:1>>O-[CH;D2;+0:1]=O.O=[N+;H0;D3:2](-[O-])-[c;H0;D3;+0:3]:[c;H0;D3;+0:4]-[NH2;D1;+0:5] on molecule COC(=O)[C@@H](Cc1cc(C)c2c(c1)ncn2COCC[Si](C)(C)C)OC(=O)N1CCC(N2CCc3ccccc3NC2=O)CC1 did not produce any reactants
2024-10-01 16:48:50,193 - DEBUG - retro reaction from template [C:4]-[NH;D2;+0:5]-[C;H0;D3;+0:1](-[C:2])=[O;D1;H0:3]>>O-[C;H0;D3;+0:1](-[C:2])=[O;D1;H0:3].[C:4]-[NH2;D1;+0:5] on molecule Cc1cc(C[C@@H](OC(=O)N2CCC(N3CCc4ccccc4NC3=O)CC2)C(=O)N2CCC(C3CCN(S(C)(=O)=O)CC3)CC2)cc2nc[nH]c12 did not produce any reactants
2024-10-01 16:48:50,254 - DEBUG - retro reaction from template [C;D1;H3:3]-[N;H0;D3;+0:4](-[C;D1;H3:5])-[CH2;D2;+0:1]-[c:2]>>O=[CH;D2;+0:1]-[c:2].[C;D1;H3:3]-[NH;D2;+0:4]-[C;D1;H3:5] on molecule Cc1cc(C[C@@H](OC(=O)N2CCC(N3CCc4ccccc4NC3=O)CC2)C(=O)N2CCC(C3CCN(Cc4ccccc4)CC3)CC2)cc2ncn(C(=O)OC(C)(C)C)c12 did not produce any reactants
2024-10-01 16:48:50,280 - DEBUG - retro reaction from template [C:2]-[NH;D2;+0:1]-[C;D1;H3:3]>>C-C(-C)(-C)-O-C(=O)-[N;H0;D3;+0:1](-[C:2])-[C;D1;H3:3] on molecule c1ccc(CN2CCC(C3CCNCC3)CC2)cc1 did not produce any reactants
2024-10-01 16:48:50,301 - DEBUG - retro reaction from template [C:2]-[NH;D2;+0:1]-[C;D1;H3:3]>>C-C(-C)(-C)-O-C(=O)-[N;H0;D3;+0:1](-[C:2])-[C;D1;H3:3] on molecule c1ccc(CN2CCC(C3CCNCC3)CC2)cc1 did not produce any reactants
2024-10-01 16:48:50,306 - DEBUG - retro reaction from template [C:2]-[CH;D3;+0:1](-[C;D1;H3:3])-[N;H0;D3;+0:5](-[C;D1;H3:4])-[C;D1;H3:6]>>O=[C;H0;D3;+0:1](-[C:2])-[C;D1;H3:3].[C;D1;H3:4]-[NH;D2;+0:5]-[C;D1;H3:6] on molecule COC(=O)[C@@H](Cc1cc(C)c2c(c1)ncn2C(=O)OC(C)(C)C)OC(=O)N1CCC(N2CCc3ccccc3NC2=O)CC1 did not produce any reactants
2024-10-01 16:48:50,311 - DEBUG - retro reaction from template [c;H0;D3;+0:3]1:[c;H0;D3;+0:4]:[nH;D2;+0:5]:[cH;D2;+0:1]:[n;H0;D2;+0:2]:1>>O-[CH;D2;+0:1]=O.O=[N+;H0;D3:2](-[O-])-[c;H0;D3;+0:3]:[c;H0;D3;+0:4]-[NH2;D1;+0:5] on molecule COC(=O)[C@@H](Cc1cc(C)c2c(c1)ncn2C(=O)OC(C)(C)C)OC(=O)N1CCC(N2CCc3ccccc3NC2=O)CC1 did not produce any reactants
2024-10-01 16:48:50,332 - DEBUG - retro reaction from template [C:3]-[N;H0;D3;+0:4](-[C;D1;H3:5])-[CH2;D2;+0:1]-[c:2]>>Br-[CH2;D2;+0:1]-[c:2].[C:3]-[NH;D2;+0:4]-[C;D1;H3:5] on molecule c1ccc(CN2CCC(C3CCN(Cc4ccccc4)CC3)CC2)cc1 did not produce any reactants
2024-10-01 16:48:50,336 - DEBUG - retro reaction from template [C:2]-[CH;D3;+0:1](-[C;D1;H3:3])-[N;H0;D3;+0:5](-[C;D1;H3:4])-[C;D1;H3:6]>>O=[C;H0;D3;+0:1](-[C:2])-[C;D1;H3:3].[C;D1;H3:4]-[NH;D2;+0:5]-[C;D1;H3:6] on molecule COC(=O)[C@@H](Cc1cc(C)c2c(c1)ncn2C(=O)OC(C)(C)C)OC(=O)N1CCC(N2CCc3ccccc3NC2=O)CC1 did not produce any reactants
2024-10-01 16:48:50,341 - DEBUG - retro reaction from template [c;H0;D3;+0:3]1:[c;H0;D3;+0:4]:[nH;D2;+0:5]:[cH;D2;+0:1]:[n;H0;D2;+0:2]:1>>O-[CH;D2;+0:1]=O.O=[N+;H0;D3:2](-[O-])-[c;H0;D3;+0:3]:[c;H0;D3;+0:4]-[NH2;D1;+0:5] on molecule COC(=O)[C@@H](Cc1cc(C)c2c(c1)ncn2C(=O)OC(C)(C)C)OC(=O)N1CCC(N2CCc3ccccc3NC2=O)CC1 did not produce any reactants
2024-10-01 16:48:50,346 - DEBUG - retro reaction from template [C;D1;H3:3]-[N;H0;D3;+0:4](-[C;D1;H3:5])-[CH2;D2;+0:1]-[c:2]>>O=[CH;D2;+0:1]-[c:2].[C;D1;H3:3]-[NH;D2;+0:4]-[C;D1;H3:5] on molecule c1ccc(CN2CCC(C3CCN(Cc4ccccc4)CC3)CC2)cc1 did not produce any reactants
2024-10-01 16:48:50,350 - DEBUG - retro reaction from template [C;D1;H3:3]-[N;H0;D3;+0:4](-[C;D1;H3:5])-[CH2;D2;+0:1]-[c:2]>>Cl-[CH2;D2;+0:1]-[c:2].[C;D1;H3:3]-[NH;D2;+0:4]-[C;D1;H3:5] on molecule c1ccc(CN2CCC(C3CCN(Cc4ccccc4)CC3)CC2)cc1 did not produce any reactants
2024-10-01 16:48:50,370 - DEBUG - retro reaction from template [C:3]-[N;H0;D3;+0:4](-[C;D1;H3:5])-[CH2;D2;+0:1]-[c:2]>>Br-[CH2;D2;+0:1]-[c:2].[C:3]-[NH;D2;+0:4]-[C;D1;H3:5] on molecule c1ccc(CN2CCC(C3CCN(Cc4ccccc4)CC3)CC2)cc1 did not produce any reactants
2024-10-01 16:48:50,375 - DEBUG - retro reaction from template [C:2]-[CH;D3;+0:1](-[C;D1;H3:3])-[N;H0;D3;+0:5](-[C;D1;H3:4])-[C;D1;H3:6]>>O=[C;H0;D3;+0:1](-[C:2])-[C;D1;H3:3].[C;D1;H3:4]-[NH;D2;+0:5]-[C;D1;H3:6] on molecule COC(=O)[C@@H](Cc1cc(C)c2c(c1)ncn2C(=O)OC(C)(C)C)OC(=O)N1CCC(N2CCc3ccccc3NC2=O)CC1 did not produce any reactants
2024-10-01 16:48:50,380 - DEBUG - retro reaction from template [c;H0;D3;+0:3]1:[c;H0;D3;+0:4]:[nH;D2;+0:5]:[cH;D2;+0:1]:[n;H0;D2;+0:2]:1>>O-[CH;D2;+0:1]=O.O=[N+;H0;D3:2](-[O-])-[c;H0;D3;+0:3]:[c;H0;D3;+0:4]-[NH2;D1;+0:5] on molecule COC(=O)[C@@H](Cc1cc(C)c2c(c1)ncn2C(=O)OC(C)(C)C)OC(=O)N1CCC(N2CCc3ccccc3NC2=O)CC1 did not produce any reactants
2024-10-01 16:48:50,385 - DEBUG - retro reaction from template [C;D1;H3:3]-[N;H0;D3;+0:4](-[C;D1;H3:5])-[CH2;D2;+0:1]-[c:2]>>O=[CH;D2;+0:1]-[c:2].[C;D1;H3:3]-[NH;D2;+0:4]-[C;D1;H3:5] on molecule c1ccc(CN2CCC(C3CCN(Cc4ccccc4)CC3)CC2)cc1 did not produce any reactants
2024-10-01 16:48:50,389 - DEBUG - retro reaction from template [C;D1;H3:3]-[N;H0;D3;+0:4](-[C;D1;H3:5])-[CH2;D2;+0:1]-[c:2]>>Cl-[CH2;D2;+0:1]-[c:2].[C;D1;H3:3]-[NH;D2;+0:4]-[C;D1;H3:5] on molecule c1ccc(CN2CCC(C3CCN(Cc4ccccc4)CC3)CC2)cc1 did not produce any reactants
2024-10-01 16:48:50,394 - DEBUG - retro reaction from template [C:2]-[C;H0;D3;+0:1](=[O;D1;H0:3])-[NH;D2;+0:9]-[C:8]-[C:6](=[O;D1;H0:7])-[#8:5]-[C;D1;H3:4]>>O-[C;H0;D3;+0:1](-[C:2])=[O;D1;H0:3].[C;D1;H3:4]-[#8:5]-[C:6](=[O;D1;H0:7])-[C:8]-[NH2;D1;+0:9] on molecule COC(=O)[C@@H](Cc1cc(C)c2c(c1)ncn2C(=O)OC(C)(C)C)OC(=O)N1CCC(N2CCc3ccccc3NC2=O)CC1 did not produce any reactants
2024-10-01 16:48:50,402 - DEBUG - Reaction COC(=O)[C@@H](Cc1cc(C)c2c(c1)ncn2C(=O)OC(C)(C)C)OC(=O)N1CCC(N2CCc3ccccc3NC2=O)CC1>>Cc1cc(C[C@@H](OC(=O)N2CCC(N3CCc4ccccc4NC3=O)CC2)C(=O)O)cc2ncn(C(=O)OC(C)(C)C)c12.CO was rejected because it re-generated molecule not in stock
2024-10-01 16:48:50,416 - DEBUG - retro reaction from template [#7:2]-[CH2;D2;+0:1]-[C:3]>>O=[C;H0;D3;+0:1](-[#7:2])-[C:3] on molecule c1ccc(CN2CCC(C3CCN(Cc4ccccc4)CC3)CC2)cc1 was filtered out with prob 0.020521879196166992
2024-10-01 16:48:50,417 - DEBUG - retro reaction from template [#7:2]-[CH2;D2;+0:1]-[C:3]>>O=[C;H0;D3;+0:1](-[#7:2])-[C:3] on molecule c1ccc(CN2CCC(C3CCN(Cc4ccccc4)CC3)CC2)cc1 was filtered out with prob 0.020521879196166992
2024-10-01 16:48:50,418 - DEBUG - retro reaction from template [#7:2]-[CH2;D2;+0:1]-[C:3]>>O=[C;H0;D3;+0:1](-[#7:2])-[C:3] on molecule c1ccc(CN2CCC(C3CCN(Cc4ccccc4)CC3)CC2)cc1 was filtered out with prob 0.020521879196166992
2024-10-01 16:48:50,419 - DEBUG - retro reaction from template [#7:2]-[CH2;D2;+0:1]-[C:3]>>O=[C;H0;D3;+0:1](-[#7:2])-[C:3] on molecule c1ccc(CN2CCC(C3CCN(Cc4ccccc4)CC3)CC2)cc1 was filtered out with prob 0.020521879196166992
2024-10-01 16:48:50,424 - DEBUG - retro reaction from template [#7:4]-[C:5](=[O;D1;H0:6])-[C:7]-[NH;D2;+0:8]-[C;H0;D3;+0:1](-[C:2])=[O;D1;H0:3]>>O-[C;H0;D3;+0:1](-[C:2])=[O;D1;H0:3].[#7:4]-[C:5](=[O;D1;H0:6])-[C:7]-[NH2;D1;+0:8] on molecule COC(=O)[C@@H](Cc1cc(C)c2c(c1)ncn2C(=O)OC(C)(C)C)OC(=O)N1CCC(N2CCc3ccccc3NC2=O)CC1 did not produce any reactants
2024-10-01 16:48:50,428 - DEBUG - retro reaction from template [C:5]-[NH;D2;+0:6]-[S;H0;D4;+0:1](-[C;D1;H3:2])(=[O;D1;H0:3])=[O;D1;H0:4]>>Cl-[S;H0;D4;+0:1](-[C;D1;H3:2])(=[O;D1;H0:3])=[O;D1;H0:4].[C:5]-[NH2;D1;+0:6] on molecule CS(=O)(=O)O did not produce any reactants
2024-10-01 16:48:50,457 - DEBUG - retro reaction from template [C:2]-[OH;D1;+0:1]>>C-[O;H0;D2;+0:1]-[C:2] on molecule Cc1cc(C[C@@H](OC(=O)N2CCC(N3CCc4ccccc4NC3=O)CC2)C(=O)N2CCC(C3CCN(S(C)(=O)=O)CC3)CC2)cc2nc[nH]c12 did not produce any reactants
2024-10-01 16:48:50,554 - DEBUG - retro reaction from template [C:1]-[C;H0;D3;+0:2](-[C;D1;H3:3])=[O;H0;D1;+0:4]>>[C:1]-[C;H0;D4;+0:2]1(-[C;D1;H3:3])-O-C-C-[O;H0;D2;+0:4]-1 on molecule Cc1cc(C[C@@H](OC(=O)N2CCC(=O)CC2)C(=O)N2CCC(C3CCN(Cc4ccccc4)CC3)CC2)cc2nc[nH]c12 did not produce any reactants
2024-10-01 16:48:50,558 - DEBUG - retro reaction from template [C;D1;H3:3]-[N;H0;D3;+0:4](-[C;D1;H3:5])-[CH2;D2;+0:1]-[c:2]>>O=[CH;D2;+0:1]-[c:2].[C;D1;H3:3]-[NH;D2;+0:4]-[C;D1;H3:5] on molecule Cc1cc(C[C@@H](OC(=O)N2CCC(=O)CC2)C(=O)N2CCC(C3CCN(Cc4ccccc4)CC3)CC2)cc2nc[nH]c12 did not produce any reactants
2024-10-01 16:48:50,563 - DEBUG - retro reaction from template [C:3]-[N;H0;D3;+0:4](-[C;D1;H3:5])-[CH2;D2;+0:1]-[c:2]>>Br-[CH2;D2;+0:1]-[c:2].[C:3]-[NH;D2;+0:4]-[C;D1;H3:5] on molecule Cc1cc(C[C@@H](OC(=O)N2CCC(=O)CC2)C(=O)N2CCC(C3CCN(Cc4ccccc4)CC3)CC2)cc2nc[nH]c12 did not produce any reactants
2024-10-01 16:48:50,568 - DEBUG - retro reaction from template [C:8]-[C:9](=[O;D1;H0:10])-[N;H0;D3;+0:11](-[C:12])-[C;H0;D3;+0:1](=[O;D1;H0:2])-[#8:3]-[C:4](-[C;D1;H3:5])(-[C;D1;H3:6])-[C;D1;H3:7]>>C-C(-C)(-C)-O-C(=O)-O-[C;H0;D3;+0:1](=[O;D1;H0:2])-[#8:3]-[C:4](-[C;D1;H3:5])(-[C;D1;H3:6])-[C;D1;H3:7].[C:8]-[C:9](=[O;D1;H0:10])-[NH;D2;+0:11]-[C:12] on molecule CC(C)(C)OC(=O)N1CCc2ccccc2NC1=O did not produce any reactants
2024-10-01 16:48:50,615 - DEBUG - retro reaction from template [C:2]-[NH;D2;+0:1]-[C;D1;H3:3]>>C-C(-C)(-C)-O-C(=O)-[N;H0;D3;+0:1](-[C:2])-[C;D1;H3:3] on molecule c1ccc(CN2CCC(C3CCNCC3)CC2)cc1 did not produce any reactants
2024-10-01 16:48:50,620 - DEBUG - retro reaction from template [C:2]-[C;H0;D3;+0:1](=[O;D1;H0:3])-[O;H0;D2;+0:8]-[C:7]-[C:5](=[O;D1;H0:4])-[O;D1;H1:6]>>Cl-[C;H0;D3;+0:1](-[C:2])=[O;D1;H0:3].[O;D1;H0:4]=[C:5](-[O;D1;H1:6])-[C:7]-[OH;D1;+0:8] on molecule Cc1cc(C[C@@H](OC(=O)Cl)C(=O)O)cc2nc[nH]c12 did not produce any reactants
2024-10-01 16:48:50,729 - DEBUG - retro reaction from template [C:2]-[NH;D2;+0:1]-[C;D1;H3:3]>>C-C(-C)(-C)-O-C(=O)-[N;H0;D3;+0:1](-[C:2])-[C;D1;H3:3] on molecule c1ccc(CN2CCC(C3CCNCC3)CC2)cc1 did not produce any reactants
2024-10-01 16:48:50,740 - DEBUG - retro reaction from template [#7:4]-[C:3](=[O;D1;H0:5])-[C:2]-[NH2;D1;+0:1]>>C-C(-C)(-C)-O-C(=O)-[NH;D2;+0:1]-[C:2]-[C:3](-[#7:4])=[O;D1;H0:5] on molecule Cc1cc(C[C@@H](OC(=O)N2CCC(N3CCc4ccccc4NC3=O)CC2)C(=O)N2CCC(C3CCN(S(C)(=O)=O)CC3)CC2)cc2nc[nH]c12 did not produce any reactants
2024-10-01 16:48:50,745 - DEBUG - retro reaction from template [C:3]-[C:2](=[O;D1;H0:4])-[OH;D1;+0:1]>>C-C-[O;H0;D2;+0:1]-[C:2](-[C:3])=[O;D1;H0:4] on molecule Cc1cc(C[C@@H](OC(=O)N2CCC(N3CCc4ccccc4NC3=O)CC2)C(=O)N2CCC(C3CCN(S(C)(=O)=O)CC3)CC2)cc2nc[nH]c12 did not produce any reactants
2024-10-01 16:48:50,750 - DEBUG - retro reaction from template [C:2]-[C;H0;D3;+0:1](=[O;D1;H0:3])-[N;H0;D3;+0:5](-[C;D1;H3:4])-[C;D1;H3:6]>>C-O-[C;H0;D3;+0:1](-[C:2])=[O;D1;H0:3].[C;D1;H3:4]-[NH;D2;+0:5]-[C;D1;H3:6] on molecule Cc1cc(C[C@@H](OC(=O)N2CCC(N3CCc4ccccc4NC3=O)CC2)C(=O)N2CCC(C3CCN(S(C)(=O)=O)CC3)CC2)cc2nc[nH]c12 did not produce any reactants
2024-10-01 16:48:50,756 - DEBUG - retro reaction from template [C:3]-[S;H0;D4;+0:4](-[C:5])(=[O;H0;D1;+0:1])=[O;H0;D1;+0:2]>>Cl-c1:c:c:c:c(-C(=[O;H0;D1;+0:1])-O-[OH;D1;+0:2]):c:1.[C:3]-[S;H0;D2;+0:4]-[C:5] on molecule Cc1cc(C[C@@H](OC(=O)N2CCC(N3CCc4ccccc4NC3=O)CC2)C(=O)N2CCC(C3CCN(S(C)(=O)=O)CC3)CC2)cc2nc[nH]c12 did not produce any reactants
2024-10-01 16:48:50,839 - DEBUG - retro reaction from template [C:2]-[C;H0;D3;+0:1](=[O;D1;H0:3])-[O;H0;D2;+0:5]-[C;D1;H3:4]>>O-[C;H0;D3;+0:1](-[C:2])=[O;D1;H0:3].[C;D1;H3:4]-[OH;D1;+0:5] on molecule Cc1cc(C[C@@H](OC(=O)N2CCC(N3CCc4ccccc4NC3=O)CC2)C(=O)N2CCC(C3CCN(Cc4ccccc4)CC3)CC2)cc2ncn(COC(=O)C(C)(C)C)c12 did not produce any reactants
2024-10-01 16:48:50,872 - DEBUG - retro reaction from template [C:2]-[NH;D2;+0:1]-[C;D1;H3:3]>>C-C(-C)(-C)-O-C(=O)-[N;H0;D3;+0:1](-[C:2])-[C;D1;H3:3] on molecule c1ccc(CN2CCC(C3CCNCC3)CC2)cc1 did not produce any reactants
2024-10-01 16:48:50,901 - DEBUG - retro reaction from template [C:2]-[NH;D2;+0:1]-[C;D1;H3:3]>>C-C(-C)(-C)-O-C(=O)-[N;H0;D3;+0:1](-[C:2])-[C;D1;H3:3] on molecule c1ccc(CN2CCC(C3CCNCC3)CC2)cc1 did not produce any reactants
2024-10-01 16:48:50,908 - DEBUG - Reaction COC(=O)[C@@H](Cc1cc(C)c2c(c1)ncn2COC(=O)C(C)(C)C)OC(=O)N1CCC(N2CCc3ccccc3NC2=O)CC1>>Cc1cc(C[C@@H](OC(=O)N2CCC(N3CCc4ccccc4NC3=O)CC2)C(=O)O)cc2ncn(COC(=O)C(C)(C)C)c12.CO was rejected because it re-generated molecule not in stock
2024-10-01 16:48:50,913 - DEBUG - retro reaction from template [c;H0;D3;+0:3]1:[c;H0;D3;+0:4]:[nH;D2;+0:5]:[cH;D2;+0:1]:[n;H0;D2;+0:2]:1>>O-[CH;D2;+0:1]=O.O=[N+;H0;D3:2](-[O-])-[c;H0;D3;+0:3]:[c;H0;D3;+0:4]-[NH2;D1;+0:5] on molecule COC(=O)[C@@H](Cc1cc(C)c2c(c1)ncn2COC(=O)C(C)(C)C)OC(=O)N1CCC(N2CCc3ccccc3NC2=O)CC1 did not produce any reactants
2024-10-01 16:48:50,935 - DEBUG - retro reaction from template [C:3]-[N;H0;D3;+0:4](-[C;D1;H3:5])-[CH2;D2;+0:1]-[c:2]>>Br-[CH2;D2;+0:1]-[c:2].[C:3]-[NH;D2;+0:4]-[C;D1;H3:5] on molecule c1ccc(CN2CCC(C3CCN(Cc4ccccc4)CC3)CC2)cc1 did not produce any reactants
2024-10-01 16:48:50,942 - DEBUG - Reaction COC(=O)[C@@H](Cc1cc(C)c2c(c1)ncn2COC(=O)C(C)(C)C)OC(=O)N1CCC(N2CCc3ccccc3NC2=O)CC1>>Cc1cc(C[C@@H](OC(=O)N2CCC(N3CCc4ccccc4NC3=O)CC2)C(=O)O)cc2ncn(COC(=O)C(C)(C)C)c12.CO was rejected because it re-generated molecule not in stock
2024-10-01 16:48:50,947 - DEBUG - retro reaction from template [C;D1;H3:3]-[N;H0;D3;+0:4](-[C;D1;H3:5])-[CH2;D2;+0:1]-[c:2]>>O=[CH;D2;+0:1]-[c:2].[C;D1;H3:3]-[NH;D2;+0:4]-[C;D1;H3:5] on molecule c1ccc(CN2CCC(C3CCN(Cc4ccccc4)CC3)CC2)cc1 did not produce any reactants
2024-10-01 16:48:50,951 - DEBUG - retro reaction from template [C;D1;H3:3]-[N;H0;D3;+0:4](-[C;D1;H3:5])-[CH2;D2;+0:1]-[c:2]>>Cl-[CH2;D2;+0:1]-[c:2].[C;D1;H3:3]-[NH;D2;+0:4]-[C;D1;H3:5] on molecule c1ccc(CN2CCC(C3CCN(Cc4ccccc4)CC3)CC2)cc1 did not produce any reactants
2024-10-01 16:48:50,956 - DEBUG - retro reaction from template [c;H0;D3;+0:3]1:[c;H0;D3;+0:4]:[nH;D2;+0:5]:[cH;D2;+0:1]:[n;H0;D2;+0:2]:1>>O-[CH;D2;+0:1]=O.O=[N+;H0;D3:2](-[O-])-[c;H0;D3;+0:3]:[c;H0;D3;+0:4]-[NH2;D1;+0:5] on molecule COC(=O)[C@@H](Cc1cc(C)c2c(c1)ncn2COC(=O)C(C)(C)C)OC(=O)N1CCC(N2CCc3ccccc3NC2=O)CC1 did not produce any reactants
2024-10-01 16:48:50,976 - DEBUG - retro reaction from template [C:3]-[N;H0;D3;+0:4](-[C;D1;H3:5])-[CH2;D2;+0:1]-[c:2]>>Br-[CH2;D2;+0:1]-[c:2].[C:3]-[NH;D2;+0:4]-[C;D1;H3:5] on molecule c1ccc(CN2CCC(C3CCN(Cc4ccccc4)CC3)CC2)cc1 did not produce any reactants
2024-10-01 16:48:50,983 - DEBUG - Reaction COC(=O)[C@@H](Cc1cc(C)c2c(c1)ncn2COC(=O)C(C)(C)C)OC(=O)N1CCC(N2CCc3ccccc3NC2=O)CC1>>Cc1cc(C[C@@H](OC(=O)N2CCC(N3CCc4ccccc4NC3=O)CC2)C(=O)O)cc2ncn(COC(=O)C(C)(C)C)c12.CO was rejected because it re-generated molecule not in stock
2024-10-01 16:48:50,988 - DEBUG - retro reaction from template [C;D1;H3:3]-[N;H0;D3;+0:4](-[C;D1;H3:5])-[CH2;D2;+0:1]-[c:2]>>O=[CH;D2;+0:1]-[c:2].[C;D1;H3:3]-[NH;D2;+0:4]-[C;D1;H3:5] on molecule c1ccc(CN2CCC(C3CCN(Cc4ccccc4)CC3)CC2)cc1 did not produce any reactants
2024-10-01 16:48:50,992 - DEBUG - retro reaction from template [C;D1;H3:3]-[N;H0;D3;+0:4](-[C;D1;H3:5])-[CH2;D2;+0:1]-[c:2]>>Cl-[CH2;D2;+0:1]-[c:2].[C;D1;H3:3]-[NH;D2;+0:4]-[C;D1;H3:5] on molecule c1ccc(CN2CCC(C3CCN(Cc4ccccc4)CC3)CC2)cc1 did not produce any reactants
2024-10-01 16:48:50,997 - DEBUG - retro reaction from template [c;H0;D3;+0:3]1:[c;H0;D3;+0:4]:[nH;D2;+0:5]:[cH;D2;+0:1]:[n;H0;D2;+0:2]:1>>O-[CH;D2;+0:1]=O.O=[N+;H0;D3:2](-[O-])-[c;H0;D3;+0:3]:[c;H0;D3;+0:4]-[NH2;D1;+0:5] on molecule COC(=O)[C@@H](Cc1cc(C)c2c(c1)ncn2COC(=O)C(C)(C)C)OC(=O)N1CCC(N2CCc3ccccc3NC2=O)CC1 did not produce any reactants
2024-10-01 16:48:51,002 - DEBUG - retro reaction from template [C:2]-[C;H0;D3;+0:1](=[O;D1;H0:3])-[NH;D2;+0:9]-[C:8]-[C:6](=[O;D1;H0:7])-[#8:5]-[C;D1;H3:4]>>O-[C;H0;D3;+0:1](-[C:2])=[O;D1;H0:3].[C;D1;H3:4]-[#8:5]-[C:6](=[O;D1;H0:7])-[C:8]-[NH2;D1;+0:9] on molecule COC(=O)[C@@H](Cc1cc(C)c2c(c1)ncn2COC(=O)C(C)(C)C)OC(=O)N1CCC(N2CCc3ccccc3NC2=O)CC1 did not produce any reactants
2024-10-01 16:48:51,006 - DEBUG - retro reaction from template [C:2]-[CH;D3;+0:1](-[C;D1;H3:3])-[N;H0;D3;+0:5](-[C;D1;H3:4])-[C;D1;H3:6]>>O=[C;H0;D3;+0:1](-[C:2])-[C;D1;H3:3].[C;D1;H3:4]-[NH;D2;+0:5]-[C;D1;H3:6] on molecule COC(=O)[C@@H](Cc1cc(C)c2c(c1)ncn2COC(=O)C(C)(C)C)OC(=O)N1CCC(N2CCc3ccccc3NC2=O)CC1 did not produce any reactants
2024-10-01 16:48:51,020 - DEBUG - retro reaction from template [#7:2]-[CH2;D2;+0:1]-[C:3]>>O=[C;H0;D3;+0:1](-[#7:2])-[C:3] on molecule c1ccc(CN2CCC(C3CCN(Cc4ccccc4)CC3)CC2)cc1 was filtered out with prob 0.020521879196166992
2024-10-01 16:48:51,021 - DEBUG - retro reaction from template [#7:2]-[CH2;D2;+0:1]-[C:3]>>O=[C;H0;D3;+0:1](-[#7:2])-[C:3] on molecule c1ccc(CN2CCC(C3CCN(Cc4ccccc4)CC3)CC2)cc1 was filtered out with prob 0.020521879196166992
2024-10-01 16:48:51,022 - DEBUG - retro reaction from template [#7:2]-[CH2;D2;+0:1]-[C:3]>>O=[C;H0;D3;+0:1](-[#7:2])-[C:3] on molecule c1ccc(CN2CCC(C3CCN(Cc4ccccc4)CC3)CC2)cc1 was filtered out with prob 0.020521879196166992
2024-10-01 16:48:51,023 - DEBUG - retro reaction from template [#7:2]-[CH2;D2;+0:1]-[C:3]>>O=[C;H0;D3;+0:1](-[#7:2])-[C:3] on molecule c1ccc(CN2CCC(C3CCN(Cc4ccccc4)CC3)CC2)cc1 was filtered out with prob 0.020521879196166992
2024-10-01 16:48:51,028 - DEBUG - retro reaction from template [C;D1;H3:4]-[#8:5]-[C:6](=[O;D1;H0:7])-[C:8]-[NH;D2;+0:9]-[C;H0;D3;+0:1](=[O;D1;H0:2])-[c:3]>>O-[C;H0;D3;+0:1](=[O;D1;H0:2])-[c:3].[C;D1;H3:4]-[#8:5]-[C:6](=[O;D1;H0:7])-[C:8]-[NH2;D1;+0:9] on molecule COC(=O)[C@@H](Cc1cc(C)c2c(c1)ncn2COC(=O)C(C)(C)C)OC(=O)N1CCC(N2CCc3ccccc3NC2=O)CC1 did not produce any reactants
2024-10-01 16:48:51,032 - DEBUG - retro reaction from template [C:5]-[NH;D2;+0:6]-[S;H0;D4;+0:1](-[C;D1;H3:2])(=[O;D1;H0:3])=[O;D1;H0:4]>>Cl-[S;H0;D4;+0:1](-[C;D1;H3:2])(=[O;D1;H0:3])=[O;D1;H0:4].[C:5]-[NH2;D1;+0:6] on molecule CS(=O)(=O)O did not produce any reactants
2024-10-01 16:48:51,037 - DEBUG - retro reaction from template [C:2]-[CH2;D2;+0:1]-[n;H0;D3;+0:5]1:[c:4]:[#7;a:3]:[c:7]:[c:6]:1>>Br-[CH2;D2;+0:1]-[C:2].[#7;a:3]1:[c:4]:[nH;D2;+0:5]:[c:6]:[c:7]:1 on molecule COC(=O)[C@@H](Cc1cc(C)c2c(c1)ncn2COC(=O)C(C)(C)C)OC(=O)N1CCC(N2CCc3ccccc3NC2=O)CC1 did not produce any reactants
2024-10-01 16:48:51,056 - DEBUG - retro reaction from template [#7:4]-[C:5](=[O;D1;H0:6])-[C:7]-[NH;D2;+0:8]-[C;H0;D3;+0:1](-[#8:2])=[O;D1;H0:3]>>Cl-[C;H0;D3;+0:1](-[#8:2])=[O;D1;H0:3].[#7:4]-[C:5](=[O;D1;H0:6])-[C:7]-[NH2;D1;+0:8] on molecule Cc1cc(C[C@@H](OC(=O)N2CCC(N3CCc4ccccc4NC3=O)CC2)C(=O)N2CCC(C3CCN(S(C)(=O)=O)CC3)CC2)cc2nc[nH]c12 did not produce any reactants
2024-10-01 16:48:51,061 - DEBUG - retro reaction from template [C:3]-[C:2](=[O;D1;H0:4])-[OH;D1;+0:1]>>C-[O;H0;D2;+0:1]-[C:2](-[C:3])=[O;D1;H0:4] on molecule Cc1cc(C[C@@H](OC(=O)N2CCC(N3CCc4ccccc4NC3=O)CC2)C(=O)N2CCC(C3CCN(S(C)(=O)=O)CC3)CC2)cc2nc[nH]c12 did not produce any reactants
2024-10-01 16:48:51,066 - DEBUG - retro reaction from template [C:2]-[N;H0;D3;+0:3](-[C:4])-[CH3;D1;+0:1]>>O=[CH2;D1;+0:1].[C:2]-[NH;D2;+0:3]-[C:4] on molecule Cc1cc(C[C@@H](OC(=O)N2CCC(N3CCc4ccccc4NC3=O)CC2)C(=O)N2CCC(C3CCN(S(C)(=O)=O)CC3)CC2)cc2nc[nH]c12 did not produce any reactants
2024-10-01 16:48:51,071 - DEBUG - retro reaction from template [#7;a:1]:[c:2](-[CH;D2;+0:3]=[O;H0;D1;+0:4]):[c:5]:[#7;a:6]>>[#7;a:1]:[c:2](-[CH2;D2;+0:3]-[OH;D1;+0:4]):[c:5]:[#7;a:6] on molecule Cc1cc(C[C@@H](OC(=O)N2CCC(N3CCc4ccccc4NC3=O)CC2)C(=O)N2CCC(C3CCN(S(C)(=O)=O)CC3)CC2)cc2nc[nH]c12 did not produce any reactants
2024-10-01 16:48:51,076 - DEBUG - retro reaction from template [C:11]-[N;H0;D3;+0:12](-[C:13])-[C;H0;D3;+0:1](=[O;D1;H0:2])-[#8:3]-[C:4]-[c:5]1:[c:6]:[c:7]:[c:8]:[c:9]:[c:10]:1>>Cl-[C;H0;D3;+0:1](=[O;D1;H0:2])-[#8:3]-[C:4]-[c:5]1:[c:6]:[c:7]:[c:8]:[c:9]:[c:10]:1.[C:11]-[N;H0;D3;+0:12](-[C:13])-C-c1:c:c:c:c:c:1 on molecule Cc1cc(C[C@@H](OC(=O)N2CCC(N3CCc4ccccc4NC3=O)CC2)C(=O)N2CCC(C3CCN(S(C)(=O)=O)CC3)CC2)cc2nc[nH]c12 did not produce any reactants
2024-10-01 16:48:51,081 - DEBUG - retro reaction from template [C;D1;H3:2]-[S;H0;D4;+0:3](=[O;D1;H0:4])(=[O;H0;D1;+0:1])-[c:5]>>Cl-c1:c:c:c:c(-C(=[O;H0;D1;+0:1])-O-O):c:1.[C;D1;H3:2]-[S;H0;D3;+0:3](=[O;D1;H0:4])-[c:5] on molecule Cc1cc(C[C@@H](OC(=O)N2CCC(N3CCc4ccccc4NC3=O)CC2)C(=O)N2CCC(C3CCN(S(C)(=O)=O)CC3)CC2)cc2nc[nH]c12 did not produce any reactants
2024-10-01 16:48:51,087 - DEBUG - retro reaction from template [C:5]-[NH;D2;+0:6]-[C;H0;D3;+0:1](=[O;D1;H0:2])-[#8:3]-[C:4]>>O=[N+](-[O-])-c1:c:c:c(-O-[C;H0;D3;+0:1](=[O;D1;H0:2])-[#8:3]-[C:4]):c:c:1.[C:5]-[NH2;D1;+0:6] on molecule Cc1cc(C[C@@H](OC(=O)N2CCC(N3CCc4ccccc4NC3=O)CC2)C(=O)N2CCC(C3CCN(S(C)(=O)=O)CC3)CC2)cc2nc[nH]c12 did not produce any reactants
2024-10-01 16:48:51,197 - DEBUG - retro reaction from template [C:2]-[NH;D2;+0:1]-[C;D1;H3:3]>>C-C(-C)(-C)-O-C(=O)-[N;H0;D3;+0:1](-[C:2])-[C;D1;H3:3] on molecule c1ccc(CN2CCC(C3CCNCC3)CC2)cc1 did not produce any reactants
2024-10-01 16:48:51,286 - DEBUG - retro reaction from template [C;D1;H3:3]-[N;H0;D3;+0:4](-[C;D1;H3:5])-[CH2;D2;+0:1]-[c:2]>>O=[CH;D2;+0:1]-[c:2].[C;D1;H3:3]-[NH;D2;+0:4]-[C;D1;H3:5] on molecule CC(C)(C)OC(=O)N1CCC(C2CCN(Cc3ccccc3)CC2)CC1 did not produce any reactants
2024-10-01 16:48:51,327 - DEBUG - retro reaction from template [C;D1;H3:3]-[N;H0;D3;+0:4](-[C;D1;H3:5])-[CH2;D2;+0:1]-[c:2]>>O=[CH;D2;+0:1]-[c:2].[C;D1;H3:3]-[NH;D2;+0:4]-[C;D1;H3:5] on molecule CC(C)(C)OC(=O)N1CCC(C2CCN(Cc3ccccc3)CC2)CC1 did not produce any reactants
2024-10-01 16:48:51,332 - DEBUG - retro reaction from template [C:2]-[C;H0;D3;+0:1](=[O;D1;H0:3])-[O;H0;D2;+0:5]-[C;D1;H3:4]>>O-[C;H0;D3;+0:1](-[C:2])=[O;D1;H0:3].[C;D1;H3:4]-[OH;D1;+0:5] on molecule CCOC(=O)[C@@H](Cc1cc(C)c(N)c([N+](=O)[O-])c1)OC(=O)N1CCC(N2CCc3ccccc3NC2=O)CC1 did not produce any reactants
2024-10-01 16:48:51,336 - DEBUG - retro reaction from template [C:3]-[N;H0;D3;+0:4](-[C;D1;H3:5])-[CH2;D2;+0:1]-[c:2]>>Br-[CH2;D2;+0:1]-[c:2].[C:3]-[NH;D2;+0:4]-[C;D1;H3:5] on molecule CC(C)(C)OC(=O)N1CCC(C2CCN(Cc3ccccc3)CC2)CC1 did not produce any reactants
2024-10-01 16:48:51,384 - DEBUG - retro reaction from template [C:2]-[NH;D2;+0:1]-[C;D1;H3:3]>>C-C(-C)(-C)-O-C(=O)-[N;H0;D3;+0:1](-[C:2])-[C;D1;H3:3] on molecule c1ccc(CN2CCC(C3CCNCC3)CC2)cc1 did not produce any reactants
2024-10-01 16:48:51,389 - DEBUG - retro reaction from template [C:2]-[C;H0;D3;+0:1](=[O;D1;H0:3])-[O;H0;D2;+0:5]-[C;D1;H3:4]>>O-[C;H0;D3;+0:1](-[C:2])=[O;D1;H0:3].[C;D1;H3:4]-[OH;D1;+0:5] on molecule CCOC(=O)[C@@H](Cc1cc(C)c(N)c([N+](=O)[O-])c1)OC(=O)N1CCC(N2CCc3ccccc3NC2=O)CC1 did not produce any reactants
2024-10-01 16:48:51,392 - DEBUG - retro reaction from template [C:1]-[CH;D2;+0:2]=[O;H0;D1;+0:3]>>[C:1]-[CH2;D2;+0:2]-[OH;D1;+0:3] on molecule O=CO did not produce any reactants
2024-10-01 16:48:51,416 - DEBUG - retro reaction from template [C:3]-[N;H0;D3;+0:4](-[C;D1;H3:5])-[CH2;D2;+0:1]-[c:2]>>Br-[CH2;D2;+0:1]-[c:2].[C:3]-[NH;D2;+0:4]-[C;D1;H3:5] on molecule c1ccc(CN2CCC(C3CCN(Cc4ccccc4)CC3)CC2)cc1 did not produce any reactants
2024-10-01 16:48:51,421 - DEBUG - retro reaction from template [C:2]-[C;H0;D3;+0:1](=[O;D1;H0:3])-[O;H0;D2;+0:5]-[C;D1;H3:4]>>O-[C;H0;D3;+0:1](-[C:2])=[O;D1;H0:3].[C;D1;H3:4]-[OH;D1;+0:5] on molecule CCOC(=O)[C@@H](Cc1cc(C)c(N)c([N+](=O)[O-])c1)OC(=O)N1CCC(N2CCc3ccccc3NC2=O)CC1 did not produce any reactants
2024-10-01 16:48:51,425 - DEBUG - retro reaction from template [C;D1;H3:3]-[N;H0;D3;+0:4](-[C;D1;H3:5])-[CH2;D2;+0:1]-[c:2]>>O=[CH;D2;+0:1]-[c:2].[C;D1;H3:3]-[NH;D2;+0:4]-[C;D1;H3:5] on molecule c1ccc(CN2CCC(C3CCN(Cc4ccccc4)CC3)CC2)cc1 did not produce any reactants
2024-10-01 16:48:51,429 - DEBUG - retro reaction from template [C;D1;H3:3]-[N;H0;D3;+0:4](-[C;D1;H3:5])-[CH2;D2;+0:1]-[c:2]>>Cl-[CH2;D2;+0:1]-[c:2].[C;D1;H3:3]-[NH;D2;+0:4]-[C;D1;H3:5] on molecule c1ccc(CN2CCC(C3CCN(Cc4ccccc4)CC3)CC2)cc1 did not produce any reactants
2024-10-01 16:48:51,433 - DEBUG - retro reaction from template [C:1]-[CH;D2;+0:2]=[O;H0;D1;+0:3]>>[C:1]-[CH2;D2;+0:2]-[OH;D1;+0:3] on molecule O=CO did not produce any reactants
2024-10-01 16:48:51,456 - DEBUG - retro reaction from template [C:3]-[N;H0;D3;+0:4](-[C;D1;H3:5])-[CH2;D2;+0:1]-[c:2]>>Br-[CH2;D2;+0:1]-[c:2].[C:3]-[NH;D2;+0:4]-[C;D1;H3:5] on molecule c1ccc(CN2CCC(C3CCN(Cc4ccccc4)CC3)CC2)cc1 did not produce any reactants
2024-10-01 16:48:51,460 - DEBUG - retro reaction from template [C:2]-[C;H0;D3;+0:1](=[O;D1;H0:3])-[O;H0;D2;+0:5]-[C;D1;H3:4]>>O-[C;H0;D3;+0:1](-[C:2])=[O;D1;H0:3].[C;D1;H3:4]-[OH;D1;+0:5] on molecule CCOC(=O)[C@@H](Cc1cc(C)c(N)c([N+](=O)[O-])c1)OC(=O)N1CCC(N2CCc3ccccc3NC2=O)CC1 did not produce any reactants
2024-10-01 16:48:51,465 - DEBUG - retro reaction from template [C;D1;H3:3]-[N;H0;D3;+0:4](-[C;D1;H3:5])-[CH2;D2;+0:1]-[c:2]>>O=[CH;D2;+0:1]-[c:2].[C;D1;H3:3]-[NH;D2;+0:4]-[C;D1;H3:5] on molecule c1ccc(CN2CCC(C3CCN(Cc4ccccc4)CC3)CC2)cc1 did not produce any reactants
2024-10-01 16:48:51,469 - DEBUG - retro reaction from template [C;D1;H3:3]-[N;H0;D3;+0:4](-[C;D1;H3:5])-[CH2;D2;+0:1]-[c:2]>>Cl-[CH2;D2;+0:1]-[c:2].[C;D1;H3:3]-[NH;D2;+0:4]-[C;D1;H3:5] on molecule c1ccc(CN2CCC(C3CCN(Cc4ccccc4)CC3)CC2)cc1 did not produce any reactants
2024-10-01 16:48:51,472 - DEBUG - retro reaction from template [C:1]-[CH;D2;+0:2]=[O;H0;D1;+0:3]>>[C:1]-[CH2;D2;+0:2]-[OH;D1;+0:3] on molecule O=CO did not produce any reactants
2024-10-01 16:48:51,476 - DEBUG - retro reaction from template [C:1]=[C:2]-[CH;D2;+0:3]=[O;H0;D1;+0:4]>>[C:1]=[C:2]-[CH2;D2;+0:3]-[OH;D1;+0:4] on molecule O=CO did not produce any reactants
2024-10-01 16:48:51,517 - DEBUG - Reaction CCOC(=O)[C@@H](Cc1cc(C)c(NC(=O)C(F)(F)F)c([N+](=O)[O-])c1)OC(=O)N1CCC(N2CCc3ccccc3NC2=O)CC1>>O=C(OC(=O)C(F)(F)F)C(F)(F)F.CCOC(=O)[C@@H](Cc1cc(C)c(N)c([N+](=O)[O-])c1)OC(=O)N1CCC(N2CCc3ccccc3NC2=O)CC1 was rejected because it re-generated molecule not in stock
2024-10-01 16:48:51,521 - DEBUG - retro reaction from template [C:3]-[N;H0;D3;+0:4](-[C;D1;H3:5])-[CH2;D2;+0:1]-[c:2]>>Br-[CH2;D2;+0:1]-[c:2].[C:3]-[NH;D2;+0:4]-[C;D1;H3:5] on molecule c1ccc(CN2CCC(C3CCN(Cc4ccccc4)CC3)CC2)cc1 did not produce any reactants
2024-10-01 16:48:51,526 - DEBUG - retro reaction from template [C;D1;H3:3]-[N;H0;D3;+0:4](-[C;D1;H3:5])-[CH2;D2;+0:1]-[c:2]>>O=[CH;D2;+0:1]-[c:2].[C;D1;H3:3]-[NH;D2;+0:4]-[C;D1;H3:5] on molecule c1ccc(CN2CCC(C3CCN(Cc4ccccc4)CC3)CC2)cc1 did not produce any reactants
2024-10-01 16:48:51,578 - DEBUG - retro reaction from template [C:2]-[NH;D2;+0:1]-[C;D1;H3:3]>>C-C(-C)(-C)-O-C(=O)-[N;H0;D3;+0:1](-[C:2])-[C;D1;H3:3] on molecule Cc1cc(C[C@@H](OC(=O)N2CCC(N3CCc4ccccc4NC3=O)CC2)C(=O)N2CCC(C3CCNCC3)CC2)cc2nc[nH]c12 did not produce any reactants
2024-10-01 16:48:51,612 - DEBUG - retro reaction from template [C;D1;H3:3]-[N;H0;D3;+0:4](-[C;D1;H3:5])-[CH2;D2;+0:1]-[c:2]>>O=[CH;D2;+0:1]-[c:2].[C;D1;H3:3]-[NH;D2;+0:4]-[C;D1;H3:5] on molecule Cc1cc(C[C@@H](OC(=O)N2CCC(N3CCc4ccccc4NC3=O)CC2)C(=O)N2CCC(C3CCN(Cc4ccccc4)CC3)CC2)cc2nc[nH]c12 did not produce any reactants
2024-10-01 16:48:51,637 - DEBUG - retro reaction from template [C:2]-[NH;D2;+0:1]-[C;D1;H3:3]>>C-C(-C)(-C)-O-C(=O)-[N;H0;D3;+0:1](-[C:2])-[C;D1;H3:3] on molecule c1ccc(CN2CCC(C3CCNCC3)CC2)cc1 did not produce any reactants
2024-10-01 16:48:51,678 - DEBUG - retro reaction from template [C:2]-[NH;D2;+0:1]-[C;D1;H3:3]>>C-C(-C)(-C)-O-C(=O)-[N;H0;D3;+0:1](-[C:2])-[C;D1;H3:3] on molecule c1ccc(CN2CCC(C3CCNCC3)CC2)cc1 did not produce any reactants
2024-10-01 16:48:51,682 - DEBUG - retro reaction from template [C:2]-[C;H0;D3;+0:1](=[O;D1;H0:3])-[O;H0;D2;+0:5]-[C;D1;H3:4]>>O-[C;H0;D3;+0:1](-[C:2])=[O;D1;H0:3].[C;D1;H3:4]-[OH;D1;+0:5] on molecule CCOC(=O)[C@@H](Cc1cc(C)c(N)c([N+](=O)[O-])c1)OC(=O)N1CCC(N2CCc3ccccc3NC2=O)CC1 did not produce any reactants
2024-10-01 16:48:51,686 - DEBUG - retro reaction from template [C:1]-[CH;D2;+0:2]=[O;H0;D1;+0:3]>>[C:1]-[CH2;D2;+0:2]-[OH;D1;+0:3] on molecule O=CO did not produce any reactants
2024-10-01 16:48:51,710 - DEBUG - retro reaction from template [C:3]-[N;H0;D3;+0:4](-[C;D1;H3:5])-[CH2;D2;+0:1]-[c:2]>>Br-[CH2;D2;+0:1]-[c:2].[C:3]-[NH;D2;+0:4]-[C;D1;H3:5] on molecule c1ccc(CN2CCC(C3CCN(Cc4ccccc4)CC3)CC2)cc1 did not produce any reactants
2024-10-01 16:48:51,715 - DEBUG - retro reaction from template [C:2]-[C;H0;D3;+0:1](=[O;D1;H0:3])-[O;H0;D2;+0:5]-[C;D1;H3:4]>>O-[C;H0;D3;+0:1](-[C:2])=[O;D1;H0:3].[C;D1;H3:4]-[OH;D1;+0:5] on molecule CCOC(=O)[C@@H](Cc1cc(C)c(N)c([N+](=O)[O-])c1)OC(=O)N1CCC(N2CCc3ccccc3NC2=O)CC1 did not produce any reactants
2024-10-01 16:48:51,720 - DEBUG - retro reaction from template [C;D1;H3:3]-[N;H0;D3;+0:4](-[C;D1;H3:5])-[CH2;D2;+0:1]-[c:2]>>O=[CH;D2;+0:1]-[c:2].[C;D1;H3:3]-[NH;D2;+0:4]-[C;D1;H3:5] on molecule c1ccc(CN2CCC(C3CCN(Cc4ccccc4)CC3)CC2)cc1 did not produce any reactants
2024-10-01 16:48:51,724 - DEBUG - retro reaction from template [C;D1;H3:3]-[N;H0;D3;+0:4](-[C;D1;H3:5])-[CH2;D2;+0:1]-[c:2]>>Cl-[CH2;D2;+0:1]-[c:2].[C;D1;H3:3]-[NH;D2;+0:4]-[C;D1;H3:5] on molecule c1ccc(CN2CCC(C3CCN(Cc4ccccc4)CC3)CC2)cc1 did not produce any reactants
2024-10-01 16:48:51,727 - DEBUG - retro reaction from template [C:1]-[CH;D2;+0:2]=[O;H0;D1;+0:3]>>[C:1]-[CH2;D2;+0:2]-[OH;D1;+0:3] on molecule O=CO did not produce any reactants
2024-10-01 16:48:51,731 - DEBUG - retro reaction from template [C:1]=[C:2]-[CH;D2;+0:3]=[O;H0;D1;+0:4]>>[C:1]=[C:2]-[CH2;D2;+0:3]-[OH;D1;+0:4] on molecule O=CO did not produce any reactants
2024-10-01 16:48:51,742 - DEBUG - retro reaction from template [C:1]-[CH;D2;+0:2]=[O;H0;D1;+0:3]>>[C:1]-[CH2;D2;+0:2]-[OH;D1;+0:3] on molecule O=CO did not produce any reactants
2024-10-01 16:48:51,745 - DEBUG - retro reaction from template [C:1]=[C:2]-[CH;D2;+0:3]=[O;H0;D1;+0:4]>>[C:1]=[C:2]-[CH2;D2;+0:3]-[OH;D1;+0:4] on molecule O=CO did not produce any reactants
2024-10-01 16:48:51,814 - DEBUG - retro reaction from template [C:1]-[NH;D2;+0:2]-[C:3]>>[C:1]-[N;H0;D3;+0:2](-[C:3])-C-c1:c:c:c:c:c:1 on molecule Cc1cc(C[C@@H](OC(=O)N2CCC(N3CCc4ccccc4NC3=O)CC2)C(=O)N2CCC(C3CCNCC3)CC2)cc([N+](=O)[O-])c1NC(=O)C(F)(F)F was filtered out with prob 0.017003268003463745
2024-10-01 16:48:51,819 - DEBUG - retro reaction from template [C:2]-[NH;D2;+0:1]-[C;D1;H3:3]>>C-C(-C)(-C)-O-C(=O)-[N;H0;D3;+0:1](-[C:2])-[C;D1;H3:3] on molecule Cc1cc(C[C@@H](OC(=O)N2CCC(N3CCc4ccccc4NC3=O)CC2)C(=O)N2CCC(C3CCNCC3)CC2)cc([N+](=O)[O-])c1NC(=O)C(F)(F)F did not produce any reactants
2024-10-01 16:48:51,822 - DEBUG - retro reaction from template [C:1]-[CH;D2;+0:2]=[O;H0;D1;+0:3]>>[C:1]-[CH2;D2;+0:2]-[OH;D1;+0:3] on molecule O=CO did not produce any reactants
2024-10-01 16:48:51,850 - DEBUG - retro reaction from template [C:1]-[NH;D2;+0:2]-[C:3]>>[C:1]-[N;H0;D3;+0:2](-[C:3])-C-c1:c:c:c:c:c:1 on molecule Cc1cc(C[C@@H](OC(=O)N2CCC(N3CCc4ccccc4NC3=O)CC2)C(=O)N2CCC(C3CCNCC3)CC2)cc([N+](=O)[O-])c1NC(=O)C(F)(F)F was filtered out with prob 0.017003268003463745
2024-10-01 16:48:51,855 - DEBUG - retro reaction from template [C:2]-[NH;D2;+0:1]-[C;D1;H3:3]>>C-C(-C)(-C)-O-C(=O)-[N;H0;D3;+0:1](-[C:2])-[C;D1;H3:3] on molecule Cc1cc(C[C@@H](OC(=O)N2CCC(N3CCc4ccccc4NC3=O)CC2)C(=O)N2CCC(C3CCNCC3)CC2)cc([N+](=O)[O-])c1NC(=O)C(F)(F)F did not produce any reactants
2024-10-01 16:48:51,859 - DEBUG - retro reaction from template [C:1]-[CH;D2;+0:2]=[O;H0;D1;+0:3]>>[C:1]-[CH2;D2;+0:2]-[OH;D1;+0:3] on molecule O=CO did not produce any reactants
2024-10-01 16:48:51,862 - DEBUG - retro reaction from template [C:1]=[C:2]-[CH;D2;+0:3]=[O;H0;D1;+0:4]>>[C:1]=[C:2]-[CH2;D2;+0:3]-[OH;D1;+0:4] on molecule O=CO did not produce any reactants
2024-10-01 16:48:51,873 - DEBUG - retro reaction from template [C:2]-[NH;D2;+0:1]-[C:3]>>O=C(-O-C-c1:c:c:c:c:c:1)-[N;H0;D3;+0:1](-[C:2])-[C:3] on molecule Cc1cc(C[C@@H](OC(=O)N2CCC(N3CCc4ccccc4NC3=O)CC2)C(=O)N2CCC(C3CCNCC3)CC2)cc([N+](=O)[O-])c1NC(=O)C(F)(F)F was filtered out with prob 0.008617967367172241
2024-10-01 16:48:51,877 - DEBUG - retro reaction from template [C:2]-[CH;D2;+0:1]=[O;H0;D1;+0:3]>>O=[C;H0;D3;+0:1](-[C:2])-[OH;D1;+0:3] on molecule O=CO did not produce any reactants
2024-10-01 16:48:51,881 - DEBUG - retro reaction from template [C:5]-[NH;D2;+0:6]-[S;H0;D4;+0:1](-[C;D1;H3:2])(=[O;D1;H0:3])=[O;D1;H0:4]>>Cl-[S;H0;D4;+0:1](-[C;D1;H3:2])(=[O;D1;H0:3])=[O;D1;H0:4].[C:5]-[NH2;D1;+0:6] on molecule CS(=O)(=O)O did not produce any reactants
2024-10-01 16:48:51,893 - DEBUG - retro reaction from template [O;-;D1;H0:2]-[N+;H0;D3:1](=[O;D1;H0:3])-[c;H0;D3;+0:5](:[c:4]):[c:6]>>O-[N+;H0;D3:1](-[O;-;D1;H0:2])=[O;D1;H0:3].[c:4]:[cH;D2;+0:5]:[c:6] on molecule Cc1cc(C[C@@H](OC(=O)N2CCC(N3CCc4ccccc4NC3=O)CC2)C(=O)N2CCC(C3CCNCC3)CC2)cc([N+](=O)[O-])c1NC(=O)C(F)(F)F was filtered out with prob 0.026931732892990112
2024-10-01 16:48:51,896 - DEBUG - retro reaction from template [C:2]-[CH;D2;+0:1]=[O;D1;H0:3]>>Cl-[C;H0;D3;+0:1](-[C:2])=[O;D1;H0:3] on molecule O=CO did not produce any reactants
2024-10-01 16:48:51,900 - DEBUG - retro reaction from template [C:2]-[CH;D2;+0:1]=[O;D1;H0:3]>>C-O-N(-C)-[C;H0;D3;+0:1](-[C:2])=[O;D1;H0:3] on molecule O=CO did not produce any reactants
2024-10-01 16:48:51,903 - DEBUG - retro reaction from template [C:3]-[C;H0;D3;+0:4](-[C:5]=[O;D1;H0:6])=[CH;D2;+0:2]-[OH;D1;+0:1]>>C-C-[O;H0;D2;+0:1]-[CH;D2;+0:2]=O.[C:3]-[CH2;D2;+0:4]-[C:5]=[O;D1;H0:6] on molecule O=CO did not produce any reactants
2024-10-01 16:48:51,907 - DEBUG - retro reaction from template [C:2]-[CH;D2;+0:1]=[O;D1;H0:3]>>C-C-O-[C;H0;D3;+0:1](-[C:2])=[O;D1;H0:3] on molecule O=CO did not produce any reactants
2024-10-01 16:48:51,912 - DEBUG - retro reaction from template [C:2]-[CH;D3;+0:1](-[c:3])-[NH;D2;+0:4]-[c:5]>>O=[C;H0;D3;+0:1](-[C:2])-[c:3].[NH2;D1;+0:4]-[c:5] on molecule Cc1cc(C[C@@H](OC(=O)N2CCC(N3CCc4ccccc4NC3=O)CC2)C(=O)N2CCC(C3CCNCC3)CC2)cc([N+](=O)[O-])c1NC(=O)C(F)(F)F did not produce any reactants
2024-10-01 16:48:51,970 - DEBUG - retro reaction from template [C;D1;H3:3]-[N;H0;D3;+0:4](-[C;D1;H3:5])-[CH2;D2;+0:1]-[c:2]>>O=[CH;D2;+0:1]-[c:2].[C;D1;H3:3]-[NH;D2;+0:4]-[C;D1;H3:5] on molecule Cc1cc(C[C@@H](OC(=O)N2CCC(N3CCc4ccccc4NC3=O)CC2)C(=O)N2CCC(C3CCN(Cc4ccccc4)CC3)CC2)cc([N+](=O)[O-])c1N did not produce any reactants
2024-10-01 16:48:51,975 - DEBUG - retro reaction from template [C:3]-[N;H0;D3;+0:4](-[C;D1;H3:5])-[CH2;D2;+0:1]-[c:2]>>Br-[CH2;D2;+0:1]-[c:2].[C:3]-[NH;D2;+0:4]-[C;D1;H3:5] on molecule Cc1cc(C[C@@H](OC(=O)N2CCC(N3CCc4ccccc4NC3=O)CC2)C(=O)N2CCC(C3CCN(Cc4ccccc4)CC3)CC2)cc([N+](=O)[O-])c1N did not produce any reactants
2024-10-01 16:48:51,978 - DEBUG - retro reaction from template [C:1]-[CH;D2;+0:2]=[O;H0;D1;+0:3]>>[C:1]-[CH2;D2;+0:2]-[OH;D1;+0:3] on molecule O=CO did not produce any reactants
2024-10-01 16:48:51,982 - DEBUG - retro reaction from template [C:1]=[C:2]-[CH;D2;+0:3]=[O;H0;D1;+0:4]>>[C:1]=[C:2]-[CH2;D2;+0:3]-[OH;D1;+0:4] on molecule O=CO did not produce any reactants
2024-10-01 16:48:52,028 - DEBUG - Reaction COC(=O)[C@@H](Cc1cc(C)c2c(c1)ncn2COC(=O)C(C)(C)C)OC(=O)N1CCC(N2CCc3ccccc3NC2=O)CC1>>Cc1cc(C[C@@H](OC(=O)N2CCC(N3CCc4ccccc4NC3=O)CC2)C(=O)O)cc2ncn(COC(=O)C(C)(C)C)c12.CO was rejected because it re-generated molecule not in stock
2024-10-01 16:48:52,033 - DEBUG - retro reaction from template [c;H0;D3;+0:3]1:[c;H0;D3;+0:4]:[nH;D2;+0:5]:[cH;D2;+0:1]:[n;H0;D2;+0:2]:1>>O-[CH;D2;+0:1]=O.O=[N+;H0;D3:2](-[O-])-[c;H0;D3;+0:3]:[c;H0;D3;+0:4]-[NH2;D1;+0:5] on molecule COC(=O)[C@@H](Cc1cc(C)c2c(c1)ncn2COC(=O)C(C)(C)C)OC(=O)N1CCC(N2CCc3ccccc3NC2=O)CC1 did not produce any reactants
2024-10-01 16:48:52,038 - DEBUG - retro reaction from template [C:2]-[C;H0;D3;+0:1](=[O;D1;H0:3])-[NH;D2;+0:9]-[C:8]-[C:6](=[O;D1;H0:7])-[#8:5]-[C;D1;H3:4]>>O-[C;H0;D3;+0:1](-[C:2])=[O;D1;H0:3].[C;D1;H3:4]-[#8:5]-[C:6](=[O;D1;H0:7])-[C:8]-[NH2;D1;+0:9] on molecule COC(=O)[C@@H](Cc1cc(C)c2c(c1)ncn2COC(=O)C(C)(C)C)OC(=O)N1CCC(N2CCc3ccccc3NC2=O)CC1 did not produce any reactants
2024-10-01 16:48:52,043 - DEBUG - retro reaction from template [C:2]-[CH;D3;+0:1](-[C;D1;H3:3])-[N;H0;D3;+0:5](-[C;D1;H3:4])-[C;D1;H3:6]>>O=[C;H0;D3;+0:1](-[C:2])-[C;D1;H3:3].[C;D1;H3:4]-[NH;D2;+0:5]-[C;D1;H3:6] on molecule COC(=O)[C@@H](Cc1cc(C)c2c(c1)ncn2COC(=O)C(C)(C)C)OC(=O)N1CCC(N2CCc3ccccc3NC2=O)CC1 did not produce any reactants
2024-10-01 16:48:52,048 - DEBUG - retro reaction from template [C;D1;H3:4]-[#8:5]-[C:6](=[O;D1;H0:7])-[C:8]-[NH;D2;+0:9]-[C;H0;D3;+0:1](=[O;D1;H0:2])-[c:3]>>O-[C;H0;D3;+0:1](=[O;D1;H0:2])-[c:3].[C;D1;H3:4]-[#8:5]-[C:6](=[O;D1;H0:7])-[C:8]-[NH2;D1;+0:9] on molecule COC(=O)[C@@H](Cc1cc(C)c2c(c1)ncn2COC(=O)C(C)(C)C)OC(=O)N1CCC(N2CCc3ccccc3NC2=O)CC1 did not produce any reactants
2024-10-01 16:48:52,053 - DEBUG - retro reaction from template [C:2]-[CH2;D2;+0:1]-[n;H0;D3;+0:5]1:[c:4]:[#7;a:3]:[c:7]:[c:6]:1>>Br-[CH2;D2;+0:1]-[C:2].[#7;a:3]1:[c:4]:[nH;D2;+0:5]:[c:6]:[c:7]:1 on molecule COC(=O)[C@@H](Cc1cc(C)c2c(c1)ncn2COC(=O)C(C)(C)C)OC(=O)N1CCC(N2CCc3ccccc3NC2=O)CC1 did not produce any reactants
2024-10-01 16:48:52,164 - DEBUG - Reaction Cc1cc(C[C@@H](OC(=O)N2CCC(N3CCc4ccccc4NC3=O)CC2)C(=O)O)cc([N+](=O)[O-])c1N>>COC(=O)[C@@H](Cc1cc(C)c(N)c([N+](=O)[O-])c1)OC(=O)N1CCC(N2CCc3ccccc3NC2=O)CC1 was rejected because it re-generated molecule not in stock
2024-10-01 16:48:52,184 - DEBUG - retro reaction from template [C:2]-[C;H0;D3;+0:1](=[O;D1;H0:3])-[O;H0;D2;+0:5]-[C;D1;H3:4]>>O-[C;H0;D3;+0:1](-[C:2])=[O;D1;H0:3].[C;D1;H3:4]-[OH;D1;+0:5] on molecule CCOC(=O)[C@@H](Cc1cc(C)c(N)c([N+](=O)[O-])c1)OC(=O)N1CCC(N2CCc3ccccc3NC2=O)CC1 did not produce any reactants
2024-10-01 16:48:52,188 - DEBUG - retro reaction from template [C:1]-[CH;D2;+0:2]=[O;H0;D1;+0:3]>>[C:1]-[CH2;D2;+0:2]-[OH;D1;+0:3] on molecule O=CO did not produce any reactants
2024-10-01 16:48:52,191 - DEBUG - retro reaction from template [C:1]=[C:2]-[CH;D2;+0:3]=[O;H0;D1;+0:4]>>[C:1]=[C:2]-[CH2;D2;+0:3]-[OH;D1;+0:4] on molecule O=CO did not produce any reactants
2024-10-01 16:48:52,301 - DEBUG - retro reaction from template [C:2]-[CH;D3;+0:1](-[C;D1;H3:3])-[N;H0;D3;+0:5](-[C;D1;H3:4])-[C;D1;H3:6]>>O=[C;H0;D3;+0:1](-[C:2])-[C;D1;H3:3].[C;D1;H3:4]-[NH;D2;+0:5]-[C;D1;H3:6] on molecule COC(=O)[C@@H](Cc1cc(C)c2c(c1)ncn2C(=O)OC(C)(C)C)OC(=O)N1CCC(N2CCc3ccccc3NC2=O)CC1 did not produce any reactants
2024-10-01 16:48:52,306 - DEBUG - retro reaction from template [c;H0;D3;+0:3]1:[c;H0;D3;+0:4]:[nH;D2;+0:5]:[cH;D2;+0:1]:[n;H0;D2;+0:2]:1>>O-[CH;D2;+0:1]=O.O=[N+;H0;D3:2](-[O-])-[c;H0;D3;+0:3]:[c;H0;D3;+0:4]-[NH2;D1;+0:5] on molecule COC(=O)[C@@H](Cc1cc(C)c2c(c1)ncn2C(=O)OC(C)(C)C)OC(=O)N1CCC(N2CCc3ccccc3NC2=O)CC1 did not produce any reactants
2024-10-01 16:48:52,311 - DEBUG - retro reaction from template [C:2]-[C;H0;D3;+0:1](=[O;D1;H0:3])-[NH;D2;+0:9]-[C:8]-[C:6](=[O;D1;H0:7])-[#8:5]-[C;D1;H3:4]>>O-[C;H0;D3;+0:1](-[C:2])=[O;D1;H0:3].[C;D1;H3:4]-[#8:5]-[C:6](=[O;D1;H0:7])-[C:8]-[NH2;D1;+0:9] on molecule COC(=O)[C@@H](Cc1cc(C)c2c(c1)ncn2C(=O)OC(C)(C)C)OC(=O)N1CCC(N2CCc3ccccc3NC2=O)CC1 did not produce any reactants
2024-10-01 16:48:52,320 - DEBUG - Reaction COC(=O)[C@@H](Cc1cc(C)c2c(c1)ncn2C(=O)OC(C)(C)C)OC(=O)N1CCC(N2CCc3ccccc3NC2=O)CC1>>Cc1cc(C[C@@H](OC(=O)N2CCC(N3CCc4ccccc4NC3=O)CC2)C(=O)O)cc2ncn(C(=O)OC(C)(C)C)c12.CO was rejected because it re-generated molecule not in stock
2024-10-01 16:48:52,325 - DEBUG - retro reaction from template [#7:4]-[C:5](=[O;D1;H0:6])-[C:7]-[NH;D2;+0:8]-[C;H0;D3;+0:1](-[C:2])=[O;D1;H0:3]>>O-[C;H0;D3;+0:1](-[C:2])=[O;D1;H0:3].[#7:4]-[C:5](=[O;D1;H0:6])-[C:7]-[NH2;D1;+0:8] on molecule COC(=O)[C@@H](Cc1cc(C)c2c(c1)ncn2C(=O)OC(C)(C)C)OC(=O)N1CCC(N2CCc3ccccc3NC2=O)CC1 did not produce any reactants
2024-10-01 16:48:52,437 - DEBUG - retro reaction from template [C;D1;H3:3]-[N;H0;D3;+0:4](-[C;D1;H3:5])-[CH2;D2;+0:1]-[c:2]>>O=[CH;D2;+0:1]-[c:2].[C;D1;H3:3]-[NH;D2;+0:4]-[C;D1;H3:5] on molecule Cc1cc(C[C@@H](OC(=O)N2CCC(N3CCc4ccccc4NC3=O)CC2)C(=O)N2CCC(C3CCN(Cc4ccccc4)CC3)CC2)cc([N+](=O)[O-])c1[N+](=O)[O-] did not produce any reactants
2024-10-01 16:48:52,442 - DEBUG - retro reaction from template [C:3]-[N;H0;D3;+0:4](-[C;D1;H3:5])-[CH2;D2;+0:1]-[c:2]>>Br-[CH2;D2;+0:1]-[c:2].[C:3]-[NH;D2;+0:4]-[C;D1;H3:5] on molecule Cc1cc(C[C@@H](OC(=O)N2CCC(N3CCc4ccccc4NC3=O)CC2)C(=O)N2CCC(C3CCN(Cc4ccccc4)CC3)CC2)cc([N+](=O)[O-])c1[N+](=O)[O-] did not produce any reactants
2024-10-01 16:48:52,487 - DEBUG - retro reaction from template [C:2]-[CH;D3;+0:1](-[C;D1;H3:3])-[N;H0;D3;+0:5](-[C;D1;H3:4])-[C;D1;H3:6]>>O=[C;H0;D3;+0:1](-[C:2])-[C;D1;H3:3].[C;D1;H3:4]-[NH;D2;+0:5]-[C;D1;H3:6] on molecule COC(=O)[C@@H](Cc1cc(C)c2c(c1)ncn2C(=O)OC(C)(C)C)OC(=O)N1CCC(N2CCc3ccccc3NC2=O)CC1 did not produce any reactants
2024-10-01 16:48:52,492 - DEBUG - retro reaction from template [c;H0;D3;+0:3]1:[c;H0;D3;+0:4]:[nH;D2;+0:5]:[cH;D2;+0:1]:[n;H0;D2;+0:2]:1>>O-[CH;D2;+0:1]=O.O=[N+;H0;D3:2](-[O-])-[c;H0;D3;+0:3]:[c;H0;D3;+0:4]-[NH2;D1;+0:5] on molecule COC(=O)[C@@H](Cc1cc(C)c2c(c1)ncn2C(=O)OC(C)(C)C)OC(=O)N1CCC(N2CCc3ccccc3NC2=O)CC1 did not produce any reactants
2024-10-01 16:48:52,497 - DEBUG - retro reaction from template [C:2]-[C;H0;D3;+0:1](=[O;D1;H0:3])-[NH;D2;+0:9]-[C:8]-[C:6](=[O;D1;H0:7])-[#8:5]-[C;D1;H3:4]>>O-[C;H0;D3;+0:1](-[C:2])=[O;D1;H0:3].[C;D1;H3:4]-[#8:5]-[C:6](=[O;D1;H0:7])-[C:8]-[NH2;D1;+0:9] on molecule COC(=O)[C@@H](Cc1cc(C)c2c(c1)ncn2C(=O)OC(C)(C)C)OC(=O)N1CCC(N2CCc3ccccc3NC2=O)CC1 did not produce any reactants
2024-10-01 16:48:52,504 - DEBUG - Reaction COC(=O)[C@@H](Cc1cc(C)c2c(c1)ncn2C(=O)OC(C)(C)C)OC(=O)N1CCC(N2CCc3ccccc3NC2=O)CC1>>Cc1cc(C[C@@H](OC(=O)N2CCC(N3CCc4ccccc4NC3=O)CC2)C(=O)O)cc2ncn(C(=O)OC(C)(C)C)c12.CO was rejected because it re-generated molecule not in stock
2024-10-01 16:48:52,509 - DEBUG - retro reaction from template [#7:4]-[C:5](=[O;D1;H0:6])-[C:7]-[NH;D2;+0:8]-[C;H0;D3;+0:1](-[C:2])=[O;D1;H0:3]>>O-[C;H0;D3;+0:1](-[C:2])=[O;D1;H0:3].[#7:4]-[C:5](=[O;D1;H0:6])-[C:7]-[NH2;D1;+0:8] on molecule COC(=O)[C@@H](Cc1cc(C)c2c(c1)ncn2C(=O)OC(C)(C)C)OC(=O)N1CCC(N2CCc3ccccc3NC2=O)CC1 did not produce any reactants
2024-10-01 16:48:52,623 - DEBUG - retro reaction from template [NH2;D1;+0:1]-[c:2]>>O=[N+;H0;D3:1](-[O-])-[c:2] on molecule CCOC(=O)C(=O)Cc1cc(C)c(N)c(N)c1 was filtered out with prob 0.02958136796951294
2024-10-01 16:48:52,702 - DEBUG - retro reaction from template [C;D1;H3:3]-[N;H0;D3;+0:4](-[C;D1;H3:5])-[CH2;D2;+0:1]-[c:2]>>O=[CH;D2;+0:1]-[c:2].[C;D1;H3:3]-[NH;D2;+0:4]-[C;D1;H3:5] on molecule CC(C)(C)OC(=O)N1CCC(C2CCN(Cc3ccccc3)CC2)CC1 did not produce any reactants
2024-10-01 16:48:52,707 - DEBUG - retro reaction from template [C:2]-[C;H0;D3;+0:1](=[O;D1;H0:3])-[O;H0;D2;+0:5]-[C;D1;H3:4]>>O-[C;H0;D3;+0:1](-[C:2])=[O;D1;H0:3].[C;D1;H3:4]-[OH;D1;+0:5] on molecule CCOC(=O)[C@@H](Cc1cc(C)c(N)c([N+](=O)[O-])c1)OC(=O)N1CCC(N2CCc3ccccc3NC2=O)CC1 did not produce any reactants
2024-10-01 16:48:52,711 - DEBUG - retro reaction from template [C:3]-[N;H0;D3;+0:4](-[C;D1;H3:5])-[CH2;D2;+0:1]-[c:2]>>Br-[CH2;D2;+0:1]-[c:2].[C:3]-[NH;D2;+0:4]-[C;D1;H3:5] on molecule CC(C)(C)OC(=O)N1CCC(C2CCN(Cc3ccccc3)CC2)CC1 did not produce any reactants
2024-10-01 16:48:52,757 - DEBUG - retro reaction from template [C:2]-[NH;D2;+0:1]-[C;D1;H3:3]>>C-C(-C)(-C)-O-C(=O)-[N;H0;D3;+0:1](-[C:2])-[C;D1;H3:3] on molecule c1ccc(CN2CCC(C3CCNCC3)CC2)cc1 did not produce any reactants
2024-10-01 16:48:52,762 - DEBUG - retro reaction from template [C:2]-[C;H0;D3;+0:1](=[O;D1;H0:3])-[O;H0;D2;+0:5]-[C;D1;H3:4]>>O-[C;H0;D3;+0:1](-[C:2])=[O;D1;H0:3].[C;D1;H3:4]-[OH;D1;+0:5] on molecule CCOC(=O)[C@@H](Cc1cc(C)c(N)c([N+](=O)[O-])c1)OC(=O)N1CCC(N2CCc3ccccc3NC2=O)CC1 did not produce any reactants
2024-10-01 16:48:52,766 - DEBUG - retro reaction from template [C:1]-[CH;D2;+0:2]=[O;H0;D1;+0:3]>>[C:1]-[CH2;D2;+0:2]-[OH;D1;+0:3] on molecule O=CO did not produce any reactants
2024-10-01 16:48:52,789 - DEBUG - retro reaction from template [C:3]-[N;H0;D3;+0:4](-[C;D1;H3:5])-[CH2;D2;+0:1]-[c:2]>>Br-[CH2;D2;+0:1]-[c:2].[C:3]-[NH;D2;+0:4]-[C;D1;H3:5] on molecule c1ccc(CN2CCC(C3CCN(Cc4ccccc4)CC3)CC2)cc1 did not produce any reactants
2024-10-01 16:48:52,794 - DEBUG - retro reaction from template [C:2]-[C;H0;D3;+0:1](=[O;D1;H0:3])-[O;H0;D2;+0:5]-[C;D1;H3:4]>>O-[C;H0;D3;+0:1](-[C:2])=[O;D1;H0:3].[C;D1;H3:4]-[OH;D1;+0:5] on molecule CCOC(=O)[C@@H](Cc1cc(C)c(N)c([N+](=O)[O-])c1)OC(=O)N1CCC(N2CCc3ccccc3NC2=O)CC1 did not produce any reactants
2024-10-01 16:48:52,798 - DEBUG - retro reaction from template [C;D1;H3:3]-[N;H0;D3;+0:4](-[C;D1;H3:5])-[CH2;D2;+0:1]-[c:2]>>O=[CH;D2;+0:1]-[c:2].[C;D1;H3:3]-[NH;D2;+0:4]-[C;D1;H3:5] on molecule c1ccc(CN2CCC(C3CCN(Cc4ccccc4)CC3)CC2)cc1 did not produce any reactants
2024-10-01 16:48:52,803 - DEBUG - retro reaction from template [C;D1;H3:3]-[N;H0;D3;+0:4](-[C;D1;H3:5])-[CH2;D2;+0:1]-[c:2]>>Cl-[CH2;D2;+0:1]-[c:2].[C;D1;H3:3]-[NH;D2;+0:4]-[C;D1;H3:5] on molecule c1ccc(CN2CCC(C3CCN(Cc4ccccc4)CC3)CC2)cc1 did not produce any reactants
2024-10-01 16:48:52,807 - DEBUG - retro reaction from template [C:1]-[CH;D2;+0:2]=[O;H0;D1;+0:3]>>[C:1]-[CH2;D2;+0:2]-[OH;D1;+0:3] on molecule O=CO did not produce any reactants
2024-10-01 16:48:52,829 - DEBUG - retro reaction from template [C:3]-[N;H0;D3;+0:4](-[C;D1;H3:5])-[CH2;D2;+0:1]-[c:2]>>Br-[CH2;D2;+0:1]-[c:2].[C:3]-[NH;D2;+0:4]-[C;D1;H3:5] on molecule c1ccc(CN2CCC(C3CCN(Cc4ccccc4)CC3)CC2)cc1 did not produce any reactants
2024-10-01 16:48:52,835 - DEBUG - retro reaction from template [C:2]-[C;H0;D3;+0:1](=[O;D1;H0:3])-[O;H0;D2;+0:5]-[C;D1;H3:4]>>O-[C;H0;D3;+0:1](-[C:2])=[O;D1;H0:3].[C;D1;H3:4]-[OH;D1;+0:5] on molecule CCOC(=O)[C@@H](Cc1cc(C)c(N)c([N+](=O)[O-])c1)OC(=O)N1CCC(N2CCc3ccccc3NC2=O)CC1 did not produce any reactants
2024-10-01 16:48:52,840 - DEBUG - retro reaction from template [C;D1;H3:3]-[N;H0;D3;+0:4](-[C;D1;H3:5])-[CH2;D2;+0:1]-[c:2]>>O=[CH;D2;+0:1]-[c:2].[C;D1;H3:3]-[NH;D2;+0:4]-[C;D1;H3:5] on molecule c1ccc(CN2CCC(C3CCN(Cc4ccccc4)CC3)CC2)cc1 did not produce any reactants
2024-10-01 16:48:52,844 - DEBUG - retro reaction from template [C;D1;H3:3]-[N;H0;D3;+0:4](-[C;D1;H3:5])-[CH2;D2;+0:1]-[c:2]>>Cl-[CH2;D2;+0:1]-[c:2].[C;D1;H3:3]-[NH;D2;+0:4]-[C;D1;H3:5] on molecule c1ccc(CN2CCC(C3CCN(Cc4ccccc4)CC3)CC2)cc1 did not produce any reactants
2024-10-01 16:48:52,847 - DEBUG - retro reaction from template [C:1]-[CH;D2;+0:2]=[O;H0;D1;+0:3]>>[C:1]-[CH2;D2;+0:2]-[OH;D1;+0:3] on molecule O=CO did not produce any reactants
2024-10-01 16:48:52,851 - DEBUG - retro reaction from template [C:1]=[C:2]-[CH;D2;+0:3]=[O;H0;D1;+0:4]>>[C:1]=[C:2]-[CH2;D2;+0:3]-[OH;D1;+0:4] on molecule O=CO did not produce any reactants
2024-10-01 16:48:52,891 - DEBUG - Reaction CCOC(=O)[C@@H](Cc1cc(C)c(NC(=O)C(F)(F)F)c([N+](=O)[O-])c1)OC(=O)N1CCC(N2CCc3ccccc3NC2=O)CC1>>O=C(OC(=O)C(F)(F)F)C(F)(F)F.CCOC(=O)[C@@H](Cc1cc(C)c(N)c([N+](=O)[O-])c1)OC(=O)N1CCC(N2CCc3ccccc3NC2=O)CC1 was rejected because it re-generated molecule not in stock
2024-10-01 16:48:52,896 - DEBUG - retro reaction from template [C:3]-[N;H0;D3;+0:4](-[C;D1;H3:5])-[CH2;D2;+0:1]-[c:2]>>Br-[CH2;D2;+0:1]-[c:2].[C:3]-[NH;D2;+0:4]-[C;D1;H3:5] on molecule c1ccc(CN2CCC(C3CCN(Cc4ccccc4)CC3)CC2)cc1 did not produce any reactants
2024-10-01 16:48:52,900 - DEBUG - retro reaction from template [C;D1;H3:3]-[N;H0;D3;+0:4](-[C;D1;H3:5])-[CH2;D2;+0:1]-[c:2]>>O=[CH;D2;+0:1]-[c:2].[C;D1;H3:3]-[NH;D2;+0:4]-[C;D1;H3:5] on molecule c1ccc(CN2CCC(C3CCN(Cc4ccccc4)CC3)CC2)cc1 did not produce any reactants
2024-10-01 16:48:52,953 - DEBUG - retro reaction from template [C;D1;H3:2]-[S;H0;D4;+0:1](=[O;D1;H0:3])(=[O;D1;H0:4])-[n;H0;D3;+0:7]1:[c:6]:[#7;a:5]:[c:9]:[c:8]:1>>Cl-[S;H0;D4;+0:1](-[C;D1;H3:2])(=[O;D1;H0:3])=[O;D1;H0:4].[#7;a:5]1:[c:6]:[nH;D2;+0:7]:[c:8]:[c:9]:1 on molecule Cc1cc(C[C@@H](OC(=O)N2CCC(N3CCc4ccccc4NC3=O)CC2)C(=O)N2CCC(C3CCN(S(C)(=O)=O)CC3)CC2)cc2ncn(COCC[Si](C)(C)C)c12 did not produce any reactants
2024-10-01 16:48:52,986 - DEBUG - Reaction COC(=O)[C@@H](Cc1cc(C)c2c(c1)ncn2COCC[Si](C)(C)C)OC(=O)N1CCC(N2CCc3ccccc3NC2=O)CC1>>Cc1cc(C[C@@H](OC(=O)N2CCC(N3CCc4ccccc4NC3=O)CC2)C(=O)O)cc2ncn(COCC[Si](C)(C)C)c12.CO was rejected because it re-generated molecule not in stock
2024-10-01 16:48:52,991 - DEBUG - retro reaction from template [c;H0;D3;+0:3]1:[c;H0;D3;+0:4]:[nH;D2;+0:5]:[cH;D2;+0:1]:[n;H0;D2;+0:2]:1>>O-[CH;D2;+0:1]=O.O=[N+;H0;D3:2](-[O-])-[c;H0;D3;+0:3]:[c;H0;D3;+0:4]-[NH2;D1;+0:5] on molecule COC(=O)[C@@H](Cc1cc(C)c2c(c1)ncn2COCC[Si](C)(C)C)OC(=O)N1CCC(N2CCc3ccccc3NC2=O)CC1 did not produce any reactants
2024-10-01 16:48:53,036 - DEBUG - retro reaction from template [C;D1;H3:2]-[S;H0;D4;+0:1](=[O;D1;H0:3])(=[O;D1;H0:4])-[n;H0;D3;+0:7]1:[c:6]:[#7;a:5]:[c:9]:[c:8]:1>>Cl-[S;H0;D4;+0:1](-[C;D1;H3:2])(=[O;D1;H0:3])=[O;D1;H0:4].[#7;a:5]1:[c:6]:[nH;D2;+0:7]:[c:8]:[c:9]:1 on molecule Cc1cc(C[C@@H](OC(=O)N2CCC(N3CCc4ccccc4NC3=O)CC2)C(=O)N2CCC(C3CCN(S(C)(=O)=O)CC3)CC2)cc2ncn(COCC[Si](C)(C)C)c12 did not produce any reactants
2024-10-01 16:48:53,068 - DEBUG - Reaction COC(=O)[C@@H](Cc1cc(C)c2c(c1)ncn2COCC[Si](C)(C)C)OC(=O)N1CCC(N2CCc3ccccc3NC2=O)CC1>>Cc1cc(C[C@@H](OC(=O)N2CCC(N3CCc4ccccc4NC3=O)CC2)C(=O)O)cc2ncn(COCC[Si](C)(C)C)c12.CO was rejected because it re-generated molecule not in stock
2024-10-01 16:48:53,073 - DEBUG - retro reaction from template [c;H0;D3;+0:3]1:[c;H0;D3;+0:4]:[nH;D2;+0:5]:[cH;D2;+0:1]:[n;H0;D2;+0:2]:1>>O-[CH;D2;+0:1]=O.O=[N+;H0;D3:2](-[O-])-[c;H0;D3;+0:3]:[c;H0;D3;+0:4]-[NH2;D1;+0:5] on molecule COC(=O)[C@@H](Cc1cc(C)c2c(c1)ncn2COCC[Si](C)(C)C)OC(=O)N1CCC(N2CCc3ccccc3NC2=O)CC1 did not produce any reactants
2024-10-01 16:48:53,120 - DEBUG - retro reaction from template [C:2]-[C;H0;D3;+0:1](=[O;D1;H0:3])-[O;H0;D2;+0:8]-[C:7]-[C:5](=[O;D1;H0:4])-[O;D1;H1:6]>>Cl-[C;H0;D3;+0:1](-[C:2])=[O;D1;H0:3].[O;D1;H0:4]=[C:5](-[O;D1;H1:6])-[C:7]-[OH;D1;+0:8] on molecule Cc1cc(C[C@@H](OC(=O)Cl)C(=O)O)cc2nc[nH]c12 did not produce any reactants
2024-10-01 16:48:53,180 - DEBUG - retro reaction from template [NH2;D1;+0:1]-[c:2]>>O=[N+;H0;D3:1](-[O-])-[c:2] on molecule COC(=O)[C@@H](Cc1cc(C)c([N+](=O)[O-])c(N)c1)OC(=O)Cl was filtered out with prob 0.019953042268753052
2024-10-01 16:48:53,184 - DEBUG - retro reaction from template [C:1]-[CH;D2;+0:2]=[O;H0;D1;+0:3]>>[C:1]-[CH2;D2;+0:2]-[OH;D1;+0:3] on molecule O=CO did not produce any reactants
2024-10-01 16:48:53,231 - DEBUG - retro reaction from template [C:2]-[NH;D2;+0:1]-[C;D1;H3:3]>>C-C(-C)(-C)-O-C(=O)-[N;H0;D3;+0:1](-[C:2])-[C;D1;H3:3] on molecule Cc1cc(C[C@@H](OC(=O)Cl)C(=O)N2CCC(C3CCNCC3)CC2)cc2nc[nH]c12 did not produce any reactants
2024-10-01 16:48:53,276 - DEBUG - retro reaction from template [C:2]-[NH;D2;+0:1]-[C;D1;H3:3]>>C-C(-C)(-C)-O-C(=O)-[N;H0;D3;+0:1](-[C:2])-[C;D1;H3:3] on molecule c1ccc(CN2CCC(C3CCNCC3)CC2)cc1 did not produce any reactants
2024-10-01 16:48:53,280 - DEBUG - retro reaction from template [C:2]-[C;H0;D3;+0:1](=[O;D1;H0:3])-[O;H0;D2;+0:8]-[C:7]-[C:5](=[O;D1;H0:4])-[O;D1;H1:6]>>Cl-[C;H0;D3;+0:1](-[C:2])=[O;D1;H0:3].[O;D1;H0:4]=[C:5](-[O;D1;H1:6])-[C:7]-[OH;D1;+0:8] on molecule Cc1cc(C[C@@H](OC(=O)Cl)C(=O)O)cc2nc[nH]c12 did not produce any reactants
2024-10-01 16:48:53,348 - DEBUG - retro reaction from template [NH2;D1;+0:1]-[c:2]>>O=[N+;H0;D3:1](-[O-])-[c:2] on molecule CCOC(=O)C(=O)Cc1cc(C)c(N)c(N)c1 was filtered out with prob 0.02958136796951294
2024-10-01 16:48:53,406 - DEBUG - retro reaction from template [C;D1;H3:3]-[N;H0;D3;+0:4](-[C;D1;H3:5])-[CH2;D2;+0:1]-[c:2]>>O=[CH;D2;+0:1]-[c:2].[C;D1;H3:3]-[NH;D2;+0:4]-[C;D1;H3:5] on molecule Cc1cc(C[C@@H](OC(=O)N2CCC(N3CCc4ccccc4NC3=O)CC2)C(=O)N2CCC(C3CCN(Cc4ccccc4)CC3)CC2)cc([N+](=O)[O-])c1N did not produce any reactants
2024-10-01 16:48:53,411 - DEBUG - retro reaction from template [C:3]-[N;H0;D3;+0:4](-[C;D1;H3:5])-[CH2;D2;+0:1]-[c:2]>>Br-[CH2;D2;+0:1]-[c:2].[C:3]-[NH;D2;+0:4]-[C;D1;H3:5] on molecule Cc1cc(C[C@@H](OC(=O)N2CCC(N3CCc4ccccc4NC3=O)CC2)C(=O)N2CCC(C3CCN(Cc4ccccc4)CC3)CC2)cc([N+](=O)[O-])c1N did not produce any reactants
2024-10-01 16:48:53,415 - DEBUG - retro reaction from template [C:1]-[CH;D2;+0:2]=[O;H0;D1;+0:3]>>[C:1]-[CH2;D2;+0:2]-[OH;D1;+0:3] on molecule O=CO did not produce any reactants
2024-10-01 16:48:53,435 - DEBUG - retro reaction from template [C;D1;H3:3]-[N;H0;D3;+0:4](-[C;D1;H3:5])-[CH2;D2;+0:1]-[c:2]>>O=[CH;D2;+0:1]-[c:2].[C;D1;H3:3]-[NH;D2;+0:4]-[C;D1;H3:5] on molecule Cc1cc(C[C@@H](OC(=O)N2CCC(N3CCc4ccccc4NC3=O)CC2)C(=O)N2CCC(C3CCN(Cc4ccccc4)CC3)CC2)cc([N+](=O)[O-])c1N did not produce any reactants
2024-10-01 16:48:53,441 - DEBUG - retro reaction from template [C:3]-[N;H0;D3;+0:4](-[C;D1;H3:5])-[CH2;D2;+0:1]-[c:2]>>Br-[CH2;D2;+0:1]-[c:2].[C:3]-[NH;D2;+0:4]-[C;D1;H3:5] on molecule Cc1cc(C[C@@H](OC(=O)N2CCC(N3CCc4ccccc4NC3=O)CC2)C(=O)N2CCC(C3CCN(Cc4ccccc4)CC3)CC2)cc([N+](=O)[O-])c1N did not produce any reactants
2024-10-01 16:48:53,444 - DEBUG - retro reaction from template [C:1]-[CH;D2;+0:2]=[O;H0;D1;+0:3]>>[C:1]-[CH2;D2;+0:2]-[OH;D1;+0:3] on molecule O=CO did not produce any reactants
2024-10-01 16:48:53,447 - DEBUG - retro reaction from template [C:1]=[C:2]-[CH;D2;+0:3]=[O;H0;D1;+0:4]>>[C:1]=[C:2]-[CH2;D2;+0:3]-[OH;D1;+0:4] on molecule O=CO did not produce any reactants
2024-10-01 16:48:53,477 - DEBUG - retro reaction from template [C:2]-[NH;D2;+0:1]-[C;D1;H3:3]>>C-C(-C)(-C)-O-C(=O)-[N;H0;D3;+0:1](-[C:2])-[C;D1;H3:3] on molecule c1ccc(CN2CCC(C3CCNCC3)CC2)cc1 did not produce any reactants
2024-10-01 16:48:53,542 - DEBUG - retro reaction from template [C;D1;H3:3]-[N;H0;D3;+0:4](-[C;D1;H3:5])-[CH2;D2;+0:1]-[c:2]>>O=[CH;D2;+0:1]-[c:2].[C;D1;H3:3]-[NH;D2;+0:4]-[C;D1;H3:5] on molecule Cc1cc(C[C@@H](OC(=O)N2CCC(N3CCc4ccccc4NC3=O)CC2)C(=O)N2CCC(C3CCN(Cc4ccccc4)CC3)CC2)cc([N+](=O)[O-])c1N did not produce any reactants
2024-10-01 16:48:53,547 - DEBUG - retro reaction from template [C:3]-[N;H0;D3;+0:4](-[C;D1;H3:5])-[CH2;D2;+0:1]-[c:2]>>Br-[CH2;D2;+0:1]-[c:2].[C:3]-[NH;D2;+0:4]-[C;D1;H3:5] on molecule Cc1cc(C[C@@H](OC(=O)N2CCC(N3CCc4ccccc4NC3=O)CC2)C(=O)N2CCC(C3CCN(Cc4ccccc4)CC3)CC2)cc([N+](=O)[O-])c1N did not produce any reactants
2024-10-01 16:48:53,568 - DEBUG - retro reaction from template [C;D1;H3:3]-[N;H0;D3;+0:4](-[C;D1;H3:5])-[CH2;D2;+0:1]-[c:2]>>O=[CH;D2;+0:1]-[c:2].[C;D1;H3:3]-[NH;D2;+0:4]-[C;D1;H3:5] on molecule Cc1cc(C[C@@H](OC(=O)N2CCC(N3CCc4ccccc4NC3=O)CC2)C(=O)N2CCC(C3CCN(Cc4ccccc4)CC3)CC2)cc([N+](=O)[O-])c1N did not produce any reactants
2024-10-01 16:48:53,573 - DEBUG - retro reaction from template [C:3]-[N;H0;D3;+0:4](-[C;D1;H3:5])-[CH2;D2;+0:1]-[c:2]>>Br-[CH2;D2;+0:1]-[c:2].[C:3]-[NH;D2;+0:4]-[C;D1;H3:5] on molecule Cc1cc(C[C@@H](OC(=O)N2CCC(N3CCc4ccccc4NC3=O)CC2)C(=O)N2CCC(C3CCN(Cc4ccccc4)CC3)CC2)cc([N+](=O)[O-])c1N did not produce any reactants
2024-10-01 16:48:53,577 - DEBUG - retro reaction from template [#7:2]-[NH2;D1;+0:1]>>O=[N;H0;D2;+0:1]-[#7:2] on molecule N=CN did not produce any reactants
2024-10-01 16:48:53,580 - DEBUG - retro reaction from template [C:4]=[C:3]-[C:2]-[NH2;D1;+0:1]>>C-C(-C)(-C)-O-C(=O)-[NH;D2;+0:1]-[C:2]-[C:3]=[C:4] on molecule N=CN did not produce any reactants
2024-10-01 16:48:53,610 - DEBUG - retro reaction from template [C:2]-[NH;D2;+0:1]-[C;D1;H3:3]>>C-C(-C)(-C)-O-C(=O)-[N;H0;D3;+0:1](-[C:2])-[C;D1;H3:3] on molecule c1ccc(CN2CCC(C3CCNCC3)CC2)cc1 did not produce any reactants
2024-10-01 16:48:53,622 - DEBUG - retro reaction from template [C:2]-[C;H0;D3;+0:1](=[O;D1;H0:3])-[O;H0;D2;+0:5]-[C;D1;H3:4]>>O-[C;H0;D3;+0:1](-[C:2])=[O;D1;H0:3].[C;D1;H3:4]-[OH;D1;+0:5] on molecule Cc1cc(C[C@@H](OC(=O)N2CCC(N3CCc4ccccc4NC3=O)CC2)C(=O)N2CCC(C3CCN(S(C)(=O)=O)CC3)CC2)cc2ncn(COC(=O)C(C)(C)C)c12 did not produce any reactants
2024-10-01 16:48:53,628 - DEBUG - retro reaction from template [C;D1;H3:2]-[S;H0;D4;+0:1](=[O;D1;H0:3])(=[O;D1;H0:4])-[n;H0;D3;+0:7]1:[c:6]:[#7;a:5]:[c:9]:[c:8]:1>>Cl-[S;H0;D4;+0:1](-[C;D1;H3:2])(=[O;D1;H0:3])=[O;D1;H0:4].[#7;a:5]1:[c:6]:[nH;D2;+0:7]:[c:8]:[c:9]:1 on molecule Cc1cc(C[C@@H](OC(=O)N2CCC(N3CCc4ccccc4NC3=O)CC2)C(=O)N2CCC(C3CCN(S(C)(=O)=O)CC3)CC2)cc2ncn(COC(=O)C(C)(C)C)c12 did not produce any reactants
2024-10-01 16:48:53,633 - DEBUG - retro reaction from template [#7:4]-[C:5](=[O;D1;H0:6])-[C:7]-[NH;D2;+0:8]-[C;H0;D3;+0:1](=[O;D1;H0:2])-[c:3]>>O-[C;H0;D3;+0:1](=[O;D1;H0:2])-[c:3].[#7:4]-[C:5](=[O;D1;H0:6])-[C:7]-[NH2;D1;+0:8] on molecule Cc1cc(C[C@@H](OC(=O)N2CCC(N3CCc4ccccc4NC3=O)CC2)C(=O)N2CCC(C3CCN(S(C)(=O)=O)CC3)CC2)cc2ncn(COC(=O)C(C)(C)C)c12 did not produce any reactants
2024-10-01 16:48:53,638 - DEBUG - retro reaction from template [C:2]-[CH;D3;+0:1](-[C;D1;H3:3])-[N;H0;D3;+0:5](-[C;D1;H3:4])-[C;D1;H3:6]>>O=[C;H0;D3;+0:1](-[C:2])-[C;D1;H3:3].[C;D1;H3:4]-[NH;D2;+0:5]-[C;D1;H3:6] on molecule Cc1cc(C[C@@H](OC(=O)N2CCC(N3CCc4ccccc4NC3=O)CC2)C(=O)N2CCC(C3CCN(S(C)(=O)=O)CC3)CC2)cc2ncn(COC(=O)C(C)(C)C)c12 did not produce any reactants
2024-10-01 16:48:53,644 - DEBUG - retro reaction from template [c;H0;D3;+0:3]1:[c;H0;D3;+0:4]:[nH;D2;+0:5]:[cH;D2;+0:1]:[n;H0;D2;+0:2]:1>>O-[CH;D2;+0:1]=O.O=[N+;H0;D3:2](-[O-])-[c;H0;D3;+0:3]:[c;H0;D3;+0:4]-[NH2;D1;+0:5] on molecule Cc1cc(C[C@@H](OC(=O)N2CCC(N3CCc4ccccc4NC3=O)CC2)C(=O)N2CCC(C3CCN(S(C)(=O)=O)CC3)CC2)cc2ncn(COC(=O)C(C)(C)C)c12 did not produce any reactants
2024-10-01 16:48:53,649 - DEBUG - retro reaction from template [C:2]-[C;H0;D3;+0:1](=[O;D1;H0:3])-[O;H0;D2;+0:5]-[C;D1;H3:4]>>Cl-[C;H0;D3;+0:1](-[C:2])=[O;D1;H0:3].[C;D1;H3:4]-[OH;D1;+0:5] on molecule Cc1cc(C[C@@H](OC(=O)N2CCC(N3CCc4ccccc4NC3=O)CC2)C(=O)N2CCC(C3CCN(S(C)(=O)=O)CC3)CC2)cc2ncn(COC(=O)C(C)(C)C)c12 did not produce any reactants
