2024-10-01 16:50:06,162 - INFO - Loading template-based expansion policy model from /home/azureuser/retrollm/aizynthfinder/models/uspto_model.onnx to uspto
2024-10-01 16:50:06,273 - INFO - Loading templates from /home/azureuser/retrollm/aizynthfinder/models/uspto_templates.csv.gz to uspto
2024-10-01 16:50:06,420 - INFO - Loading template-based expansion policy model from /home/azureuser/retrollm/aizynthfinder/models/uspto_ringbreaker_model.onnx to ringbreaker
2024-10-01 16:50:06,439 - INFO - Loading templates from /home/azureuser/retrollm/aizynthfinder/models/uspto_ringbreaker_templates.csv.gz to ringbreaker
2024-10-01 16:50:06,459 - INFO - Loading filter policy model from /home/azureuser/retrollm/aizynthfinder/models/uspto_filter_model.onnx to uspto
2024-10-01 16:50:13,381 - INFO - Loading stock from InMemoryInchiKeyQuery to zinc
2024-10-01 16:50:13,381 - INFO - Selected as stock: zinc
2024-10-01 16:50:13,381 - INFO - Compounds in stock: 17422831
2024-10-01 16:50:13,381 - INFO - Selected as expansion policy: uspto
2024-10-01 16:50:13,381 - INFO - Selected as filter policy: uspto
2024-10-01 16:50:13,385 - DEBUG - Starting search
2024-10-01 16:50:14,325 - DEBUG - retro reaction from template [C;D1;H3:3]-[N;H0;D3;+0:4](-[C;D1;H3:5])-[CH2;D2;+0:1]-[c:2]>>O=[CH;D2;+0:1]-[c:2].[C;D1;H3:3]-[NH;D2;+0:4]-[C;D1;H3:5] on molecule Cc1cc(C[C@@H](OC(=O)N2CCC(N3CCc4ccccc4NC3=O)CC2)C(=O)N2CCC(C3CCN(Cc4ccccc4)CC3)CC2)cc2nc[nH]c12 did not produce any reactants
2024-10-01 16:50:14,362 - DEBUG - retro reaction from template [C:2]-[NH;D2;+0:1]-[C;D1;H3:3]>>C-C(-C)(-C)-O-C(=O)-[N;H0;D3;+0:1](-[C:2])-[C;D1;H3:3] on molecule c1ccc(CN2CCC(C3CCNCC3)CC2)cc1 did not produce any reactants
2024-10-01 16:50:14,424 - DEBUG - retro reaction from template [C:2]-[NH;D2;+0:1]-[C;D1;H3:3]>>C-C(-C)(-C)-O-C(=O)-[N;H0;D3;+0:1](-[C:2])-[C;D1;H3:3] on molecule c1ccc(CN2CCC(C3CCNCC3)CC2)cc1 did not produce any reactants
2024-10-01 16:50:14,429 - DEBUG - retro reaction from template [C:2]-[C;H0;D3;+0:1](=[O;D1;H0:3])-[O;H0;D2;+0:5]-[C;D1;H3:4]>>O-[C;H0;D3;+0:1](-[C:2])=[O;D1;H0:3].[C;D1;H3:4]-[OH;D1;+0:5] on molecule CCOC(=O)[C@@H](Cc1cc(C)c(N)c([N+](=O)[O-])c1)OC(=O)N1CCC(N2CCc3ccccc3NC2=O)CC1 did not produce any reactants
2024-10-01 16:50:14,433 - DEBUG - retro reaction from template [C:1]-[CH;D2;+0:2]=[O;H0;D1;+0:3]>>[C:1]-[CH2;D2;+0:2]-[OH;D1;+0:3] on molecule O=CO did not produce any reactants
2024-10-01 16:50:14,467 - DEBUG - retro reaction from template [C:3]-[N;H0;D3;+0:4](-[C;D1;H3:5])-[CH2;D2;+0:1]-[c:2]>>Br-[CH2;D2;+0:1]-[c:2].[C:3]-[NH;D2;+0:4]-[C;D1;H3:5] on molecule c1ccc(CN2CCC(C3CCN(Cc4ccccc4)CC3)CC2)cc1 did not produce any reactants
2024-10-01 16:50:14,474 - DEBUG - retro reaction from template [C:2]-[C;H0;D3;+0:1](=[O;D1;H0:3])-[O;H0;D2;+0:5]-[C;D1;H3:4]>>O-[C;H0;D3;+0:1](-[C:2])=[O;D1;H0:3].[C;D1;H3:4]-[OH;D1;+0:5] on molecule CCOC(=O)[C@@H](Cc1cc(C)c(N)c([N+](=O)[O-])c1)OC(=O)N1CCC(N2CCc3ccccc3NC2=O)CC1 did not produce any reactants
2024-10-01 16:50:14,479 - DEBUG - retro reaction from template [C;D1;H3:3]-[N;H0;D3;+0:4](-[C;D1;H3:5])-[CH2;D2;+0:1]-[c:2]>>O=[CH;D2;+0:1]-[c:2].[C;D1;H3:3]-[NH;D2;+0:4]-[C;D1;H3:5] on molecule c1ccc(CN2CCC(C3CCN(Cc4ccccc4)CC3)CC2)cc1 did not produce any reactants
2024-10-01 16:50:14,484 - DEBUG - retro reaction from template [C;D1;H3:3]-[N;H0;D3;+0:4](-[C;D1;H3:5])-[CH2;D2;+0:1]-[c:2]>>Cl-[CH2;D2;+0:1]-[c:2].[C;D1;H3:3]-[NH;D2;+0:4]-[C;D1;H3:5] on molecule c1ccc(CN2CCC(C3CCN(Cc4ccccc4)CC3)CC2)cc1 did not produce any reactants
2024-10-01 16:50:14,488 - DEBUG - retro reaction from template [C:1]-[CH;D2;+0:2]=[O;H0;D1;+0:3]>>[C:1]-[CH2;D2;+0:2]-[OH;D1;+0:3] on molecule O=CO did not produce any reactants
2024-10-01 16:50:14,521 - DEBUG - retro reaction from template [C:3]-[N;H0;D3;+0:4](-[C;D1;H3:5])-[CH2;D2;+0:1]-[c:2]>>Br-[CH2;D2;+0:1]-[c:2].[C:3]-[NH;D2;+0:4]-[C;D1;H3:5] on molecule c1ccc(CN2CCC(C3CCN(Cc4ccccc4)CC3)CC2)cc1 did not produce any reactants
2024-10-01 16:50:14,527 - DEBUG - retro reaction from template [C:2]-[C;H0;D3;+0:1](=[O;D1;H0:3])-[O;H0;D2;+0:5]-[C;D1;H3:4]>>O-[C;H0;D3;+0:1](-[C:2])=[O;D1;H0:3].[C;D1;H3:4]-[OH;D1;+0:5] on molecule CCOC(=O)[C@@H](Cc1cc(C)c(N)c([N+](=O)[O-])c1)OC(=O)N1CCC(N2CCc3ccccc3NC2=O)CC1 did not produce any reactants
2024-10-01 16:50:14,532 - DEBUG - retro reaction from template [C;D1;H3:3]-[N;H0;D3;+0:4](-[C;D1;H3:5])-[CH2;D2;+0:1]-[c:2]>>O=[CH;D2;+0:1]-[c:2].[C;D1;H3:3]-[NH;D2;+0:4]-[C;D1;H3:5] on molecule c1ccc(CN2CCC(C3CCN(Cc4ccccc4)CC3)CC2)cc1 did not produce any reactants
2024-10-01 16:50:14,537 - DEBUG - retro reaction from template [C;D1;H3:3]-[N;H0;D3;+0:4](-[C;D1;H3:5])-[CH2;D2;+0:1]-[c:2]>>Cl-[CH2;D2;+0:1]-[c:2].[C;D1;H3:3]-[NH;D2;+0:4]-[C;D1;H3:5] on molecule c1ccc(CN2CCC(C3CCN(Cc4ccccc4)CC3)CC2)cc1 did not produce any reactants
2024-10-01 16:50:14,541 - DEBUG - retro reaction from template [C:1]-[CH;D2;+0:2]=[O;H0;D1;+0:3]>>[C:1]-[CH2;D2;+0:2]-[OH;D1;+0:3] on molecule O=CO did not produce any reactants
2024-10-01 16:50:14,545 - DEBUG - retro reaction from template [C:1]=[C:2]-[CH;D2;+0:3]=[O;H0;D1;+0:4]>>[C:1]=[C:2]-[CH2;D2;+0:3]-[OH;D1;+0:4] on molecule O=CO did not produce any reactants
2024-10-01 16:50:14,649 - DEBUG - retro reaction from template [C;D1;H3:3]-[N;H0;D3;+0:4](-[C;D1;H3:5])-[CH2;D2;+0:1]-[c:2]>>O=[CH;D2;+0:1]-[c:2].[C;D1;H3:3]-[NH;D2;+0:4]-[C;D1;H3:5] on molecule Cc1cc(C[C@@H](OC(=O)N2CCC(N3CCc4ccccc4NC3=O)CC2)C(=O)N2CCC(C3CCN(Cc4ccccc4)CC3)CC2)cc([N+](=O)[O-])c1N did not produce any reactants
2024-10-01 16:50:14,656 - DEBUG - retro reaction from template [C:3]-[N;H0;D3;+0:4](-[C;D1;H3:5])-[CH2;D2;+0:1]-[c:2]>>Br-[CH2;D2;+0:1]-[c:2].[C:3]-[NH;D2;+0:4]-[C;D1;H3:5] on molecule Cc1cc(C[C@@H](OC(=O)N2CCC(N3CCc4ccccc4NC3=O)CC2)C(=O)N2CCC(C3CCN(Cc4ccccc4)CC3)CC2)cc([N+](=O)[O-])c1N did not produce any reactants
2024-10-01 16:50:14,660 - DEBUG - retro reaction from template [C:1]-[CH;D2;+0:2]=[O;H0;D1;+0:3]>>[C:1]-[CH2;D2;+0:2]-[OH;D1;+0:3] on molecule O=CO did not produce any reactants
2024-10-01 16:50:14,683 - DEBUG - retro reaction from template [C;D1;H3:3]-[N;H0;D3;+0:4](-[C;D1;H3:5])-[CH2;D2;+0:1]-[c:2]>>O=[CH;D2;+0:1]-[c:2].[C;D1;H3:3]-[NH;D2;+0:4]-[C;D1;H3:5] on molecule Cc1cc(C[C@@H](OC(=O)N2CCC(N3CCc4ccccc4NC3=O)CC2)C(=O)N2CCC(C3CCN(Cc4ccccc4)CC3)CC2)cc([N+](=O)[O-])c1N did not produce any reactants
2024-10-01 16:50:14,690 - DEBUG - retro reaction from template [C:3]-[N;H0;D3;+0:4](-[C;D1;H3:5])-[CH2;D2;+0:1]-[c:2]>>Br-[CH2;D2;+0:1]-[c:2].[C:3]-[NH;D2;+0:4]-[C;D1;H3:5] on molecule Cc1cc(C[C@@H](OC(=O)N2CCC(N3CCc4ccccc4NC3=O)CC2)C(=O)N2CCC(C3CCN(Cc4ccccc4)CC3)CC2)cc([N+](=O)[O-])c1N did not produce any reactants
2024-10-01 16:50:14,694 - DEBUG - retro reaction from template [C:1]-[CH;D2;+0:2]=[O;H0;D1;+0:3]>>[C:1]-[CH2;D2;+0:2]-[OH;D1;+0:3] on molecule O=CO did not produce any reactants
2024-10-01 16:50:14,699 - DEBUG - retro reaction from template [C:1]=[C:2]-[CH;D2;+0:3]=[O;H0;D1;+0:4]>>[C:1]=[C:2]-[CH2;D2;+0:3]-[OH;D1;+0:4] on molecule O=CO did not produce any reactants
2024-10-01 16:50:14,737 - DEBUG - retro reaction from template [C:2]-[NH;D2;+0:1]-[C;D1;H3:3]>>C-C(-C)(-C)-O-C(=O)-[N;H0;D3;+0:1](-[C:2])-[C;D1;H3:3] on molecule c1ccc(CN2CCC(C3CCNCC3)CC2)cc1 did not produce any reactants
2024-10-01 16:50:14,770 - DEBUG - retro reaction from template [C:2]-[NH;D2;+0:1]-[C;D1;H3:3]>>C-C(-C)(-C)-O-C(=O)-[N;H0;D3;+0:1](-[C:2])-[C;D1;H3:3] on molecule c1ccc(CN2CCC(C3CCNCC3)CC2)cc1 did not produce any reactants
2024-10-01 16:50:14,778 - DEBUG - Reaction COC(=O)[C@@H](Cc1cc(C)c(N)c([N+](=O)[O-])c1)OC(=O)N1CCC(N2CCc3ccccc3NC2=O)CC1>>Cc1cc(C[C@@H](OC(=O)N2CCC(N3CCc4ccccc4NC3=O)CC2)C(=O)O)cc([N+](=O)[O-])c1N.CO was rejected because it re-generated molecule not in stock
2024-10-01 16:50:14,839 - DEBUG - retro reaction from template [C:2]-[C;H0;D3;+0:1](=[O;D1;H0:3])-[O;H0;D2;+0:5]-[C;D1;H3:4]>>O-[C;H0;D3;+0:1](-[C:2])=[O;D1;H0:3].[C;D1;H3:4]-[OH;D1;+0:5] on molecule CCOC(=O)[C@@H](Cc1cc(C)c(N)c([N+](=O)[O-])c1)OC(=O)N1CCC(N2CCc3ccccc3NC2=O)CC1 did not produce any reactants
2024-10-01 16:50:14,844 - DEBUG - retro reaction from template [C:1]-[CH;D2;+0:2]=[O;H0;D1;+0:3]>>[C:1]-[CH2;D2;+0:2]-[OH;D1;+0:3] on molecule O=CO did not produce any reactants
2024-10-01 16:50:14,848 - DEBUG - retro reaction from template [C:1]=[C:2]-[CH;D2;+0:3]=[O;H0;D1;+0:4]>>[C:1]=[C:2]-[CH2;D2;+0:3]-[OH;D1;+0:4] on molecule O=CO did not produce any reactants
2024-10-01 16:50:14,893 - DEBUG - Reaction CCOC(=O)[C@@H](Cc1cc(C)c(NC(=O)C(F)(F)F)c([N+](=O)[O-])c1)OC(=O)N1CCC(N2CCc3ccccc3NC2=O)CC1>>O=C(OC(=O)C(F)(F)F)C(F)(F)F.CCOC(=O)[C@@H](Cc1cc(C)c(N)c([N+](=O)[O-])c1)OC(=O)N1CCC(N2CCc3ccccc3NC2=O)CC1 was rejected because it re-generated molecule not in stock
2024-10-01 16:50:15,004 - DEBUG - retro reaction from template [C:2]-[NH;D2;+0:1]-[C;D1;H3:3]>>C-C(-C)(-C)-O-C(=O)-[N;H0;D3;+0:1](-[C:2])-[C;D1;H3:3] on molecule Cc1cc(C[C@@H](OC(=O)Cl)C(=O)N2CCC(C3CCNCC3)CC2)cc2nc[nH]c12 did not produce any reactants
2024-10-01 16:50:15,061 - DEBUG - retro reaction from template [C:2]-[NH;D2;+0:1]-[C;D1;H3:3]>>C-C(-C)(-C)-O-C(=O)-[N;H0;D3;+0:1](-[C:2])-[C;D1;H3:3] on molecule c1ccc(CN2CCC(C3CCNCC3)CC2)cc1 did not produce any reactants
2024-10-01 16:50:15,067 - DEBUG - retro reaction from template [C:2]-[C;H0;D3;+0:1](=[O;D1;H0:3])-[O;H0;D2;+0:8]-[C:7]-[C:5](=[O;D1;H0:4])-[O;D1;H1:6]>>Cl-[C;H0;D3;+0:1](-[C:2])=[O;D1;H0:3].[O;D1;H0:4]=[C:5](-[O;D1;H1:6])-[C:7]-[OH;D1;+0:8] on molecule Cc1cc(C[C@@H](OC(=O)Cl)C(=O)O)cc2nc[nH]c12 did not produce any reactants
2024-10-01 16:50:15,097 - DEBUG - retro reaction from template [C:2]-[NH;D2;+0:1]-[C;D1;H3:3]>>C-C(-C)(-C)-O-C(=O)-[N;H0;D3;+0:1](-[C:2])-[C;D1;H3:3] on molecule c1ccc(CN2CCC(C3CCNCC3)CC2)cc1 did not produce any reactants
2024-10-01 16:50:15,110 - DEBUG - retro reaction from template [C:2]-[CH;D3;+0:1](-[C;D1;H3:3])-[N;H0;D3;+0:5](-[C;D1;H3:4])-[C;D1;H3:6]>>O=[C;H0;D3;+0:1](-[C:2])-[C;D1;H3:3].[C;D1;H3:4]-[NH;D2;+0:5]-[C;D1;H3:6] on molecule Cc1cc(C[C@@H](OC(=O)N2CCC(N3CCc4ccccc4NC3=O)CC2)C(=O)N2CCC(C3CCN(S(C)(=O)=O)CC3)CC2)cc2nc[nH]c12 did not produce any reactants
2024-10-01 16:50:15,173 - DEBUG - retro reaction from template [C:2]-[NH;D2;+0:1]-[C;D1;H3:3]>>C-C(-C)(-C)-O-C(=O)-[N;H0;D3;+0:1](-[C:2])-[C;D1;H3:3] on molecule Cc1cc(C[C@@H](OC(=O)Oc2ccc([N+](=O)[O-])cc2)C(=O)N2CCC(C3CCNCC3)CC2)cc2nc[nH]c12 did not produce any reactants
2024-10-01 16:50:15,343 - DEBUG - retro reaction from template [C;D1;H3:3]-[N;H0;D3;+0:4](-[C;D1;H3:5])-[CH2;D2;+0:1]-[c:2]>>O=[CH;D2;+0:1]-[c:2].[C;D1;H3:3]-[NH;D2;+0:4]-[C;D1;H3:5] on molecule Cc1cc(C[C@@H](OC(=O)N2CCC(N3CCc4ccccc4NC3=O)CC2)C(=O)N2CCC(C3CCN(Cc4ccccc4)CC3)CC2)cc2ncn(C(=O)OC(C)(C)C)c12 did not produce any reactants
2024-10-01 16:50:15,379 - DEBUG - retro reaction from template [C:2]-[NH;D2;+0:1]-[C;D1;H3:3]>>C-C(-C)(-C)-O-C(=O)-[N;H0;D3;+0:1](-[C:2])-[C;D1;H3:3] on molecule c1ccc(CN2CCC(C3CCNCC3)CC2)cc1 did not produce any reactants
2024-10-01 16:50:15,409 - DEBUG - retro reaction from template [C:2]-[NH;D2;+0:1]-[C;D1;H3:3]>>C-C(-C)(-C)-O-C(=O)-[N;H0;D3;+0:1](-[C:2])-[C;D1;H3:3] on molecule c1ccc(CN2CCC(C3CCNCC3)CC2)cc1 did not produce any reactants
2024-10-01 16:50:15,415 - DEBUG - retro reaction from template [C:2]-[CH;D3;+0:1](-[C;D1;H3:3])-[N;H0;D3;+0:5](-[C;D1;H3:4])-[C;D1;H3:6]>>O=[C;H0;D3;+0:1](-[C:2])-[C;D1;H3:3].[C;D1;H3:4]-[NH;D2;+0:5]-[C;D1;H3:6] on molecule COC(=O)[C@@H](Cc1cc(C)c2c(c1)ncn2C(=O)OC(C)(C)C)OC(=O)N1CCC(N2CCc3ccccc3NC2=O)CC1 did not produce any reactants
2024-10-01 16:50:15,421 - DEBUG - retro reaction from template [c;H0;D3;+0:3]1:[c;H0;D3;+0:4]:[nH;D2;+0:5]:[cH;D2;+0:1]:[n;H0;D2;+0:2]:1>>O-[CH;D2;+0:1]=O.O=[N+;H0;D3:2](-[O-])-[c;H0;D3;+0:3]:[c;H0;D3;+0:4]-[NH2;D1;+0:5] on molecule COC(=O)[C@@H](Cc1cc(C)c2c(c1)ncn2C(=O)OC(C)(C)C)OC(=O)N1CCC(N2CCc3ccccc3NC2=O)CC1 did not produce any reactants
2024-10-01 16:50:15,443 - DEBUG - retro reaction from template [C:3]-[N;H0;D3;+0:4](-[C;D1;H3:5])-[CH2;D2;+0:1]-[c:2]>>Br-[CH2;D2;+0:1]-[c:2].[C:3]-[NH;D2;+0:4]-[C;D1;H3:5] on molecule c1ccc(CN2CCC(C3CCN(Cc4ccccc4)CC3)CC2)cc1 did not produce any reactants
2024-10-01 16:50:15,449 - DEBUG - retro reaction from template [C:2]-[CH;D3;+0:1](-[C;D1;H3:3])-[N;H0;D3;+0:5](-[C;D1;H3:4])-[C;D1;H3:6]>>O=[C;H0;D3;+0:1](-[C:2])-[C;D1;H3:3].[C;D1;H3:4]-[NH;D2;+0:5]-[C;D1;H3:6] on molecule COC(=O)[C@@H](Cc1cc(C)c2c(c1)ncn2C(=O)OC(C)(C)C)OC(=O)N1CCC(N2CCc3ccccc3NC2=O)CC1 did not produce any reactants
2024-10-01 16:50:15,455 - DEBUG - retro reaction from template [c;H0;D3;+0:3]1:[c;H0;D3;+0:4]:[nH;D2;+0:5]:[cH;D2;+0:1]:[n;H0;D2;+0:2]:1>>O-[CH;D2;+0:1]=O.O=[N+;H0;D3:2](-[O-])-[c;H0;D3;+0:3]:[c;H0;D3;+0:4]-[NH2;D1;+0:5] on molecule COC(=O)[C@@H](Cc1cc(C)c2c(c1)ncn2C(=O)OC(C)(C)C)OC(=O)N1CCC(N2CCc3ccccc3NC2=O)CC1 did not produce any reactants
2024-10-01 16:50:15,460 - DEBUG - retro reaction from template [C;D1;H3:3]-[N;H0;D3;+0:4](-[C;D1;H3:5])-[CH2;D2;+0:1]-[c:2]>>O=[CH;D2;+0:1]-[c:2].[C;D1;H3:3]-[NH;D2;+0:4]-[C;D1;H3:5] on molecule c1ccc(CN2CCC(C3CCN(Cc4ccccc4)CC3)CC2)cc1 did not produce any reactants
2024-10-01 16:50:15,465 - DEBUG - retro reaction from template [C;D1;H3:3]-[N;H0;D3;+0:4](-[C;D1;H3:5])-[CH2;D2;+0:1]-[c:2]>>Cl-[CH2;D2;+0:1]-[c:2].[C;D1;H3:3]-[NH;D2;+0:4]-[C;D1;H3:5] on molecule c1ccc(CN2CCC(C3CCN(Cc4ccccc4)CC3)CC2)cc1 did not produce any reactants
2024-10-01 16:50:15,488 - DEBUG - retro reaction from template [C:3]-[N;H0;D3;+0:4](-[C;D1;H3:5])-[CH2;D2;+0:1]-[c:2]>>Br-[CH2;D2;+0:1]-[c:2].[C:3]-[NH;D2;+0:4]-[C;D1;H3:5] on molecule c1ccc(CN2CCC(C3CCN(Cc4ccccc4)CC3)CC2)cc1 did not produce any reactants
2024-10-01 16:50:15,493 - DEBUG - retro reaction from template [C:2]-[CH;D3;+0:1](-[C;D1;H3:3])-[N;H0;D3;+0:5](-[C;D1;H3:4])-[C;D1;H3:6]>>O=[C;H0;D3;+0:1](-[C:2])-[C;D1;H3:3].[C;D1;H3:4]-[NH;D2;+0:5]-[C;D1;H3:6] on molecule COC(=O)[C@@H](Cc1cc(C)c2c(c1)ncn2C(=O)OC(C)(C)C)OC(=O)N1CCC(N2CCc3ccccc3NC2=O)CC1 did not produce any reactants
2024-10-01 16:50:15,499 - DEBUG - retro reaction from template [c;H0;D3;+0:3]1:[c;H0;D3;+0:4]:[nH;D2;+0:5]:[cH;D2;+0:1]:[n;H0;D2;+0:2]:1>>O-[CH;D2;+0:1]=O.O=[N+;H0;D3:2](-[O-])-[c;H0;D3;+0:3]:[c;H0;D3;+0:4]-[NH2;D1;+0:5] on molecule COC(=O)[C@@H](Cc1cc(C)c2c(c1)ncn2C(=O)OC(C)(C)C)OC(=O)N1CCC(N2CCc3ccccc3NC2=O)CC1 did not produce any reactants
2024-10-01 16:50:15,504 - DEBUG - retro reaction from template [C;D1;H3:3]-[N;H0;D3;+0:4](-[C;D1;H3:5])-[CH2;D2;+0:1]-[c:2]>>O=[CH;D2;+0:1]-[c:2].[C;D1;H3:3]-[NH;D2;+0:4]-[C;D1;H3:5] on molecule c1ccc(CN2CCC(C3CCN(Cc4ccccc4)CC3)CC2)cc1 did not produce any reactants
2024-10-01 16:50:15,509 - DEBUG - retro reaction from template [C;D1;H3:3]-[N;H0;D3;+0:4](-[C;D1;H3:5])-[CH2;D2;+0:1]-[c:2]>>Cl-[CH2;D2;+0:1]-[c:2].[C;D1;H3:3]-[NH;D2;+0:4]-[C;D1;H3:5] on molecule c1ccc(CN2CCC(C3CCN(Cc4ccccc4)CC3)CC2)cc1 did not produce any reactants
2024-10-01 16:50:15,515 - DEBUG - retro reaction from template [C:2]-[C;H0;D3;+0:1](=[O;D1;H0:3])-[NH;D2;+0:9]-[C:8]-[C:6](=[O;D1;H0:7])-[#8:5]-[C;D1;H3:4]>>O-[C;H0;D3;+0:1](-[C:2])=[O;D1;H0:3].[C;D1;H3:4]-[#8:5]-[C:6](=[O;D1;H0:7])-[C:8]-[NH2;D1;+0:9] on molecule COC(=O)[C@@H](Cc1cc(C)c2c(c1)ncn2C(=O)OC(C)(C)C)OC(=O)N1CCC(N2CCc3ccccc3NC2=O)CC1 did not produce any reactants
2024-10-01 16:50:15,523 - DEBUG - Reaction COC(=O)[C@@H](Cc1cc(C)c2c(c1)ncn2C(=O)OC(C)(C)C)OC(=O)N1CCC(N2CCc3ccccc3NC2=O)CC1>>Cc1cc(C[C@@H](OC(=O)N2CCC(N3CCc4ccccc4NC3=O)CC2)C(=O)O)cc2ncn(C(=O)OC(C)(C)C)c12.CO was rejected because it re-generated molecule not in stock
2024-10-01 16:50:15,538 - DEBUG - retro reaction from template [#7:2]-[CH2;D2;+0:1]-[C:3]>>O=[C;H0;D3;+0:1](-[#7:2])-[C:3] on molecule c1ccc(CN2CCC(C3CCN(Cc4ccccc4)CC3)CC2)cc1 was filtered out with prob 0.020521879196166992
2024-10-01 16:50:15,540 - DEBUG - retro reaction from template [#7:2]-[CH2;D2;+0:1]-[C:3]>>O=[C;H0;D3;+0:1](-[#7:2])-[C:3] on molecule c1ccc(CN2CCC(C3CCN(Cc4ccccc4)CC3)CC2)cc1 was filtered out with prob 0.020521879196166992
2024-10-01 16:50:15,541 - DEBUG - retro reaction from template [#7:2]-[CH2;D2;+0:1]-[C:3]>>O=[C;H0;D3;+0:1](-[#7:2])-[C:3] on molecule c1ccc(CN2CCC(C3CCN(Cc4ccccc4)CC3)CC2)cc1 was filtered out with prob 0.020521879196166992
2024-10-01 16:50:15,542 - DEBUG - retro reaction from template [#7:2]-[CH2;D2;+0:1]-[C:3]>>O=[C;H0;D3;+0:1](-[#7:2])-[C:3] on molecule c1ccc(CN2CCC(C3CCN(Cc4ccccc4)CC3)CC2)cc1 was filtered out with prob 0.020521879196166992
2024-10-01 16:50:15,548 - DEBUG - retro reaction from template [#7:4]-[C:5](=[O;D1;H0:6])-[C:7]-[NH;D2;+0:8]-[C;H0;D3;+0:1](-[C:2])=[O;D1;H0:3]>>O-[C;H0;D3;+0:1](-[C:2])=[O;D1;H0:3].[#7:4]-[C:5](=[O;D1;H0:6])-[C:7]-[NH2;D1;+0:8] on molecule COC(=O)[C@@H](Cc1cc(C)c2c(c1)ncn2C(=O)OC(C)(C)C)OC(=O)N1CCC(N2CCc3ccccc3NC2=O)CC1 did not produce any reactants
2024-10-01 16:50:15,553 - DEBUG - retro reaction from template [C:5]-[NH;D2;+0:6]-[S;H0;D4;+0:1](-[C;D1;H3:2])(=[O;D1;H0:3])=[O;D1;H0:4]>>Cl-[S;H0;D4;+0:1](-[C;D1;H3:2])(=[O;D1;H0:3])=[O;D1;H0:4].[C:5]-[NH2;D1;+0:6] on molecule CS(=O)(=O)O did not produce any reactants
2024-10-01 16:50:15,714 - DEBUG - retro reaction from template [C;D1;H3:3]-[N;H0;D3;+0:4](-[C;D1;H3:5])-[CH2;D2;+0:1]-[c:2]>>O=[CH;D2;+0:1]-[c:2].[C;D1;H3:3]-[NH;D2;+0:4]-[C;D1;H3:5] on molecule Cc1cc(C[C@@H](OC(=O)N2CCC(N3CCc4ccccc4NC3=O)CC2)C(=O)N2CCC(C3CCN(Cc4ccccc4)CC3)CC2)cc([N+](=O)[O-])c1[N+](=O)[O-] did not produce any reactants
2024-10-01 16:50:15,721 - DEBUG - retro reaction from template [C:3]-[N;H0;D3;+0:4](-[C;D1;H3:5])-[CH2;D2;+0:1]-[c:2]>>Br-[CH2;D2;+0:1]-[c:2].[C:3]-[NH;D2;+0:4]-[C;D1;H3:5] on molecule Cc1cc(C[C@@H](OC(=O)N2CCC(N3CCc4ccccc4NC3=O)CC2)C(=O)N2CCC(C3CCN(Cc4ccccc4)CC3)CC2)cc([N+](=O)[O-])c1[N+](=O)[O-] did not produce any reactants
2024-10-01 16:50:15,741 - DEBUG - retro reaction from template [C;D1;H3:2]-[S;H0;D4;+0:1](=[O;D1;H0:3])(=[O;D1;H0:4])-[n;H0;D3;+0:7]1:[c:6]:[#7;a:5]:[c:9]:[c:8]:1>>Cl-[S;H0;D4;+0:1](-[C;D1;H3:2])(=[O;D1;H0:3])=[O;D1;H0:4].[#7;a:5]1:[c:6]:[nH;D2;+0:7]:[c:8]:[c:9]:1 on molecule Cc1cc(C[C@@H](OC(=O)N2CCC(N3CCc4ccccc4NC3=O)CC2)C(=O)N2CCC(C3CCN(S(C)(=O)=O)CC3)CC2)cc2nc[nH]c12 did not produce any reactants
2024-10-01 16:50:15,747 - DEBUG - retro reaction from template [C:5]-[N;H0;D3;+0:6](-[C:7]-[c:8]1:[c:9]:[c:10]:[c:11]:[c:12]:[c:13]:1)-[S;H0;D4;+0:1](-[C;D1;H3:2])(=[O;D1;H0:3])=[O;D1;H0:4]>>Cl-[S;H0;D4;+0:1](-[C;D1;H3:2])(=[O;D1;H0:3])=[O;D1;H0:4].[C:5]-[NH;D2;+0:6]-[C:7]-[c:8]1:[c:9]:[c:10]:[c:11]:[c:12]:[c:13]:1 on molecule Cc1cc(C[C@@H](OC(=O)N2CCC(N3CCc4ccccc4NC3=O)CC2)C(=O)N2CCC(C3CCN(S(C)(=O)=O)CC3)CC2)cc2nc[nH]c12 did not produce any reactants
2024-10-01 16:50:15,753 - DEBUG - retro reaction from template [C:2]-[C;H0;D3;+0:1](=[O;D1;H0:3])-[N;H0;D3;+0:5](-[C;D1;H3:4])-[C;D1;H3:6]>>Cl-[C;H0;D3;+0:1](-[C:2])=[O;D1;H0:3].[C;D1;H3:4]-[NH;D2;+0:5]-[C;D1;H3:6] on molecule Cc1cc(C[C@@H](OC(=O)N2CCC(N3CCc4ccccc4NC3=O)CC2)C(=O)N2CCC(C3CCN(S(C)(=O)=O)CC3)CC2)cc2nc[nH]c12 did not produce any reactants
2024-10-01 16:50:15,758 - DEBUG - retro reaction from template [C:1]-[NH;D2;+0:2]-[C:3]>>[C:1]-[N;H0;D3;+0:2](-[C:3])-C-c1:c:c:c:c:c:1 on molecule Cc1cc(C[C@@H](OC(=O)N2CCC(N3CCc4ccccc4NC3=O)CC2)C(=O)N2CCC(C3CCN(S(C)(=O)=O)CC3)CC2)cc2nc[nH]c12 did not produce any reactants
2024-10-01 16:50:15,764 - DEBUG - retro reaction from template [O;D1;H0:1]=[C;H0;D3;+0:2]1-[CH2;D2;+0:3]-[CH2;D2;+0:4]-[c:5]:[c:6]-[NH;D2;+0:7]-1>>[O;D1;H0:1]=[c;H0;D3;+0:2]1:[cH;D2;+0:3]:[cH;D2;+0:4]:[c:5]:[c:6]:[nH;D2;+0:7]:1 on molecule Cc1cc(C[C@@H](OC(=O)N2CCC(N3CCc4ccccc4NC3=O)CC2)C(=O)N2CCC(C3CCN(S(C)(=O)=O)CC3)CC2)cc2nc[nH]c12 did not produce any reactants
2024-10-01 16:50:15,770 - DEBUG - retro reaction from template [C:4]-[C;H0;D4;+0:5](-[OH;D1;+0:6])(-[c:7])-[c;H0;D3;+0:1](:[c:2]):[c:3]>>Br-[Mg]-[c;H0;D3;+0:1](:[c:2]):[c:3].[C:4]-[C;H0;D3;+0:5](=[O;H0;D1;+0:6])-[c:7] on molecule Cc1cc(C[C@@H](OC(=O)N2CCC(N3CCc4ccccc4NC3=O)CC2)C(=O)N2CCC(C3CCN(S(C)(=O)=O)CC3)CC2)cc2nc[nH]c12 did not produce any reactants
2024-10-01 16:50:15,775 - DEBUG - retro reaction from template [OH;D1;+0:2]-[c:1]>>[c:1]-[O;H0;D2;+0:2]-C-c1:c:c:c:c:c:1 on molecule Cc1cc(C[C@@H](OC(=O)N2CCC(N3CCc4ccccc4NC3=O)CC2)C(=O)N2CCC(C3CCN(S(C)(=O)=O)CC3)CC2)cc2nc[nH]c12 did not produce any reactants
2024-10-01 16:50:15,781 - DEBUG - retro reaction from template [C:2]-[OH;D1;+0:1]>>C-C(-C)(-C)-[Si](-C)(-C)-[O;H0;D2;+0:1]-[C:2] on molecule Cc1cc(C[C@@H](OC(=O)N2CCC(N3CCc4ccccc4NC3=O)CC2)C(=O)N2CCC(C3CCN(S(C)(=O)=O)CC3)CC2)cc2nc[nH]c12 did not produce any reactants
2024-10-01 16:50:15,787 - DEBUG - retro reaction from template [C:2]-[S;H0;D4;+0:1](=[O;D1;H0:3])(=[O;D1;H0:4])-[O;H0;D2;+0:6]-[C;D1;H3:5]>>O-[S;H0;D4;+0:1](-[C:2])(=[O;D1;H0:3])=[O;D1;H0:4].[C;D1;H3:5]-[OH;D1;+0:6] on molecule Cc1cc(C[C@@H](OC(=O)N2CCC(N3CCc4ccccc4NC3=O)CC2)C(=O)N2CCC(C3CCN(S(C)(=O)=O)CC3)CC2)cc2nc[nH]c12 did not produce any reactants
2024-10-01 16:50:15,793 - DEBUG - retro reaction from template [C:2]-[CH2;D2;+0:1]-[N;H0;D3;+0:4](-[C;D1;H3:3])-[C;D1;H3:5]>>O=[CH;D2;+0:1]-[C:2].[C;D1;H3:3]-[NH;D2;+0:4]-[C;D1;H3:5] on molecule Cc1cc(C[C@@H](OC(=O)N2CCC(N3CCc4ccccc4NC3=O)CC2)C(=O)N2CCC(C3CCN(S(C)(=O)=O)CC3)CC2)cc2nc[nH]c12 did not produce any reactants
2024-10-01 16:50:15,799 - DEBUG - retro reaction from template [#7:5]-[C:6](=[O;D1;H0:7])-[C:8]-[NH;D2;+0:9]-[S;H0;D4;+0:1](-[C:2])(=[O;D1;H0:3])=[O;D1;H0:4]>>Cl-[S;H0;D4;+0:1](-[C:2])(=[O;D1;H0:3])=[O;D1;H0:4].[#7:5]-[C:6](=[O;D1;H0:7])-[C:8]-[NH2;D1;+0:9] on molecule Cc1cc(C[C@@H](OC(=O)N2CCC(N3CCc4ccccc4NC3=O)CC2)C(=O)N2CCC(C3CCN(S(C)(=O)=O)CC3)CC2)cc2nc[nH]c12 did not produce any reactants
2024-10-01 16:50:15,805 - DEBUG - retro reaction from template [C:2]-[C;H0;D3;+0:1](=[O;D1;H0:3])-[O;H0;D2;+0:5]-[C;D1;H3:4]>>O-[C;H0;D3;+0:1](-[C:2])=[O;D1;H0:3].[C;D1;H3:4]-[OH;D1;+0:5] on molecule Cc1cc(C[C@@H](OC(=O)N2CCC(N3CCc4ccccc4NC3=O)CC2)C(=O)N2CCC(C3CCN(S(C)(=O)=O)CC3)CC2)cc2nc[nH]c12 did not produce any reactants
2024-10-01 16:50:15,810 - DEBUG - retro reaction from template [C:1]-[OH;D1;+0:2]>>[C:1]-[O;H0;D2;+0:2]-C-c1:c:c:c:c:c:1 on molecule Cc1cc(C[C@@H](OC(=O)N2CCC(N3CCc4ccccc4NC3=O)CC2)C(=O)N2CCC(C3CCN(S(C)(=O)=O)CC3)CC2)cc2nc[nH]c12 did not produce any reactants
2024-10-01 16:50:15,900 - DEBUG - retro reaction from template [C;D1;H3:3]-[N;H0;D3;+0:4](-[C;D1;H3:5])-[CH2;D2;+0:1]-[c:2]>>O=[CH;D2;+0:1]-[c:2].[C;D1;H3:3]-[NH;D2;+0:4]-[C;D1;H3:5] on molecule Cc1cc(C[C@@H](OC(=O)N2CCC(N3CCc4ccccc4NC3=O)CC2)C(=O)N2CCC(C3CCN(Cc4ccccc4)CC3)CC2)cc([N+](=O)[O-])c1N did not produce any reactants
2024-10-01 16:50:15,906 - DEBUG - retro reaction from template [C:3]-[N;H0;D3;+0:4](-[C;D1;H3:5])-[CH2;D2;+0:1]-[c:2]>>Br-[CH2;D2;+0:1]-[c:2].[C:3]-[NH;D2;+0:4]-[C;D1;H3:5] on molecule Cc1cc(C[C@@H](OC(=O)N2CCC(N3CCc4ccccc4NC3=O)CC2)C(=O)N2CCC(C3CCN(Cc4ccccc4)CC3)CC2)cc([N+](=O)[O-])c1N did not produce any reactants
2024-10-01 16:50:15,911 - DEBUG - retro reaction from template [C:1]-[CH;D2;+0:2]=[O;H0;D1;+0:3]>>[C:1]-[CH2;D2;+0:2]-[OH;D1;+0:3] on molecule O=CO did not produce any reactants
2024-10-01 16:50:15,933 - DEBUG - retro reaction from template [C;D1;H3:3]-[N;H0;D3;+0:4](-[C;D1;H3:5])-[CH2;D2;+0:1]-[c:2]>>O=[CH;D2;+0:1]-[c:2].[C;D1;H3:3]-[NH;D2;+0:4]-[C;D1;H3:5] on molecule Cc1cc(C[C@@H](OC(=O)N2CCC(N3CCc4ccccc4NC3=O)CC2)C(=O)N2CCC(C3CCN(Cc4ccccc4)CC3)CC2)cc([N+](=O)[O-])c1N did not produce any reactants
2024-10-01 16:50:15,939 - DEBUG - retro reaction from template [C:3]-[N;H0;D3;+0:4](-[C;D1;H3:5])-[CH2;D2;+0:1]-[c:2]>>Br-[CH2;D2;+0:1]-[c:2].[C:3]-[NH;D2;+0:4]-[C;D1;H3:5] on molecule Cc1cc(C[C@@H](OC(=O)N2CCC(N3CCc4ccccc4NC3=O)CC2)C(=O)N2CCC(C3CCN(Cc4ccccc4)CC3)CC2)cc([N+](=O)[O-])c1N did not produce any reactants
2024-10-01 16:50:15,943 - DEBUG - retro reaction from template [C:1]-[CH;D2;+0:2]=[O;H0;D1;+0:3]>>[C:1]-[CH2;D2;+0:2]-[OH;D1;+0:3] on molecule O=CO did not produce any reactants
2024-10-01 16:50:15,947 - DEBUG - retro reaction from template [C:1]=[C:2]-[CH;D2;+0:3]=[O;H0;D1;+0:4]>>[C:1]=[C:2]-[CH2;D2;+0:3]-[OH;D1;+0:4] on molecule O=CO did not produce any reactants
2024-10-01 16:50:15,977 - DEBUG - retro reaction from template [C:2]-[NH;D2;+0:1]-[C;D1;H3:3]>>C-C(-C)(-C)-O-C(=O)-[N;H0;D3;+0:1](-[C:2])-[C;D1;H3:3] on molecule c1ccc(CN2CCC(C3CCNCC3)CC2)cc1 did not produce any reactants
2024-10-01 16:50:15,991 - DEBUG - retro reaction from template [C:2]-[S;H0;D4;+0:1](=[O;D1;H0:3])(=[O;D1;H0:4])-[O;H0;D2;+0:6]-[C:5]>>Cl-[S;H0;D4;+0:1](-[C:2])(=[O;D1;H0:3])=[O;D1;H0:4].[C:5]-[OH;D1;+0:6] on molecule Cc1cc(C[C@@H](OC(=O)N2CCC(N3CCc4ccccc4NC3=O)CC2)C(=O)N2CCC(C3CCN(S(C)(=O)=O)CC3)CC2)cc2nc[nH]c12 did not produce any reactants
2024-10-01 16:50:15,997 - DEBUG - retro reaction from template [#7:5]-[C:6](=[O;D1;H0:7])-[C:8]-[O;H0;D2;+0:9]-[S;H0;D4;+0:1](-[C;D1;H3:2])(=[O;D1;H0:3])=[O;D1;H0:4]>>Cl-[S;H0;D4;+0:1](-[C;D1;H3:2])(=[O;D1;H0:3])=[O;D1;H0:4].[#7:5]-[C:6](=[O;D1;H0:7])-[C:8]-[OH;D1;+0:9] on molecule Cc1cc(C[C@@H](OC(=O)N2CCC(N3CCc4ccccc4NC3=O)CC2)C(=O)N2CCC(C3CCN(S(C)(=O)=O)CC3)CC2)cc2nc[nH]c12 did not produce any reactants
2024-10-01 16:50:16,097 - DEBUG - retro reaction from template [C;D1;H3:3]-[N;H0;D3;+0:4](-[C;D1;H3:5])-[CH2;D2;+0:1]-[c:2]>>O=[CH;D2;+0:1]-[c:2].[C;D1;H3:3]-[NH;D2;+0:4]-[C;D1;H3:5] on molecule Cc1cc(C[C@@H](OC(=O)N2CCC(N3CCc4ccccc4NC3=O)CC2)C(=O)N2CCC(C3CCN(Cc4ccccc4)CC3)CC2)cc([N+](=O)[O-])c1N did not produce any reactants
2024-10-01 16:50:16,102 - DEBUG - retro reaction from template [C:3]-[N;H0;D3;+0:4](-[C;D1;H3:5])-[CH2;D2;+0:1]-[c:2]>>Br-[CH2;D2;+0:1]-[c:2].[C:3]-[NH;D2;+0:4]-[C;D1;H3:5] on molecule Cc1cc(C[C@@H](OC(=O)N2CCC(N3CCc4ccccc4NC3=O)CC2)C(=O)N2CCC(C3CCN(Cc4ccccc4)CC3)CC2)cc([N+](=O)[O-])c1N did not produce any reactants
2024-10-01 16:50:16,125 - DEBUG - retro reaction from template [C;D1;H3:3]-[N;H0;D3;+0:4](-[C;D1;H3:5])-[CH2;D2;+0:1]-[c:2]>>O=[CH;D2;+0:1]-[c:2].[C;D1;H3:3]-[NH;D2;+0:4]-[C;D1;H3:5] on molecule Cc1cc(C[C@@H](OC(=O)N2CCC(N3CCc4ccccc4NC3=O)CC2)C(=O)N2CCC(C3CCN(Cc4ccccc4)CC3)CC2)cc([N+](=O)[O-])c1N did not produce any reactants
2024-10-01 16:50:16,131 - DEBUG - retro reaction from template [C:3]-[N;H0;D3;+0:4](-[C;D1;H3:5])-[CH2;D2;+0:1]-[c:2]>>Br-[CH2;D2;+0:1]-[c:2].[C:3]-[NH;D2;+0:4]-[C;D1;H3:5] on molecule Cc1cc(C[C@@H](OC(=O)N2CCC(N3CCc4ccccc4NC3=O)CC2)C(=O)N2CCC(C3CCN(Cc4ccccc4)CC3)CC2)cc([N+](=O)[O-])c1N did not produce any reactants
2024-10-01 16:50:16,135 - DEBUG - retro reaction from template [#7:2]-[NH2;D1;+0:1]>>O=[N;H0;D2;+0:1]-[#7:2] on molecule N=CN did not produce any reactants
2024-10-01 16:50:16,139 - DEBUG - retro reaction from template [C:4]=[C:3]-[C:2]-[NH2;D1;+0:1]>>C-C(-C)(-C)-O-C(=O)-[NH;D2;+0:1]-[C:2]-[C:3]=[C:4] on molecule N=CN did not produce any reactants
2024-10-01 16:50:16,169 - DEBUG - retro reaction from template [C:2]-[NH;D2;+0:1]-[C;D1;H3:3]>>C-C(-C)(-C)-O-C(=O)-[N;H0;D3;+0:1](-[C:2])-[C;D1;H3:3] on molecule c1ccc(CN2CCC(C3CCNCC3)CC2)cc1 did not produce any reactants
2024-10-01 16:50:16,183 - DEBUG - retro reaction from template [C:3]-[C:2]-[OH;D1;+0:1]>>C-C(=O)-[O;H0;D2;+0:1]-[C:2]-[C:3] on molecule Cc1cc(C[C@@H](OC(=O)N2CCC(N3CCc4ccccc4NC3=O)CC2)C(=O)N2CCC(C3CCN(S(C)(=O)=O)CC3)CC2)cc2nc[nH]c12 did not produce any reactants
2024-10-01 16:50:16,273 - DEBUG - retro reaction from template [C:3]-[C:2](=[O;D1;H0:4])-[OH;D1;+0:1]>>C-C-[O;H0;D2;+0:1]-[C:2](-[C:3])=[O;D1;H0:4] on molecule Cc1cc(C[C@@H](OC(=O)N2CCC(N3CCc4ccccc4NC3=O)CC2)C(=O)N2CCC(C3CCN(Cc4ccccc4)CC3)CC2)cc2ncn(COCC[Si](C)(C)C)c12 did not produce any reactants
2024-10-01 16:50:16,279 - DEBUG - retro reaction from template [C;D1;H3:3]-[N;H0;D3;+0:4](-[C;D1;H3:5])-[CH2;D2;+0:1]-[c:2]>>O=[CH;D2;+0:1]-[c:2].[C;D1;H3:3]-[NH;D2;+0:4]-[C;D1;H3:5] on molecule Cc1cc(C[C@@H](OC(=O)N2CCC(N3CCc4ccccc4NC3=O)CC2)C(=O)N2CCC(C3CCN(Cc4ccccc4)CC3)CC2)cc2ncn(COCC[Si](C)(C)C)c12 did not produce any reactants
2024-10-01 16:50:16,285 - DEBUG - retro reaction from template [C:3]-[C:2](=[O;D1;H0:4])-[OH;D1;+0:1]>>C-[O;H0;D2;+0:1]-[C:2](-[C:3])=[O;D1;H0:4] on molecule Cc1cc(C[C@@H](OC(=O)N2CCC(N3CCc4ccccc4NC3=O)CC2)C(=O)N2CCC(C3CCN(Cc4ccccc4)CC3)CC2)cc2ncn(COCC[Si](C)(C)C)c12 did not produce any reactants
2024-10-01 16:50:16,319 - DEBUG - retro reaction from template [C:2]-[NH;D2;+0:1]-[C;D1;H3:3]>>C-C(-C)(-C)-O-C(=O)-[N;H0;D3;+0:1](-[C:2])-[C;D1;H3:3] on molecule c1ccc(CN2CCC(C3CCNCC3)CC2)cc1 did not produce any reactants
2024-10-01 16:50:16,349 - DEBUG - retro reaction from template [C:2]-[NH;D2;+0:1]-[C;D1;H3:3]>>C-C(-C)(-C)-O-C(=O)-[N;H0;D3;+0:1](-[C:2])-[C;D1;H3:3] on molecule c1ccc(CN2CCC(C3CCNCC3)CC2)cc1 did not produce any reactants
2024-10-01 16:50:16,358 - DEBUG - Reaction COC(=O)[C@@H](Cc1cc(C)c2c(c1)ncn2COCC[Si](C)(C)C)OC(=O)N1CCC(N2CCc3ccccc3NC2=O)CC1>>Cc1cc(C[C@@H](OC(=O)N2CCC(N3CCc4ccccc4NC3=O)CC2)C(=O)O)cc2ncn(COCC[Si](C)(C)C)c12.CO was rejected because it re-generated molecule not in stock
2024-10-01 16:50:16,363 - DEBUG - retro reaction from template [c;H0;D3;+0:3]1:[c;H0;D3;+0:4]:[nH;D2;+0:5]:[cH;D2;+0:1]:[n;H0;D2;+0:2]:1>>O-[CH;D2;+0:1]=O.O=[N+;H0;D3:2](-[O-])-[c;H0;D3;+0:3]:[c;H0;D3;+0:4]-[NH2;D1;+0:5] on molecule COC(=O)[C@@H](Cc1cc(C)c2c(c1)ncn2COCC[Si](C)(C)C)OC(=O)N1CCC(N2CCc3ccccc3NC2=O)CC1 did not produce any reactants
2024-10-01 16:50:16,387 - DEBUG - retro reaction from template [C:3]-[N;H0;D3;+0:4](-[C;D1;H3:5])-[CH2;D2;+0:1]-[c:2]>>Br-[CH2;D2;+0:1]-[c:2].[C:3]-[NH;D2;+0:4]-[C;D1;H3:5] on molecule c1ccc(CN2CCC(C3CCN(Cc4ccccc4)CC3)CC2)cc1 did not produce any reactants
2024-10-01 16:50:16,392 - DEBUG - retro reaction from template [C;D1;H3:3]-[N;H0;D3;+0:4](-[C;D1;H3:5])-[CH2;D2;+0:1]-[c:2]>>O=[CH;D2;+0:1]-[c:2].[C;D1;H3:3]-[NH;D2;+0:4]-[C;D1;H3:5] on molecule c1ccc(CN2CCC(C3CCN(Cc4ccccc4)CC3)CC2)cc1 did not produce any reactants
2024-10-01 16:50:16,400 - DEBUG - Reaction COC(=O)[C@@H](Cc1cc(C)c2c(c1)ncn2COCC[Si](C)(C)C)OC(=O)N1CCC(N2CCc3ccccc3NC2=O)CC1>>Cc1cc(C[C@@H](OC(=O)N2CCC(N3CCc4ccccc4NC3=O)CC2)C(=O)O)cc2ncn(COCC[Si](C)(C)C)c12.CO was rejected because it re-generated molecule not in stock
2024-10-01 16:50:16,405 - DEBUG - retro reaction from template [C;D1;H3:3]-[N;H0;D3;+0:4](-[C;D1;H3:5])-[CH2;D2;+0:1]-[c:2]>>Cl-[CH2;D2;+0:1]-[c:2].[C;D1;H3:3]-[NH;D2;+0:4]-[C;D1;H3:5] on molecule c1ccc(CN2CCC(C3CCN(Cc4ccccc4)CC3)CC2)cc1 did not produce any reactants
2024-10-01 16:50:16,411 - DEBUG - retro reaction from template [c;H0;D3;+0:3]1:[c;H0;D3;+0:4]:[nH;D2;+0:5]:[cH;D2;+0:1]:[n;H0;D2;+0:2]:1>>O-[CH;D2;+0:1]=O.O=[N+;H0;D3:2](-[O-])-[c;H0;D3;+0:3]:[c;H0;D3;+0:4]-[NH2;D1;+0:5] on molecule COC(=O)[C@@H](Cc1cc(C)c2c(c1)ncn2COCC[Si](C)(C)C)OC(=O)N1CCC(N2CCc3ccccc3NC2=O)CC1 did not produce any reactants
2024-10-01 16:50:16,429 - DEBUG - retro reaction from template [C;D1;H3:2]-[S;H0;D4;+0:1](=[O;D1;H0:3])(=[O;D1;H0:4])-[NH;D2;+0:5]-[c:6]>>Cl-[S;H0;D4;+0:1](-[C;D1;H3:2])(=[O;D1;H0:3])=[O;D1;H0:4].[NH2;D1;+0:5]-[c:6] on molecule Cc1cc(C[C@@H](OC(=O)N2CCC(N3CCc4ccccc4NC3=O)CC2)C(=O)N2CCC(C3CCN(S(C)(=O)=O)CC3)CC2)cc2nc[nH]c12 did not produce any reactants
2024-10-01 16:50:16,435 - DEBUG - retro reaction from template [#7:4]-[C:5](=[O;D1;H0:6])-[C:7]-[NH;D2;+0:8]-[C;H0;D3;+0:1](=[O;D1;H0:2])-[c:3]>>O-[C;H0;D3;+0:1](=[O;D1;H0:2])-[c:3].[#7:4]-[C:5](=[O;D1;H0:6])-[C:7]-[NH2;D1;+0:8] on molecule Cc1cc(C[C@@H](OC(=O)N2CCC(N3CCc4ccccc4NC3=O)CC2)C(=O)N2CCC(C3CCN(S(C)(=O)=O)CC3)CC2)cc2nc[nH]c12 did not produce any reactants
2024-10-01 16:50:16,441 - DEBUG - retro reaction from template [C:1]-[CH;D3;+0:2](-[C:3])-[OH;D1;+0:4]>>[C:1]-[C;H0;D3;+0:2](-[C:3])=[O;H0;D1;+0:4] on molecule Cc1cc(C[C@@H](OC(=O)N2CCC(N3CCc4ccccc4NC3=O)CC2)C(=O)N2CCC(C3CCN(S(C)(=O)=O)CC3)CC2)cc2nc[nH]c12 did not produce any reactants
2024-10-01 16:50:16,505 - DEBUG - retro reaction from template [C:3]-[C:2](=[O;D1;H0:4])-[OH;D1;+0:1]>>C-C-[O;H0;D2;+0:1]-[C:2](-[C:3])=[O;D1;H0:4] on molecule Cc1cc(C[C@@H](OC(=O)N2CCC(N3CCc4ccccc4NC3=O)CC2)C(=O)N2CCC(C3CCN(Cc4ccccc4)CC3)CC2)cc2ncn(COCC[Si](C)(C)C)c12 did not produce any reactants
2024-10-01 16:50:16,511 - DEBUG - retro reaction from template [C;D1;H3:3]-[N;H0;D3;+0:4](-[C;D1;H3:5])-[CH2;D2;+0:1]-[c:2]>>O=[CH;D2;+0:1]-[c:2].[C;D1;H3:3]-[NH;D2;+0:4]-[C;D1;H3:5] on molecule Cc1cc(C[C@@H](OC(=O)N2CCC(N3CCc4ccccc4NC3=O)CC2)C(=O)N2CCC(C3CCN(Cc4ccccc4)CC3)CC2)cc2ncn(COCC[Si](C)(C)C)c12 did not produce any reactants
2024-10-01 16:50:16,517 - DEBUG - retro reaction from template [C:3]-[C:2](=[O;D1;H0:4])-[OH;D1;+0:1]>>C-[O;H0;D2;+0:1]-[C:2](-[C:3])=[O;D1;H0:4] on molecule Cc1cc(C[C@@H](OC(=O)N2CCC(N3CCc4ccccc4NC3=O)CC2)C(=O)N2CCC(C3CCN(Cc4ccccc4)CC3)CC2)cc2ncn(COCC[Si](C)(C)C)c12 did not produce any reactants
2024-10-01 16:50:16,543 - DEBUG - retro reaction from template [C:2]-[NH;D2;+0:1]-[C;D1;H3:3]>>C-C(-C)(-C)-O-C(=O)-[N;H0;D3;+0:1](-[C:2])-[C;D1;H3:3] on molecule c1ccc(CN2CCC(C3CCNCC3)CC2)cc1 did not produce any reactants
2024-10-01 16:50:16,565 - DEBUG - retro reaction from template [C:2]-[NH;D2;+0:1]-[C;D1;H3:3]>>C-C(-C)(-C)-O-C(=O)-[N;H0;D3;+0:1](-[C:2])-[C;D1;H3:3] on molecule c1ccc(CN2CCC(C3CCNCC3)CC2)cc1 did not produce any reactants
2024-10-01 16:50:16,573 - DEBUG - Reaction COC(=O)[C@@H](Cc1cc(C)c2c(c1)ncn2COCC[Si](C)(C)C)OC(=O)N1CCC(N2CCc3ccccc3NC2=O)CC1>>Cc1cc(C[C@@H](OC(=O)N2CCC(N3CCc4ccccc4NC3=O)CC2)C(=O)O)cc2ncn(COCC[Si](C)(C)C)c12.CO was rejected because it re-generated molecule not in stock
2024-10-01 16:50:16,579 - DEBUG - retro reaction from template [c;H0;D3;+0:3]1:[c;H0;D3;+0:4]:[nH;D2;+0:5]:[cH;D2;+0:1]:[n;H0;D2;+0:2]:1>>O-[CH;D2;+0:1]=O.O=[N+;H0;D3:2](-[O-])-[c;H0;D3;+0:3]:[c;H0;D3;+0:4]-[NH2;D1;+0:5] on molecule COC(=O)[C@@H](Cc1cc(C)c2c(c1)ncn2COCC[Si](C)(C)C)OC(=O)N1CCC(N2CCc3ccccc3NC2=O)CC1 did not produce any reactants
2024-10-01 16:50:16,601 - DEBUG - retro reaction from template [C:3]-[N;H0;D3;+0:4](-[C;D1;H3:5])-[CH2;D2;+0:1]-[c:2]>>Br-[CH2;D2;+0:1]-[c:2].[C:3]-[NH;D2;+0:4]-[C;D1;H3:5] on molecule c1ccc(CN2CCC(C3CCN(Cc4ccccc4)CC3)CC2)cc1 did not produce any reactants
2024-10-01 16:50:16,606 - DEBUG - retro reaction from template [C;D1;H3:3]-[N;H0;D3;+0:4](-[C;D1;H3:5])-[CH2;D2;+0:1]-[c:2]>>O=[CH;D2;+0:1]-[c:2].[C;D1;H3:3]-[NH;D2;+0:4]-[C;D1;H3:5] on molecule c1ccc(CN2CCC(C3CCN(Cc4ccccc4)CC3)CC2)cc1 did not produce any reactants
2024-10-01 16:50:16,614 - DEBUG - Reaction COC(=O)[C@@H](Cc1cc(C)c2c(c1)ncn2COCC[Si](C)(C)C)OC(=O)N1CCC(N2CCc3ccccc3NC2=O)CC1>>Cc1cc(C[C@@H](OC(=O)N2CCC(N3CCc4ccccc4NC3=O)CC2)C(=O)O)cc2ncn(COCC[Si](C)(C)C)c12.CO was rejected because it re-generated molecule not in stock
2024-10-01 16:50:16,619 - DEBUG - retro reaction from template [C;D1;H3:3]-[N;H0;D3;+0:4](-[C;D1;H3:5])-[CH2;D2;+0:1]-[c:2]>>Cl-[CH2;D2;+0:1]-[c:2].[C;D1;H3:3]-[NH;D2;+0:4]-[C;D1;H3:5] on molecule c1ccc(CN2CCC(C3CCN(Cc4ccccc4)CC3)CC2)cc1 did not produce any reactants
2024-10-01 16:50:16,625 - DEBUG - retro reaction from template [c;H0;D3;+0:3]1:[c;H0;D3;+0:4]:[nH;D2;+0:5]:[cH;D2;+0:1]:[n;H0;D2;+0:2]:1>>O-[CH;D2;+0:1]=O.O=[N+;H0;D3:2](-[O-])-[c;H0;D3;+0:3]:[c;H0;D3;+0:4]-[NH2;D1;+0:5] on molecule COC(=O)[C@@H](Cc1cc(C)c2c(c1)ncn2COCC[Si](C)(C)C)OC(=O)N1CCC(N2CCc3ccccc3NC2=O)CC1 did not produce any reactants
2024-10-01 16:50:16,643 - DEBUG - retro reaction from template [C:4]-[NH;D2;+0:5]-[C;H0;D3;+0:1](-[C:2])=[O;D1;H0:3]>>O-[C;H0;D3;+0:1](-[C:2])=[O;D1;H0:3].[C:4]-[NH2;D1;+0:5] on molecule Cc1cc(C[C@@H](OC(=O)N2CCC(N3CCc4ccccc4NC3=O)CC2)C(=O)N2CCC(C3CCN(S(C)(=O)=O)CC3)CC2)cc2nc[nH]c12 did not produce any reactants
2024-10-01 16:50:16,708 - DEBUG - retro reaction from template [C;D1;H3:3]-[N;H0;D3;+0:4](-[C;D1;H3:5])-[CH2;D2;+0:1]-[c:2]>>O=[CH;D2;+0:1]-[c:2].[C;D1;H3:3]-[NH;D2;+0:4]-[C;D1;H3:5] on molecule Cc1cc(C[C@@H](OC(=O)N2CCC(N3CCc4ccccc4NC3=O)CC2)C(=O)N2CCC(C3CCN(Cc4ccccc4)CC3)CC2)cc2ncn(C(=O)OC(C)(C)C)c12 did not produce any reactants
2024-10-01 16:50:16,736 - DEBUG - retro reaction from template [C:2]-[NH;D2;+0:1]-[C;D1;H3:3]>>C-C(-C)(-C)-O-C(=O)-[N;H0;D3;+0:1](-[C:2])-[C;D1;H3:3] on molecule c1ccc(CN2CCC(C3CCNCC3)CC2)cc1 did not produce any reactants
2024-10-01 16:50:16,758 - DEBUG - retro reaction from template [C:2]-[NH;D2;+0:1]-[C;D1;H3:3]>>C-C(-C)(-C)-O-C(=O)-[N;H0;D3;+0:1](-[C:2])-[C;D1;H3:3] on molecule c1ccc(CN2CCC(C3CCNCC3)CC2)cc1 did not produce any reactants
2024-10-01 16:50:16,763 - DEBUG - retro reaction from template [C:2]-[CH;D3;+0:1](-[C;D1;H3:3])-[N;H0;D3;+0:5](-[C;D1;H3:4])-[C;D1;H3:6]>>O=[C;H0;D3;+0:1](-[C:2])-[C;D1;H3:3].[C;D1;H3:4]-[NH;D2;+0:5]-[C;D1;H3:6] on molecule COC(=O)[C@@H](Cc1cc(C)c2c(c1)ncn2C(=O)OC(C)(C)C)OC(=O)N1CCC(N2CCc3ccccc3NC2=O)CC1 did not produce any reactants
2024-10-01 16:50:16,770 - DEBUG - retro reaction from template [c;H0;D3;+0:3]1:[c;H0;D3;+0:4]:[nH;D2;+0:5]:[cH;D2;+0:1]:[n;H0;D2;+0:2]:1>>O-[CH;D2;+0:1]=O.O=[N+;H0;D3:2](-[O-])-[c;H0;D3;+0:3]:[c;H0;D3;+0:4]-[NH2;D1;+0:5] on molecule COC(=O)[C@@H](Cc1cc(C)c2c(c1)ncn2C(=O)OC(C)(C)C)OC(=O)N1CCC(N2CCc3ccccc3NC2=O)CC1 did not produce any reactants
2024-10-01 16:50:16,792 - DEBUG - retro reaction from template [C:3]-[N;H0;D3;+0:4](-[C;D1;H3:5])-[CH2;D2;+0:1]-[c:2]>>Br-[CH2;D2;+0:1]-[c:2].[C:3]-[NH;D2;+0:4]-[C;D1;H3:5] on molecule c1ccc(CN2CCC(C3CCN(Cc4ccccc4)CC3)CC2)cc1 did not produce any reactants
2024-10-01 16:50:16,798 - DEBUG - retro reaction from template [C:2]-[CH;D3;+0:1](-[C;D1;H3:3])-[N;H0;D3;+0:5](-[C;D1;H3:4])-[C;D1;H3:6]>>O=[C;H0;D3;+0:1](-[C:2])-[C;D1;H3:3].[C;D1;H3:4]-[NH;D2;+0:5]-[C;D1;H3:6] on molecule COC(=O)[C@@H](Cc1cc(C)c2c(c1)ncn2C(=O)OC(C)(C)C)OC(=O)N1CCC(N2CCc3ccccc3NC2=O)CC1 did not produce any reactants
2024-10-01 16:50:16,804 - DEBUG - retro reaction from template [c;H0;D3;+0:3]1:[c;H0;D3;+0:4]:[nH;D2;+0:5]:[cH;D2;+0:1]:[n;H0;D2;+0:2]:1>>O-[CH;D2;+0:1]=O.O=[N+;H0;D3:2](-[O-])-[c;H0;D3;+0:3]:[c;H0;D3;+0:4]-[NH2;D1;+0:5] on molecule COC(=O)[C@@H](Cc1cc(C)c2c(c1)ncn2C(=O)OC(C)(C)C)OC(=O)N1CCC(N2CCc3ccccc3NC2=O)CC1 did not produce any reactants
2024-10-01 16:50:16,810 - DEBUG - retro reaction from template [C;D1;H3:3]-[N;H0;D3;+0:4](-[C;D1;H3:5])-[CH2;D2;+0:1]-[c:2]>>O=[CH;D2;+0:1]-[c:2].[C;D1;H3:3]-[NH;D2;+0:4]-[C;D1;H3:5] on molecule c1ccc(CN2CCC(C3CCN(Cc4ccccc4)CC3)CC2)cc1 did not produce any reactants
2024-10-01 16:50:16,815 - DEBUG - retro reaction from template [C;D1;H3:3]-[N;H0;D3;+0:4](-[C;D1;H3:5])-[CH2;D2;+0:1]-[c:2]>>Cl-[CH2;D2;+0:1]-[c:2].[C;D1;H3:3]-[NH;D2;+0:4]-[C;D1;H3:5] on molecule c1ccc(CN2CCC(C3CCN(Cc4ccccc4)CC3)CC2)cc1 did not produce any reactants
2024-10-01 16:50:16,838 - DEBUG - retro reaction from template [C:3]-[N;H0;D3;+0:4](-[C;D1;H3:5])-[CH2;D2;+0:1]-[c:2]>>Br-[CH2;D2;+0:1]-[c:2].[C:3]-[NH;D2;+0:4]-[C;D1;H3:5] on molecule c1ccc(CN2CCC(C3CCN(Cc4ccccc4)CC3)CC2)cc1 did not produce any reactants
2024-10-01 16:50:16,843 - DEBUG - retro reaction from template [C:2]-[CH;D3;+0:1](-[C;D1;H3:3])-[N;H0;D3;+0:5](-[C;D1;H3:4])-[C;D1;H3:6]>>O=[C;H0;D3;+0:1](-[C:2])-[C;D1;H3:3].[C;D1;H3:4]-[NH;D2;+0:5]-[C;D1;H3:6] on molecule COC(=O)[C@@H](Cc1cc(C)c2c(c1)ncn2C(=O)OC(C)(C)C)OC(=O)N1CCC(N2CCc3ccccc3NC2=O)CC1 did not produce any reactants
2024-10-01 16:50:16,849 - DEBUG - retro reaction from template [c;H0;D3;+0:3]1:[c;H0;D3;+0:4]:[nH;D2;+0:5]:[cH;D2;+0:1]:[n;H0;D2;+0:2]:1>>O-[CH;D2;+0:1]=O.O=[N+;H0;D3:2](-[O-])-[c;H0;D3;+0:3]:[c;H0;D3;+0:4]-[NH2;D1;+0:5] on molecule COC(=O)[C@@H](Cc1cc(C)c2c(c1)ncn2C(=O)OC(C)(C)C)OC(=O)N1CCC(N2CCc3ccccc3NC2=O)CC1 did not produce any reactants
2024-10-01 16:50:16,854 - DEBUG - retro reaction from template [C;D1;H3:3]-[N;H0;D3;+0:4](-[C;D1;H3:5])-[CH2;D2;+0:1]-[c:2]>>O=[CH;D2;+0:1]-[c:2].[C;D1;H3:3]-[NH;D2;+0:4]-[C;D1;H3:5] on molecule c1ccc(CN2CCC(C3CCN(Cc4ccccc4)CC3)CC2)cc1 did not produce any reactants
2024-10-01 16:50:16,859 - DEBUG - retro reaction from template [C;D1;H3:3]-[N;H0;D3;+0:4](-[C;D1;H3:5])-[CH2;D2;+0:1]-[c:2]>>Cl-[CH2;D2;+0:1]-[c:2].[C;D1;H3:3]-[NH;D2;+0:4]-[C;D1;H3:5] on molecule c1ccc(CN2CCC(C3CCN(Cc4ccccc4)CC3)CC2)cc1 did not produce any reactants
2024-10-01 16:50:16,865 - DEBUG - retro reaction from template [C:2]-[C;H0;D3;+0:1](=[O;D1;H0:3])-[NH;D2;+0:9]-[C:8]-[C:6](=[O;D1;H0:7])-[#8:5]-[C;D1;H3:4]>>O-[C;H0;D3;+0:1](-[C:2])=[O;D1;H0:3].[C;D1;H3:4]-[#8:5]-[C:6](=[O;D1;H0:7])-[C:8]-[NH2;D1;+0:9] on molecule COC(=O)[C@@H](Cc1cc(C)c2c(c1)ncn2C(=O)OC(C)(C)C)OC(=O)N1CCC(N2CCc3ccccc3NC2=O)CC1 did not produce any reactants
2024-10-01 16:50:16,873 - DEBUG - Reaction COC(=O)[C@@H](Cc1cc(C)c2c(c1)ncn2C(=O)OC(C)(C)C)OC(=O)N1CCC(N2CCc3ccccc3NC2=O)CC1>>Cc1cc(C[C@@H](OC(=O)N2CCC(N3CCc4ccccc4NC3=O)CC2)C(=O)O)cc2ncn(C(=O)OC(C)(C)C)c12.CO was rejected because it re-generated molecule not in stock
2024-10-01 16:50:16,888 - DEBUG - retro reaction from template [#7:2]-[CH2;D2;+0:1]-[C:3]>>O=[C;H0;D3;+0:1](-[#7:2])-[C:3] on molecule c1ccc(CN2CCC(C3CCN(Cc4ccccc4)CC3)CC2)cc1 was filtered out with prob 0.020521879196166992
2024-10-01 16:50:16,889 - DEBUG - retro reaction from template [#7:2]-[CH2;D2;+0:1]-[C:3]>>O=[C;H0;D3;+0:1](-[#7:2])-[C:3] on molecule c1ccc(CN2CCC(C3CCN(Cc4ccccc4)CC3)CC2)cc1 was filtered out with prob 0.020521879196166992
2024-10-01 16:50:16,890 - DEBUG - retro reaction from template [#7:2]-[CH2;D2;+0:1]-[C:3]>>O=[C;H0;D3;+0:1](-[#7:2])-[C:3] on molecule c1ccc(CN2CCC(C3CCN(Cc4ccccc4)CC3)CC2)cc1 was filtered out with prob 0.020521879196166992
2024-10-01 16:50:16,891 - DEBUG - retro reaction from template [#7:2]-[CH2;D2;+0:1]-[C:3]>>O=[C;H0;D3;+0:1](-[#7:2])-[C:3] on molecule c1ccc(CN2CCC(C3CCN(Cc4ccccc4)CC3)CC2)cc1 was filtered out with prob 0.020521879196166992
2024-10-01 16:50:16,897 - DEBUG - retro reaction from template [#7:4]-[C:5](=[O;D1;H0:6])-[C:7]-[NH;D2;+0:8]-[C;H0;D3;+0:1](-[C:2])=[O;D1;H0:3]>>O-[C;H0;D3;+0:1](-[C:2])=[O;D1;H0:3].[#7:4]-[C:5](=[O;D1;H0:6])-[C:7]-[NH2;D1;+0:8] on molecule COC(=O)[C@@H](Cc1cc(C)c2c(c1)ncn2C(=O)OC(C)(C)C)OC(=O)N1CCC(N2CCc3ccccc3NC2=O)CC1 did not produce any reactants
2024-10-01 16:50:16,901 - DEBUG - retro reaction from template [C:5]-[NH;D2;+0:6]-[S;H0;D4;+0:1](-[C;D1;H3:2])(=[O;D1;H0:3])=[O;D1;H0:4]>>Cl-[S;H0;D4;+0:1](-[C;D1;H3:2])(=[O;D1;H0:3])=[O;D1;H0:4].[C:5]-[NH2;D1;+0:6] on molecule CS(=O)(=O)O did not produce any reactants
2024-10-01 16:50:16,933 - DEBUG - retro reaction from template [C:2]-[OH;D1;+0:1]>>C-[O;H0;D2;+0:1]-[C:2] on molecule Cc1cc(C[C@@H](OC(=O)N2CCC(N3CCc4ccccc4NC3=O)CC2)C(=O)N2CCC(C3CCN(S(C)(=O)=O)CC3)CC2)cc2nc[nH]c12 did not produce any reactants
2024-10-01 16:50:17,036 - DEBUG - retro reaction from template [C:1]-[C;H0;D3;+0:2](-[C;D1;H3:3])=[O;H0;D1;+0:4]>>[C:1]-[C;H0;D4;+0:2]1(-[C;D1;H3:3])-O-C-C-[O;H0;D2;+0:4]-1 on molecule Cc1cc(C[C@@H](OC(=O)N2CCC(=O)CC2)C(=O)N2CCC(C3CCN(Cc4ccccc4)CC3)CC2)cc2nc[nH]c12 did not produce any reactants
2024-10-01 16:50:17,041 - DEBUG - retro reaction from template [C;D1;H3:3]-[N;H0;D3;+0:4](-[C;D1;H3:5])-[CH2;D2;+0:1]-[c:2]>>O=[CH;D2;+0:1]-[c:2].[C;D1;H3:3]-[NH;D2;+0:4]-[C;D1;H3:5] on molecule Cc1cc(C[C@@H](OC(=O)N2CCC(=O)CC2)C(=O)N2CCC(C3CCN(Cc4ccccc4)CC3)CC2)cc2nc[nH]c12 did not produce any reactants
2024-10-01 16:50:17,047 - DEBUG - retro reaction from template [C:3]-[N;H0;D3;+0:4](-[C;D1;H3:5])-[CH2;D2;+0:1]-[c:2]>>Br-[CH2;D2;+0:1]-[c:2].[C:3]-[NH;D2;+0:4]-[C;D1;H3:5] on molecule Cc1cc(C[C@@H](OC(=O)N2CCC(=O)CC2)C(=O)N2CCC(C3CCN(Cc4ccccc4)CC3)CC2)cc2nc[nH]c12 did not produce any reactants
2024-10-01 16:50:17,052 - DEBUG - retro reaction from template [C:8]-[C:9](=[O;D1;H0:10])-[N;H0;D3;+0:11](-[C:12])-[C;H0;D3;+0:1](=[O;D1;H0:2])-[#8:3]-[C:4](-[C;D1;H3:5])(-[C;D1;H3:6])-[C;D1;H3:7]>>C-C(-C)(-C)-O-C(=O)-O-[C;H0;D3;+0:1](=[O;D1;H0:2])-[#8:3]-[C:4](-[C;D1;H3:5])(-[C;D1;H3:6])-[C;D1;H3:7].[C:8]-[C:9](=[O;D1;H0:10])-[NH;D2;+0:11]-[C:12] on molecule CC(C)(C)OC(=O)N1CCc2ccccc2NC1=O did not produce any reactants
2024-10-01 16:50:17,102 - DEBUG - retro reaction from template [C:2]-[NH;D2;+0:1]-[C;D1;H3:3]>>C-C(-C)(-C)-O-C(=O)-[N;H0;D3;+0:1](-[C:2])-[C;D1;H3:3] on molecule c1ccc(CN2CCC(C3CCNCC3)CC2)cc1 did not produce any reactants
2024-10-01 16:50:17,108 - DEBUG - retro reaction from template [C:2]-[C;H0;D3;+0:1](=[O;D1;H0:3])-[O;H0;D2;+0:8]-[C:7]-[C:5](=[O;D1;H0:4])-[O;D1;H1:6]>>Cl-[C;H0;D3;+0:1](-[C:2])=[O;D1;H0:3].[O;D1;H0:4]=[C:5](-[O;D1;H1:6])-[C:7]-[OH;D1;+0:8] on molecule Cc1cc(C[C@@H](OC(=O)Cl)C(=O)O)cc2nc[nH]c12 did not produce any reactants
2024-10-01 16:50:17,226 - DEBUG - retro reaction from template [C:2]-[NH;D2;+0:1]-[C;D1;H3:3]>>C-C(-C)(-C)-O-C(=O)-[N;H0;D3;+0:1](-[C:2])-[C;D1;H3:3] on molecule c1ccc(CN2CCC(C3CCNCC3)CC2)cc1 did not produce any reactants
2024-10-01 16:50:17,239 - DEBUG - retro reaction from template [#7:4]-[C:3](=[O;D1;H0:5])-[C:2]-[NH2;D1;+0:1]>>C-C(-C)(-C)-O-C(=O)-[NH;D2;+0:1]-[C:2]-[C:3](-[#7:4])=[O;D1;H0:5] on molecule Cc1cc(C[C@@H](OC(=O)N2CCC(N3CCc4ccccc4NC3=O)CC2)C(=O)N2CCC(C3CCN(S(C)(=O)=O)CC3)CC2)cc2nc[nH]c12 did not produce any reactants
2024-10-01 16:50:17,244 - DEBUG - retro reaction from template [C:3]-[C:2](=[O;D1;H0:4])-[OH;D1;+0:1]>>C-C-[O;H0;D2;+0:1]-[C:2](-[C:3])=[O;D1;H0:4] on molecule Cc1cc(C[C@@H](OC(=O)N2CCC(N3CCc4ccccc4NC3=O)CC2)C(=O)N2CCC(C3CCN(S(C)(=O)=O)CC3)CC2)cc2nc[nH]c12 did not produce any reactants
2024-10-01 16:50:17,250 - DEBUG - retro reaction from template [C:2]-[C;H0;D3;+0:1](=[O;D1;H0:3])-[N;H0;D3;+0:5](-[C;D1;H3:4])-[C;D1;H3:6]>>C-O-[C;H0;D3;+0:1](-[C:2])=[O;D1;H0:3].[C;D1;H3:4]-[NH;D2;+0:5]-[C;D1;H3:6] on molecule Cc1cc(C[C@@H](OC(=O)N2CCC(N3CCc4ccccc4NC3=O)CC2)C(=O)N2CCC(C3CCN(S(C)(=O)=O)CC3)CC2)cc2nc[nH]c12 did not produce any reactants
2024-10-01 16:50:17,256 - DEBUG - retro reaction from template [C:3]-[S;H0;D4;+0:4](-[C:5])(=[O;H0;D1;+0:1])=[O;H0;D1;+0:2]>>Cl-c1:c:c:c:c(-C(=[O;H0;D1;+0:1])-O-[OH;D1;+0:2]):c:1.[C:3]-[S;H0;D2;+0:4]-[C:5] on molecule Cc1cc(C[C@@H](OC(=O)N2CCC(N3CCc4ccccc4NC3=O)CC2)C(=O)N2CCC(C3CCN(S(C)(=O)=O)CC3)CC2)cc2nc[nH]c12 did not produce any reactants
2024-10-01 16:50:17,345 - DEBUG - retro reaction from template [C:2]-[C;H0;D3;+0:1](=[O;D1;H0:3])-[O;H0;D2;+0:5]-[C;D1;H3:4]>>O-[C;H0;D3;+0:1](-[C:2])=[O;D1;H0:3].[C;D1;H3:4]-[OH;D1;+0:5] on molecule Cc1cc(C[C@@H](OC(=O)N2CCC(N3CCc4ccccc4NC3=O)CC2)C(=O)N2CCC(C3CCN(Cc4ccccc4)CC3)CC2)cc2ncn(COC(=O)C(C)(C)C)c12 did not produce any reactants
2024-10-01 16:50:17,381 - DEBUG - retro reaction from template [C:2]-[NH;D2;+0:1]-[C;D1;H3:3]>>C-C(-C)(-C)-O-C(=O)-[N;H0;D3;+0:1](-[C:2])-[C;D1;H3:3] on molecule c1ccc(CN2CCC(C3CCNCC3)CC2)cc1 did not produce any reactants
2024-10-01 16:50:17,411 - DEBUG - retro reaction from template [C:2]-[NH;D2;+0:1]-[C;D1;H3:3]>>C-C(-C)(-C)-O-C(=O)-[N;H0;D3;+0:1](-[C:2])-[C;D1;H3:3] on molecule c1ccc(CN2CCC(C3CCNCC3)CC2)cc1 did not produce any reactants
2024-10-01 16:50:17,419 - DEBUG - Reaction COC(=O)[C@@H](Cc1cc(C)c2c(c1)ncn2COC(=O)C(C)(C)C)OC(=O)N1CCC(N2CCc3ccccc3NC2=O)CC1>>Cc1cc(C[C@@H](OC(=O)N2CCC(N3CCc4ccccc4NC3=O)CC2)C(=O)O)cc2ncn(COC(=O)C(C)(C)C)c12.CO was rejected because it re-generated molecule not in stock
2024-10-01 16:50:17,425 - DEBUG - retro reaction from template [c;H0;D3;+0:3]1:[c;H0;D3;+0:4]:[nH;D2;+0:5]:[cH;D2;+0:1]:[n;H0;D2;+0:2]:1>>O-[CH;D2;+0:1]=O.O=[N+;H0;D3:2](-[O-])-[c;H0;D3;+0:3]:[c;H0;D3;+0:4]-[NH2;D1;+0:5] on molecule COC(=O)[C@@H](Cc1cc(C)c2c(c1)ncn2COC(=O)C(C)(C)C)OC(=O)N1CCC(N2CCc3ccccc3NC2=O)CC1 did not produce any reactants
2024-10-01 16:50:17,448 - DEBUG - retro reaction from template [C:3]-[N;H0;D3;+0:4](-[C;D1;H3:5])-[CH2;D2;+0:1]-[c:2]>>Br-[CH2;D2;+0:1]-[c:2].[C:3]-[NH;D2;+0:4]-[C;D1;H3:5] on molecule c1ccc(CN2CCC(C3CCN(Cc4ccccc4)CC3)CC2)cc1 did not produce any reactants
2024-10-01 16:50:17,456 - DEBUG - Reaction COC(=O)[C@@H](Cc1cc(C)c2c(c1)ncn2COC(=O)C(C)(C)C)OC(=O)N1CCC(N2CCc3ccccc3NC2=O)CC1>>Cc1cc(C[C@@H](OC(=O)N2CCC(N3CCc4ccccc4NC3=O)CC2)C(=O)O)cc2ncn(COC(=O)C(C)(C)C)c12.CO was rejected because it re-generated molecule not in stock
2024-10-01 16:50:17,461 - DEBUG - retro reaction from template [C;D1;H3:3]-[N;H0;D3;+0:4](-[C;D1;H3:5])-[CH2;D2;+0:1]-[c:2]>>O=[CH;D2;+0:1]-[c:2].[C;D1;H3:3]-[NH;D2;+0:4]-[C;D1;H3:5] on molecule c1ccc(CN2CCC(C3CCN(Cc4ccccc4)CC3)CC2)cc1 did not produce any reactants
2024-10-01 16:50:17,467 - DEBUG - retro reaction from template [C;D1;H3:3]-[N;H0;D3;+0:4](-[C;D1;H3:5])-[CH2;D2;+0:1]-[c:2]>>Cl-[CH2;D2;+0:1]-[c:2].[C;D1;H3:3]-[NH;D2;+0:4]-[C;D1;H3:5] on molecule c1ccc(CN2CCC(C3CCN(Cc4ccccc4)CC3)CC2)cc1 did not produce any reactants
2024-10-01 16:50:17,473 - DEBUG - retro reaction from template [c;H0;D3;+0:3]1:[c;H0;D3;+0:4]:[nH;D2;+0:5]:[cH;D2;+0:1]:[n;H0;D2;+0:2]:1>>O-[CH;D2;+0:1]=O.O=[N+;H0;D3:2](-[O-])-[c;H0;D3;+0:3]:[c;H0;D3;+0:4]-[NH2;D1;+0:5] on molecule COC(=O)[C@@H](Cc1cc(C)c2c(c1)ncn2COC(=O)C(C)(C)C)OC(=O)N1CCC(N2CCc3ccccc3NC2=O)CC1 did not produce any reactants
2024-10-01 16:50:17,495 - DEBUG - retro reaction from template [C:3]-[N;H0;D3;+0:4](-[C;D1;H3:5])-[CH2;D2;+0:1]-[c:2]>>Br-[CH2;D2;+0:1]-[c:2].[C:3]-[NH;D2;+0:4]-[C;D1;H3:5] on molecule c1ccc(CN2CCC(C3CCN(Cc4ccccc4)CC3)CC2)cc1 did not produce any reactants
2024-10-01 16:50:17,503 - DEBUG - Reaction COC(=O)[C@@H](Cc1cc(C)c2c(c1)ncn2COC(=O)C(C)(C)C)OC(=O)N1CCC(N2CCc3ccccc3NC2=O)CC1>>Cc1cc(C[C@@H](OC(=O)N2CCC(N3CCc4ccccc4NC3=O)CC2)C(=O)O)cc2ncn(COC(=O)C(C)(C)C)c12.CO was rejected because it re-generated molecule not in stock
2024-10-01 16:50:17,508 - DEBUG - retro reaction from template [C;D1;H3:3]-[N;H0;D3;+0:4](-[C;D1;H3:5])-[CH2;D2;+0:1]-[c:2]>>O=[CH;D2;+0:1]-[c:2].[C;D1;H3:3]-[NH;D2;+0:4]-[C;D1;H3:5] on molecule c1ccc(CN2CCC(C3CCN(Cc4ccccc4)CC3)CC2)cc1 did not produce any reactants
2024-10-01 16:50:17,513 - DEBUG - retro reaction from template [C;D1;H3:3]-[N;H0;D3;+0:4](-[C;D1;H3:5])-[CH2;D2;+0:1]-[c:2]>>Cl-[CH2;D2;+0:1]-[c:2].[C;D1;H3:3]-[NH;D2;+0:4]-[C;D1;H3:5] on molecule c1ccc(CN2CCC(C3CCN(Cc4ccccc4)CC3)CC2)cc1 did not produce any reactants
2024-10-01 16:50:17,519 - DEBUG - retro reaction from template [c;H0;D3;+0:3]1:[c;H0;D3;+0:4]:[nH;D2;+0:5]:[cH;D2;+0:1]:[n;H0;D2;+0:2]:1>>O-[CH;D2;+0:1]=O.O=[N+;H0;D3:2](-[O-])-[c;H0;D3;+0:3]:[c;H0;D3;+0:4]-[NH2;D1;+0:5] on molecule COC(=O)[C@@H](Cc1cc(C)c2c(c1)ncn2COC(=O)C(C)(C)C)OC(=O)N1CCC(N2CCc3ccccc3NC2=O)CC1 did not produce any reactants
2024-10-01 16:50:17,525 - DEBUG - retro reaction from template [C:2]-[C;H0;D3;+0:1](=[O;D1;H0:3])-[NH;D2;+0:9]-[C:8]-[C:6](=[O;D1;H0:7])-[#8:5]-[C;D1;H3:4]>>O-[C;H0;D3;+0:1](-[C:2])=[O;D1;H0:3].[C;D1;H3:4]-[#8:5]-[C:6](=[O;D1;H0:7])-[C:8]-[NH2;D1;+0:9] on molecule COC(=O)[C@@H](Cc1cc(C)c2c(c1)ncn2COC(=O)C(C)(C)C)OC(=O)N1CCC(N2CCc3ccccc3NC2=O)CC1 did not produce any reactants
2024-10-01 16:50:17,530 - DEBUG - retro reaction from template [C:2]-[CH;D3;+0:1](-[C;D1;H3:3])-[N;H0;D3;+0:5](-[C;D1;H3:4])-[C;D1;H3:6]>>O=[C;H0;D3;+0:1](-[C:2])-[C;D1;H3:3].[C;D1;H3:4]-[NH;D2;+0:5]-[C;D1;H3:6] on molecule COC(=O)[C@@H](Cc1cc(C)c2c(c1)ncn2COC(=O)C(C)(C)C)OC(=O)N1CCC(N2CCc3ccccc3NC2=O)CC1 did not produce any reactants
2024-10-01 16:50:17,546 - DEBUG - retro reaction from template [#7:2]-[CH2;D2;+0:1]-[C:3]>>O=[C;H0;D3;+0:1](-[#7:2])-[C:3] on molecule c1ccc(CN2CCC(C3CCN(Cc4ccccc4)CC3)CC2)cc1 was filtered out with prob 0.020521879196166992
2024-10-01 16:50:17,547 - DEBUG - retro reaction from template [#7:2]-[CH2;D2;+0:1]-[C:3]>>O=[C;H0;D3;+0:1](-[#7:2])-[C:3] on molecule c1ccc(CN2CCC(C3CCN(Cc4ccccc4)CC3)CC2)cc1 was filtered out with prob 0.020521879196166992
2024-10-01 16:50:17,548 - DEBUG - retro reaction from template [#7:2]-[CH2;D2;+0:1]-[C:3]>>O=[C;H0;D3;+0:1](-[#7:2])-[C:3] on molecule c1ccc(CN2CCC(C3CCN(Cc4ccccc4)CC3)CC2)cc1 was filtered out with prob 0.020521879196166992
2024-10-01 16:50:17,549 - DEBUG - retro reaction from template [#7:2]-[CH2;D2;+0:1]-[C:3]>>O=[C;H0;D3;+0:1](-[#7:2])-[C:3] on molecule c1ccc(CN2CCC(C3CCN(Cc4ccccc4)CC3)CC2)cc1 was filtered out with prob 0.020521879196166992
2024-10-01 16:50:17,555 - DEBUG - retro reaction from template [C;D1;H3:4]-[#8:5]-[C:6](=[O;D1;H0:7])-[C:8]-[NH;D2;+0:9]-[C;H0;D3;+0:1](=[O;D1;H0:2])-[c:3]>>O-[C;H0;D3;+0:1](=[O;D1;H0:2])-[c:3].[C;D1;H3:4]-[#8:5]-[C:6](=[O;D1;H0:7])-[C:8]-[NH2;D1;+0:9] on molecule COC(=O)[C@@H](Cc1cc(C)c2c(c1)ncn2COC(=O)C(C)(C)C)OC(=O)N1CCC(N2CCc3ccccc3NC2=O)CC1 did not produce any reactants
2024-10-01 16:50:17,560 - DEBUG - retro reaction from template [C:5]-[NH;D2;+0:6]-[S;H0;D4;+0:1](-[C;D1;H3:2])(=[O;D1;H0:3])=[O;D1;H0:4]>>Cl-[S;H0;D4;+0:1](-[C;D1;H3:2])(=[O;D1;H0:3])=[O;D1;H0:4].[C:5]-[NH2;D1;+0:6] on molecule CS(=O)(=O)O did not produce any reactants
2024-10-01 16:50:17,566 - DEBUG - retro reaction from template [C:2]-[CH2;D2;+0:1]-[n;H0;D3;+0:5]1:[c:4]:[#7;a:3]:[c:7]:[c:6]:1>>Br-[CH2;D2;+0:1]-[C:2].[#7;a:3]1:[c:4]:[nH;D2;+0:5]:[c:6]:[c:7]:1 on molecule COC(=O)[C@@H](Cc1cc(C)c2c(c1)ncn2COC(=O)C(C)(C)C)OC(=O)N1CCC(N2CCc3ccccc3NC2=O)CC1 did not produce any reactants
2024-10-01 16:50:17,586 - DEBUG - retro reaction from template [#7:4]-[C:5](=[O;D1;H0:6])-[C:7]-[NH;D2;+0:8]-[C;H0;D3;+0:1](-[#8:2])=[O;D1;H0:3]>>Cl-[C;H0;D3;+0:1](-[#8:2])=[O;D1;H0:3].[#7:4]-[C:5](=[O;D1;H0:6])-[C:7]-[NH2;D1;+0:8] on molecule Cc1cc(C[C@@H](OC(=O)N2CCC(N3CCc4ccccc4NC3=O)CC2)C(=O)N2CCC(C3CCN(S(C)(=O)=O)CC3)CC2)cc2nc[nH]c12 did not produce any reactants
2024-10-01 16:50:17,593 - DEBUG - retro reaction from template [C:3]-[C:2](=[O;D1;H0:4])-[OH;D1;+0:1]>>C-[O;H0;D2;+0:1]-[C:2](-[C:3])=[O;D1;H0:4] on molecule Cc1cc(C[C@@H](OC(=O)N2CCC(N3CCc4ccccc4NC3=O)CC2)C(=O)N2CCC(C3CCN(S(C)(=O)=O)CC3)CC2)cc2nc[nH]c12 did not produce any reactants
2024-10-01 16:50:17,598 - DEBUG - retro reaction from template [C:2]-[N;H0;D3;+0:3](-[C:4])-[CH3;D1;+0:1]>>O=[CH2;D1;+0:1].[C:2]-[NH;D2;+0:3]-[C:4] on molecule Cc1cc(C[C@@H](OC(=O)N2CCC(N3CCc4ccccc4NC3=O)CC2)C(=O)N2CCC(C3CCN(S(C)(=O)=O)CC3)CC2)cc2nc[nH]c12 did not produce any reactants
2024-10-01 16:50:17,604 - DEBUG - retro reaction from template [#7;a:1]:[c:2](-[CH;D2;+0:3]=[O;H0;D1;+0:4]):[c:5]:[#7;a:6]>>[#7;a:1]:[c:2](-[CH2;D2;+0:3]-[OH;D1;+0:4]):[c:5]:[#7;a:6] on molecule Cc1cc(C[C@@H](OC(=O)N2CCC(N3CCc4ccccc4NC3=O)CC2)C(=O)N2CCC(C3CCN(S(C)(=O)=O)CC3)CC2)cc2nc[nH]c12 did not produce any reactants
2024-10-01 16:50:17,611 - DEBUG - retro reaction from template [C:11]-[N;H0;D3;+0:12](-[C:13])-[C;H0;D3;+0:1](=[O;D1;H0:2])-[#8:3]-[C:4]-[c:5]1:[c:6]:[c:7]:[c:8]:[c:9]:[c:10]:1>>Cl-[C;H0;D3;+0:1](=[O;D1;H0:2])-[#8:3]-[C:4]-[c:5]1:[c:6]:[c:7]:[c:8]:[c:9]:[c:10]:1.[C:11]-[N;H0;D3;+0:12](-[C:13])-C-c1:c:c:c:c:c:1 on molecule Cc1cc(C[C@@H](OC(=O)N2CCC(N3CCc4ccccc4NC3=O)CC2)C(=O)N2CCC(C3CCN(S(C)(=O)=O)CC3)CC2)cc2nc[nH]c12 did not produce any reactants
2024-10-01 16:50:17,617 - DEBUG - retro reaction from template [C;D1;H3:2]-[S;H0;D4;+0:3](=[O;D1;H0:4])(=[O;H0;D1;+0:1])-[c:5]>>Cl-c1:c:c:c:c(-C(=[O;H0;D1;+0:1])-O-O):c:1.[C;D1;H3:2]-[S;H0;D3;+0:3](=[O;D1;H0:4])-[c:5] on molecule Cc1cc(C[C@@H](OC(=O)N2CCC(N3CCc4ccccc4NC3=O)CC2)C(=O)N2CCC(C3CCN(S(C)(=O)=O)CC3)CC2)cc2nc[nH]c12 did not produce any reactants
2024-10-01 16:50:17,623 - DEBUG - retro reaction from template [C:5]-[NH;D2;+0:6]-[C;H0;D3;+0:1](=[O;D1;H0:2])-[#8:3]-[C:4]>>O=[N+](-[O-])-c1:c:c:c(-O-[C;H0;D3;+0:1](=[O;D1;H0:2])-[#8:3]-[C:4]):c:c:1.[C:5]-[NH2;D1;+0:6] on molecule Cc1cc(C[C@@H](OC(=O)N2CCC(N3CCc4ccccc4NC3=O)CC2)C(=O)N2CCC(C3CCN(S(C)(=O)=O)CC3)CC2)cc2nc[nH]c12 did not produce any reactants
2024-10-01 16:50:17,741 - DEBUG - retro reaction from template [C:2]-[NH;D2;+0:1]-[C;D1;H3:3]>>C-C(-C)(-C)-O-C(=O)-[N;H0;D3;+0:1](-[C:2])-[C;D1;H3:3] on molecule c1ccc(CN2CCC(C3CCNCC3)CC2)cc1 did not produce any reactants
2024-10-01 16:50:17,836 - DEBUG - retro reaction from template [C;D1;H3:3]-[N;H0;D3;+0:4](-[C;D1;H3:5])-[CH2;D2;+0:1]-[c:2]>>O=[CH;D2;+0:1]-[c:2].[C;D1;H3:3]-[NH;D2;+0:4]-[C;D1;H3:5] on molecule CC(C)(C)OC(=O)N1CCC(C2CCN(Cc3ccccc3)CC2)CC1 did not produce any reactants
2024-10-01 16:50:17,880 - DEBUG - retro reaction from template [C;D1;H3:3]-[N;H0;D3;+0:4](-[C;D1;H3:5])-[CH2;D2;+0:1]-[c:2]>>O=[CH;D2;+0:1]-[c:2].[C;D1;H3:3]-[NH;D2;+0:4]-[C;D1;H3:5] on molecule CC(C)(C)OC(=O)N1CCC(C2CCN(Cc3ccccc3)CC2)CC1 did not produce any reactants
2024-10-01 16:50:17,885 - DEBUG - retro reaction from template [C:2]-[C;H0;D3;+0:1](=[O;D1;H0:3])-[O;H0;D2;+0:5]-[C;D1;H3:4]>>O-[C;H0;D3;+0:1](-[C:2])=[O;D1;H0:3].[C;D1;H3:4]-[OH;D1;+0:5] on molecule CCOC(=O)[C@@H](Cc1cc(C)c(N)c([N+](=O)[O-])c1)OC(=O)N1CCC(N2CCc3ccccc3NC2=O)CC1 did not produce any reactants
2024-10-01 16:50:17,890 - DEBUG - retro reaction from template [C:3]-[N;H0;D3;+0:4](-[C;D1;H3:5])-[CH2;D2;+0:1]-[c:2]>>Br-[CH2;D2;+0:1]-[c:2].[C:3]-[NH;D2;+0:4]-[C;D1;H3:5] on molecule CC(C)(C)OC(=O)N1CCC(C2CCN(Cc3ccccc3)CC2)CC1 did not produce any reactants
2024-10-01 16:50:17,941 - DEBUG - retro reaction from template [C:2]-[NH;D2;+0:1]-[C;D1;H3:3]>>C-C(-C)(-C)-O-C(=O)-[N;H0;D3;+0:1](-[C:2])-[C;D1;H3:3] on molecule c1ccc(CN2CCC(C3CCNCC3)CC2)cc1 did not produce any reactants
2024-10-01 16:50:17,947 - DEBUG - retro reaction from template [C:2]-[C;H0;D3;+0:1](=[O;D1;H0:3])-[O;H0;D2;+0:5]-[C;D1;H3:4]>>O-[C;H0;D3;+0:1](-[C:2])=[O;D1;H0:3].[C;D1;H3:4]-[OH;D1;+0:5] on molecule CCOC(=O)[C@@H](Cc1cc(C)c(N)c([N+](=O)[O-])c1)OC(=O)N1CCC(N2CCc3ccccc3NC2=O)CC1 did not produce any reactants
2024-10-01 16:50:17,951 - DEBUG - retro reaction from template [C:1]-[CH;D2;+0:2]=[O;H0;D1;+0:3]>>[C:1]-[CH2;D2;+0:2]-[OH;D1;+0:3] on molecule O=CO did not produce any reactants
2024-10-01 16:50:17,976 - DEBUG - retro reaction from template [C:3]-[N;H0;D3;+0:4](-[C;D1;H3:5])-[CH2;D2;+0:1]-[c:2]>>Br-[CH2;D2;+0:1]-[c:2].[C:3]-[NH;D2;+0:4]-[C;D1;H3:5] on molecule c1ccc(CN2CCC(C3CCN(Cc4ccccc4)CC3)CC2)cc1 did not produce any reactants
2024-10-01 16:50:17,982 - DEBUG - retro reaction from template [C:2]-[C;H0;D3;+0:1](=[O;D1;H0:3])-[O;H0;D2;+0:5]-[C;D1;H3:4]>>O-[C;H0;D3;+0:1](-[C:2])=[O;D1;H0:3].[C;D1;H3:4]-[OH;D1;+0:5] on molecule CCOC(=O)[C@@H](Cc1cc(C)c(N)c([N+](=O)[O-])c1)OC(=O)N1CCC(N2CCc3ccccc3NC2=O)CC1 did not produce any reactants
2024-10-01 16:50:17,987 - DEBUG - retro reaction from template [C;D1;H3:3]-[N;H0;D3;+0:4](-[C;D1;H3:5])-[CH2;D2;+0:1]-[c:2]>>O=[CH;D2;+0:1]-[c:2].[C;D1;H3:3]-[NH;D2;+0:4]-[C;D1;H3:5] on molecule c1ccc(CN2CCC(C3CCN(Cc4ccccc4)CC3)CC2)cc1 did not produce any reactants
2024-10-01 16:50:17,992 - DEBUG - retro reaction from template [C;D1;H3:3]-[N;H0;D3;+0:4](-[C;D1;H3:5])-[CH2;D2;+0:1]-[c:2]>>Cl-[CH2;D2;+0:1]-[c:2].[C;D1;H3:3]-[NH;D2;+0:4]-[C;D1;H3:5] on molecule c1ccc(CN2CCC(C3CCN(Cc4ccccc4)CC3)CC2)cc1 did not produce any reactants
2024-10-01 16:50:17,996 - DEBUG - retro reaction from template [C:1]-[CH;D2;+0:2]=[O;H0;D1;+0:3]>>[C:1]-[CH2;D2;+0:2]-[OH;D1;+0:3] on molecule O=CO did not produce any reactants
2024-10-01 16:50:18,021 - DEBUG - retro reaction from template [C:3]-[N;H0;D3;+0:4](-[C;D1;H3:5])-[CH2;D2;+0:1]-[c:2]>>Br-[CH2;D2;+0:1]-[c:2].[C:3]-[NH;D2;+0:4]-[C;D1;H3:5] on molecule c1ccc(CN2CCC(C3CCN(Cc4ccccc4)CC3)CC2)cc1 did not produce any reactants
2024-10-01 16:50:18,026 - DEBUG - retro reaction from template [C:2]-[C;H0;D3;+0:1](=[O;D1;H0:3])-[O;H0;D2;+0:5]-[C;D1;H3:4]>>O-[C;H0;D3;+0:1](-[C:2])=[O;D1;H0:3].[C;D1;H3:4]-[OH;D1;+0:5] on molecule CCOC(=O)[C@@H](Cc1cc(C)c(N)c([N+](=O)[O-])c1)OC(=O)N1CCC(N2CCc3ccccc3NC2=O)CC1 did not produce any reactants
2024-10-01 16:50:18,031 - DEBUG - retro reaction from template [C;D1;H3:3]-[N;H0;D3;+0:4](-[C;D1;H3:5])-[CH2;D2;+0:1]-[c:2]>>O=[CH;D2;+0:1]-[c:2].[C;D1;H3:3]-[NH;D2;+0:4]-[C;D1;H3:5] on molecule c1ccc(CN2CCC(C3CCN(Cc4ccccc4)CC3)CC2)cc1 did not produce any reactants
2024-10-01 16:50:18,036 - DEBUG - retro reaction from template [C;D1;H3:3]-[N;H0;D3;+0:4](-[C;D1;H3:5])-[CH2;D2;+0:1]-[c:2]>>Cl-[CH2;D2;+0:1]-[c:2].[C;D1;H3:3]-[NH;D2;+0:4]-[C;D1;H3:5] on molecule c1ccc(CN2CCC(C3CCN(Cc4ccccc4)CC3)CC2)cc1 did not produce any reactants
2024-10-01 16:50:18,040 - DEBUG - retro reaction from template [C:1]-[CH;D2;+0:2]=[O;H0;D1;+0:3]>>[C:1]-[CH2;D2;+0:2]-[OH;D1;+0:3] on molecule O=CO did not produce any reactants
2024-10-01 16:50:18,045 - DEBUG - retro reaction from template [C:1]=[C:2]-[CH;D2;+0:3]=[O;H0;D1;+0:4]>>[C:1]=[C:2]-[CH2;D2;+0:3]-[OH;D1;+0:4] on molecule O=CO did not produce any reactants
2024-10-01 16:50:18,088 - DEBUG - Reaction CCOC(=O)[C@@H](Cc1cc(C)c(NC(=O)C(F)(F)F)c([N+](=O)[O-])c1)OC(=O)N1CCC(N2CCc3ccccc3NC2=O)CC1>>O=C(OC(=O)C(F)(F)F)C(F)(F)F.CCOC(=O)[C@@H](Cc1cc(C)c(N)c([N+](=O)[O-])c1)OC(=O)N1CCC(N2CCc3ccccc3NC2=O)CC1 was rejected because it re-generated molecule not in stock
2024-10-01 16:50:18,093 - DEBUG - retro reaction from template [C:3]-[N;H0;D3;+0:4](-[C;D1;H3:5])-[CH2;D2;+0:1]-[c:2]>>Br-[CH2;D2;+0:1]-[c:2].[C:3]-[NH;D2;+0:4]-[C;D1;H3:5] on molecule c1ccc(CN2CCC(C3CCN(Cc4ccccc4)CC3)CC2)cc1 did not produce any reactants
2024-10-01 16:50:18,098 - DEBUG - retro reaction from template [C;D1;H3:3]-[N;H0;D3;+0:4](-[C;D1;H3:5])-[CH2;D2;+0:1]-[c:2]>>O=[CH;D2;+0:1]-[c:2].[C;D1;H3:3]-[NH;D2;+0:4]-[C;D1;H3:5] on molecule c1ccc(CN2CCC(C3CCN(Cc4ccccc4)CC3)CC2)cc1 did not produce any reactants
2024-10-01 16:50:18,155 - DEBUG - retro reaction from template [C:2]-[NH;D2;+0:1]-[C;D1;H3:3]>>C-C(-C)(-C)-O-C(=O)-[N;H0;D3;+0:1](-[C:2])-[C;D1;H3:3] on molecule Cc1cc(C[C@@H](OC(=O)N2CCC(N3CCc4ccccc4NC3=O)CC2)C(=O)N2CCC(C3CCNCC3)CC2)cc2nc[nH]c12 did not produce any reactants
2024-10-01 16:50:18,191 - DEBUG - retro reaction from template [C;D1;H3:3]-[N;H0;D3;+0:4](-[C;D1;H3:5])-[CH2;D2;+0:1]-[c:2]>>O=[CH;D2;+0:1]-[c:2].[C;D1;H3:3]-[NH;D2;+0:4]-[C;D1;H3:5] on molecule Cc1cc(C[C@@H](OC(=O)N2CCC(N3CCc4ccccc4NC3=O)CC2)C(=O)N2CCC(C3CCN(Cc4ccccc4)CC3)CC2)cc2nc[nH]c12 did not produce any reactants
2024-10-01 16:50:18,218 - DEBUG - retro reaction from template [C:2]-[NH;D2;+0:1]-[C;D1;H3:3]>>C-C(-C)(-C)-O-C(=O)-[N;H0;D3;+0:1](-[C:2])-[C;D1;H3:3] on molecule c1ccc(CN2CCC(C3CCNCC3)CC2)cc1 did not produce any reactants
2024-10-01 16:50:18,260 - DEBUG - retro reaction from template [C:2]-[NH;D2;+0:1]-[C;D1;H3:3]>>C-C(-C)(-C)-O-C(=O)-[N;H0;D3;+0:1](-[C:2])-[C;D1;H3:3] on molecule c1ccc(CN2CCC(C3CCNCC3)CC2)cc1 did not produce any reactants
2024-10-01 16:50:18,266 - DEBUG - retro reaction from template [C:2]-[C;H0;D3;+0:1](=[O;D1;H0:3])-[O;H0;D2;+0:5]-[C;D1;H3:4]>>O-[C;H0;D3;+0:1](-[C:2])=[O;D1;H0:3].[C;D1;H3:4]-[OH;D1;+0:5] on molecule CCOC(=O)[C@@H](Cc1cc(C)c(N)c([N+](=O)[O-])c1)OC(=O)N1CCC(N2CCc3ccccc3NC2=O)CC1 did not produce any reactants
2024-10-01 16:50:18,270 - DEBUG - retro reaction from template [C:1]-[CH;D2;+0:2]=[O;H0;D1;+0:3]>>[C:1]-[CH2;D2;+0:2]-[OH;D1;+0:3] on molecule O=CO did not produce any reactants
2024-10-01 16:50:19,313 - DEBUG - retro reaction from template [C:3]-[N;H0;D3;+0:4](-[C;D1;H3:5])-[CH2;D2;+0:1]-[c:2]>>Br-[CH2;D2;+0:1]-[c:2].[C:3]-[NH;D2;+0:4]-[C;D1;H3:5] on molecule c1ccc(CN2CCC(C3CCN(Cc4ccccc4)CC3)CC2)cc1 did not produce any reactants
2024-10-01 16:50:19,319 - DEBUG - retro reaction from template [C:2]-[C;H0;D3;+0:1](=[O;D1;H0:3])-[O;H0;D2;+0:5]-[C;D1;H3:4]>>O-[C;H0;D3;+0:1](-[C:2])=[O;D1;H0:3].[C;D1;H3:4]-[OH;D1;+0:5] on molecule CCOC(=O)[C@@H](Cc1cc(C)c(N)c([N+](=O)[O-])c1)OC(=O)N1CCC(N2CCc3ccccc3NC2=O)CC1 did not produce any reactants
2024-10-01 16:50:19,324 - DEBUG - retro reaction from template [C;D1;H3:3]-[N;H0;D3;+0:4](-[C;D1;H3:5])-[CH2;D2;+0:1]-[c:2]>>O=[CH;D2;+0:1]-[c:2].[C;D1;H3:3]-[NH;D2;+0:4]-[C;D1;H3:5] on molecule c1ccc(CN2CCC(C3CCN(Cc4ccccc4)CC3)CC2)cc1 did not produce any reactants
2024-10-01 16:50:19,329 - DEBUG - retro reaction from template [C;D1;H3:3]-[N;H0;D3;+0:4](-[C;D1;H3:5])-[CH2;D2;+0:1]-[c:2]>>Cl-[CH2;D2;+0:1]-[c:2].[C;D1;H3:3]-[NH;D2;+0:4]-[C;D1;H3:5] on molecule c1ccc(CN2CCC(C3CCN(Cc4ccccc4)CC3)CC2)cc1 did not produce any reactants
2024-10-01 16:50:19,334 - DEBUG - retro reaction from template [C:1]-[CH;D2;+0:2]=[O;H0;D1;+0:3]>>[C:1]-[CH2;D2;+0:2]-[OH;D1;+0:3] on molecule O=CO did not produce any reactants
2024-10-01 16:50:19,339 - DEBUG - retro reaction from template [C:1]=[C:2]-[CH;D2;+0:3]=[O;H0;D1;+0:4]>>[C:1]=[C:2]-[CH2;D2;+0:3]-[OH;D1;+0:4] on molecule O=CO did not produce any reactants
2024-10-01 16:50:19,352 - DEBUG - retro reaction from template [C:1]-[CH;D2;+0:2]=[O;H0;D1;+0:3]>>[C:1]-[CH2;D2;+0:2]-[OH;D1;+0:3] on molecule O=CO did not produce any reactants
2024-10-01 16:50:19,356 - DEBUG - retro reaction from template [C:1]=[C:2]-[CH;D2;+0:3]=[O;H0;D1;+0:4]>>[C:1]=[C:2]-[CH2;D2;+0:3]-[OH;D1;+0:4] on molecule O=CO did not produce any reactants
2024-10-01 16:50:19,429 - DEBUG - retro reaction from template [C:1]-[NH;D2;+0:2]-[C:3]>>[C:1]-[N;H0;D3;+0:2](-[C:3])-C-c1:c:c:c:c:c:1 on molecule Cc1cc(C[C@@H](OC(=O)N2CCC(N3CCc4ccccc4NC3=O)CC2)C(=O)N2CCC(C3CCNCC3)CC2)cc([N+](=O)[O-])c1NC(=O)C(F)(F)F was filtered out with prob 0.017003268003463745
2024-10-01 16:50:19,435 - DEBUG - retro reaction from template [C:2]-[NH;D2;+0:1]-[C;D1;H3:3]>>C-C(-C)(-C)-O-C(=O)-[N;H0;D3;+0:1](-[C:2])-[C;D1;H3:3] on molecule Cc1cc(C[C@@H](OC(=O)N2CCC(N3CCc4ccccc4NC3=O)CC2)C(=O)N2CCC(C3CCNCC3)CC2)cc([N+](=O)[O-])c1NC(=O)C(F)(F)F did not produce any reactants
2024-10-01 16:50:19,439 - DEBUG - retro reaction from template [C:1]-[CH;D2;+0:2]=[O;H0;D1;+0:3]>>[C:1]-[CH2;D2;+0:2]-[OH;D1;+0:3] on molecule O=CO did not produce any reactants
2024-10-01 16:50:19,468 - DEBUG - retro reaction from template [C:1]-[NH;D2;+0:2]-[C:3]>>[C:1]-[N;H0;D3;+0:2](-[C:3])-C-c1:c:c:c:c:c:1 on molecule Cc1cc(C[C@@H](OC(=O)N2CCC(N3CCc4ccccc4NC3=O)CC2)C(=O)N2CCC(C3CCNCC3)CC2)cc([N+](=O)[O-])c1NC(=O)C(F)(F)F was filtered out with prob 0.017003268003463745
2024-10-01 16:50:19,473 - DEBUG - retro reaction from template [C:2]-[NH;D2;+0:1]-[C;D1;H3:3]>>C-C(-C)(-C)-O-C(=O)-[N;H0;D3;+0:1](-[C:2])-[C;D1;H3:3] on molecule Cc1cc(C[C@@H](OC(=O)N2CCC(N3CCc4ccccc4NC3=O)CC2)C(=O)N2CCC(C3CCNCC3)CC2)cc([N+](=O)[O-])c1NC(=O)C(F)(F)F did not produce any reactants
2024-10-01 16:50:19,478 - DEBUG - retro reaction from template [C:1]-[CH;D2;+0:2]=[O;H0;D1;+0:3]>>[C:1]-[CH2;D2;+0:2]-[OH;D1;+0:3] on molecule O=CO did not produce any reactants
2024-10-01 16:50:19,482 - DEBUG - retro reaction from template [C:1]=[C:2]-[CH;D2;+0:3]=[O;H0;D1;+0:4]>>[C:1]=[C:2]-[CH2;D2;+0:3]-[OH;D1;+0:4] on molecule O=CO did not produce any reactants
2024-10-01 16:50:19,495 - DEBUG - retro reaction from template [C:2]-[NH;D2;+0:1]-[C:3]>>O=C(-O-C-c1:c:c:c:c:c:1)-[N;H0;D3;+0:1](-[C:2])-[C:3] on molecule Cc1cc(C[C@@H](OC(=O)N2CCC(N3CCc4ccccc4NC3=O)CC2)C(=O)N2CCC(C3CCNCC3)CC2)cc([N+](=O)[O-])c1NC(=O)C(F)(F)F was filtered out with prob 0.008617967367172241
2024-10-01 16:50:19,499 - DEBUG - retro reaction from template [C:2]-[CH;D2;+0:1]=[O;H0;D1;+0:3]>>O=[C;H0;D3;+0:1](-[C:2])-[OH;D1;+0:3] on molecule O=CO did not produce any reactants
2024-10-01 16:50:19,504 - DEBUG - retro reaction from template [C:5]-[NH;D2;+0:6]-[S;H0;D4;+0:1](-[C;D1;H3:2])(=[O;D1;H0:3])=[O;D1;H0:4]>>Cl-[S;H0;D4;+0:1](-[C;D1;H3:2])(=[O;D1;H0:3])=[O;D1;H0:4].[C:5]-[NH2;D1;+0:6] on molecule CS(=O)(=O)O did not produce any reactants
2024-10-01 16:50:19,517 - DEBUG - retro reaction from template [O;-;D1;H0:2]-[N+;H0;D3:1](=[O;D1;H0:3])-[c;H0;D3;+0:5](:[c:4]):[c:6]>>O-[N+;H0;D3:1](-[O;-;D1;H0:2])=[O;D1;H0:3].[c:4]:[cH;D2;+0:5]:[c:6] on molecule Cc1cc(C[C@@H](OC(=O)N2CCC(N3CCc4ccccc4NC3=O)CC2)C(=O)N2CCC(C3CCNCC3)CC2)cc([N+](=O)[O-])c1NC(=O)C(F)(F)F was filtered out with prob 0.026931732892990112
2024-10-01 16:50:19,521 - DEBUG - retro reaction from template [C:2]-[CH;D2;+0:1]=[O;D1;H0:3]>>Cl-[C;H0;D3;+0:1](-[C:2])=[O;D1;H0:3] on molecule O=CO did not produce any reactants
2024-10-01 16:50:19,525 - DEBUG - retro reaction from template [C:2]-[CH;D2;+0:1]=[O;D1;H0:3]>>C-O-N(-C)-[C;H0;D3;+0:1](-[C:2])=[O;D1;H0:3] on molecule O=CO did not produce any reactants
2024-10-01 16:50:19,530 - DEBUG - retro reaction from template [C:3]-[C;H0;D3;+0:4](-[C:5]=[O;D1;H0:6])=[CH;D2;+0:2]-[OH;D1;+0:1]>>C-C-[O;H0;D2;+0:1]-[CH;D2;+0:2]=O.[C:3]-[CH2;D2;+0:4]-[C:5]=[O;D1;H0:6] on molecule O=CO did not produce any reactants
2024-10-01 16:50:19,534 - DEBUG - retro reaction from template [C:2]-[CH;D2;+0:1]=[O;D1;H0:3]>>C-C-O-[C;H0;D3;+0:1](-[C:2])=[O;D1;H0:3] on molecule O=CO did not produce any reactants
2024-10-01 16:50:19,539 - DEBUG - retro reaction from template [C:2]-[CH;D3;+0:1](-[c:3])-[NH;D2;+0:4]-[c:5]>>O=[C;H0;D3;+0:1](-[C:2])-[c:3].[NH2;D1;+0:4]-[c:5] on molecule Cc1cc(C[C@@H](OC(=O)N2CCC(N3CCc4ccccc4NC3=O)CC2)C(=O)N2CCC(C3CCNCC3)CC2)cc([N+](=O)[O-])c1NC(=O)C(F)(F)F did not produce any reactants
2024-10-01 16:50:19,601 - DEBUG - retro reaction from template [C;D1;H3:3]-[N;H0;D3;+0:4](-[C;D1;H3:5])-[CH2;D2;+0:1]-[c:2]>>O=[CH;D2;+0:1]-[c:2].[C;D1;H3:3]-[NH;D2;+0:4]-[C;D1;H3:5] on molecule Cc1cc(C[C@@H](OC(=O)N2CCC(N3CCc4ccccc4NC3=O)CC2)C(=O)N2CCC(C3CCN(Cc4ccccc4)CC3)CC2)cc([N+](=O)[O-])c1N did not produce any reactants
2024-10-01 16:50:19,607 - DEBUG - retro reaction from template [C:3]-[N;H0;D3;+0:4](-[C;D1;H3:5])-[CH2;D2;+0:1]-[c:2]>>Br-[CH2;D2;+0:1]-[c:2].[C:3]-[NH;D2;+0:4]-[C;D1;H3:5] on molecule Cc1cc(C[C@@H](OC(=O)N2CCC(N3CCc4ccccc4NC3=O)CC2)C(=O)N2CCC(C3CCN(Cc4ccccc4)CC3)CC2)cc([N+](=O)[O-])c1N did not produce any reactants
2024-10-01 16:50:19,611 - DEBUG - retro reaction from template [C:1]-[CH;D2;+0:2]=[O;H0;D1;+0:3]>>[C:1]-[CH2;D2;+0:2]-[OH;D1;+0:3] on molecule O=CO did not produce any reactants
2024-10-01 16:50:19,615 - DEBUG - retro reaction from template [C:1]=[C:2]-[CH;D2;+0:3]=[O;H0;D1;+0:4]>>[C:1]=[C:2]-[CH2;D2;+0:3]-[OH;D1;+0:4] on molecule O=CO did not produce any reactants
2024-10-01 16:50:19,664 - DEBUG - Reaction COC(=O)[C@@H](Cc1cc(C)c2c(c1)ncn2COC(=O)C(C)(C)C)OC(=O)N1CCC(N2CCc3ccccc3NC2=O)CC1>>Cc1cc(C[C@@H](OC(=O)N2CCC(N3CCc4ccccc4NC3=O)CC2)C(=O)O)cc2ncn(COC(=O)C(C)(C)C)c12.CO was rejected because it re-generated molecule not in stock
2024-10-01 16:50:19,670 - DEBUG - retro reaction from template [c;H0;D3;+0:3]1:[c;H0;D3;+0:4]:[nH;D2;+0:5]:[cH;D2;+0:1]:[n;H0;D2;+0:2]:1>>O-[CH;D2;+0:1]=O.O=[N+;H0;D3:2](-[O-])-[c;H0;D3;+0:3]:[c;H0;D3;+0:4]-[NH2;D1;+0:5] on molecule COC(=O)[C@@H](Cc1cc(C)c2c(c1)ncn2COC(=O)C(C)(C)C)OC(=O)N1CCC(N2CCc3ccccc3NC2=O)CC1 did not produce any reactants
2024-10-01 16:50:19,676 - DEBUG - retro reaction from template [C:2]-[C;H0;D3;+0:1](=[O;D1;H0:3])-[NH;D2;+0:9]-[C:8]-[C:6](=[O;D1;H0:7])-[#8:5]-[C;D1;H3:4]>>O-[C;H0;D3;+0:1](-[C:2])=[O;D1;H0:3].[C;D1;H3:4]-[#8:5]-[C:6](=[O;D1;H0:7])-[C:8]-[NH2;D1;+0:9] on molecule COC(=O)[C@@H](Cc1cc(C)c2c(c1)ncn2COC(=O)C(C)(C)C)OC(=O)N1CCC(N2CCc3ccccc3NC2=O)CC1 did not produce any reactants
2024-10-01 16:50:19,682 - DEBUG - retro reaction from template [C:2]-[CH;D3;+0:1](-[C;D1;H3:3])-[N;H0;D3;+0:5](-[C;D1;H3:4])-[C;D1;H3:6]>>O=[C;H0;D3;+0:1](-[C:2])-[C;D1;H3:3].[C;D1;H3:4]-[NH;D2;+0:5]-[C;D1;H3:6] on molecule COC(=O)[C@@H](Cc1cc(C)c2c(c1)ncn2COC(=O)C(C)(C)C)OC(=O)N1CCC(N2CCc3ccccc3NC2=O)CC1 did not produce any reactants
2024-10-01 16:50:19,688 - DEBUG - retro reaction from template [C;D1;H3:4]-[#8:5]-[C:6](=[O;D1;H0:7])-[C:8]-[NH;D2;+0:9]-[C;H0;D3;+0:1](=[O;D1;H0:2])-[c:3]>>O-[C;H0;D3;+0:1](=[O;D1;H0:2])-[c:3].[C;D1;H3:4]-[#8:5]-[C:6](=[O;D1;H0:7])-[C:8]-[NH2;D1;+0:9] on molecule COC(=O)[C@@H](Cc1cc(C)c2c(c1)ncn2COC(=O)C(C)(C)C)OC(=O)N1CCC(N2CCc3ccccc3NC2=O)CC1 did not produce any reactants
2024-10-01 16:50:19,694 - DEBUG - retro reaction from template [C:2]-[CH2;D2;+0:1]-[n;H0;D3;+0:5]1:[c:4]:[#7;a:3]:[c:7]:[c:6]:1>>Br-[CH2;D2;+0:1]-[C:2].[#7;a:3]1:[c:4]:[nH;D2;+0:5]:[c:6]:[c:7]:1 on molecule COC(=O)[C@@H](Cc1cc(C)c2c(c1)ncn2COC(=O)C(C)(C)C)OC(=O)N1CCC(N2CCc3ccccc3NC2=O)CC1 did not produce any reactants
2024-10-01 16:50:19,812 - DEBUG - Reaction Cc1cc(C[C@@H](OC(=O)N2CCC(N3CCc4ccccc4NC3=O)CC2)C(=O)O)cc([N+](=O)[O-])c1N>>COC(=O)[C@@H](Cc1cc(C)c(N)c([N+](=O)[O-])c1)OC(=O)N1CCC(N2CCc3ccccc3NC2=O)CC1 was rejected because it re-generated molecule not in stock
2024-10-01 16:50:19,834 - DEBUG - retro reaction from template [C:2]-[C;H0;D3;+0:1](=[O;D1;H0:3])-[O;H0;D2;+0:5]-[C;D1;H3:4]>>O-[C;H0;D3;+0:1](-[C:2])=[O;D1;H0:3].[C;D1;H3:4]-[OH;D1;+0:5] on molecule CCOC(=O)[C@@H](Cc1cc(C)c(N)c([N+](=O)[O-])c1)OC(=O)N1CCC(N2CCc3ccccc3NC2=O)CC1 did not produce any reactants
2024-10-01 16:50:19,838 - DEBUG - retro reaction from template [C:1]-[CH;D2;+0:2]=[O;H0;D1;+0:3]>>[C:1]-[CH2;D2;+0:2]-[OH;D1;+0:3] on molecule O=CO did not produce any reactants
2024-10-01 16:50:19,842 - DEBUG - retro reaction from template [C:1]=[C:2]-[CH;D2;+0:3]=[O;H0;D1;+0:4]>>[C:1]=[C:2]-[CH2;D2;+0:3]-[OH;D1;+0:4] on molecule O=CO did not produce any reactants
2024-10-01 16:50:19,961 - DEBUG - retro reaction from template [C:2]-[CH;D3;+0:1](-[C;D1;H3:3])-[N;H0;D3;+0:5](-[C;D1;H3:4])-[C;D1;H3:6]>>O=[C;H0;D3;+0:1](-[C:2])-[C;D1;H3:3].[C;D1;H3:4]-[NH;D2;+0:5]-[C;D1;H3:6] on molecule COC(=O)[C@@H](Cc1cc(C)c2c(c1)ncn2C(=O)OC(C)(C)C)OC(=O)N1CCC(N2CCc3ccccc3NC2=O)CC1 did not produce any reactants
2024-10-01 16:50:19,967 - DEBUG - retro reaction from template [c;H0;D3;+0:3]1:[c;H0;D3;+0:4]:[nH;D2;+0:5]:[cH;D2;+0:1]:[n;H0;D2;+0:2]:1>>O-[CH;D2;+0:1]=O.O=[N+;H0;D3:2](-[O-])-[c;H0;D3;+0:3]:[c;H0;D3;+0:4]-[NH2;D1;+0:5] on molecule COC(=O)[C@@H](Cc1cc(C)c2c(c1)ncn2C(=O)OC(C)(C)C)OC(=O)N1CCC(N2CCc3ccccc3NC2=O)CC1 did not produce any reactants
2024-10-01 16:50:19,972 - DEBUG - retro reaction from template [C:2]-[C;H0;D3;+0:1](=[O;D1;H0:3])-[NH;D2;+0:9]-[C:8]-[C:6](=[O;D1;H0:7])-[#8:5]-[C;D1;H3:4]>>O-[C;H0;D3;+0:1](-[C:2])=[O;D1;H0:3].[C;D1;H3:4]-[#8:5]-[C:6](=[O;D1;H0:7])-[C:8]-[NH2;D1;+0:9] on molecule COC(=O)[C@@H](Cc1cc(C)c2c(c1)ncn2C(=O)OC(C)(C)C)OC(=O)N1CCC(N2CCc3ccccc3NC2=O)CC1 did not produce any reactants
2024-10-01 16:50:19,980 - DEBUG - Reaction COC(=O)[C@@H](Cc1cc(C)c2c(c1)ncn2C(=O)OC(C)(C)C)OC(=O)N1CCC(N2CCc3ccccc3NC2=O)CC1>>Cc1cc(C[C@@H](OC(=O)N2CCC(N3CCc4ccccc4NC3=O)CC2)C(=O)O)cc2ncn(C(=O)OC(C)(C)C)c12.CO was rejected because it re-generated molecule not in stock
2024-10-01 16:50:19,987 - DEBUG - retro reaction from template [#7:4]-[C:5](=[O;D1;H0:6])-[C:7]-[NH;D2;+0:8]-[C;H0;D3;+0:1](-[C:2])=[O;D1;H0:3]>>O-[C;H0;D3;+0:1](-[C:2])=[O;D1;H0:3].[#7:4]-[C:5](=[O;D1;H0:6])-[C:7]-[NH2;D1;+0:8] on molecule COC(=O)[C@@H](Cc1cc(C)c2c(c1)ncn2C(=O)OC(C)(C)C)OC(=O)N1CCC(N2CCc3ccccc3NC2=O)CC1 did not produce any reactants
2024-10-01 16:50:20,073 - DEBUG - retro reaction from template [C:2]-[CH;D3;+0:1](-[C;D1;H3:3])-[N;H0;D3;+0:5](-[C;D1;H3:4])-[C;D1;H3:6]>>O=[C;H0;D3;+0:1](-[C:2])-[C;D1;H3:3].[C;D1;H3:4]-[NH;D2;+0:5]-[C;D1;H3:6] on molecule COC(=O)[C@@H](Cc1cc(C)c2c(c1)ncn2C(=O)OC(C)(C)C)OC(=O)N1CCC(N2CCc3ccccc3NC2=O)CC1 did not produce any reactants
2024-10-01 16:50:20,079 - DEBUG - retro reaction from template [c;H0;D3;+0:3]1:[c;H0;D3;+0:4]:[nH;D2;+0:5]:[cH;D2;+0:1]:[n;H0;D2;+0:2]:1>>O-[CH;D2;+0:1]=O.O=[N+;H0;D3:2](-[O-])-[c;H0;D3;+0:3]:[c;H0;D3;+0:4]-[NH2;D1;+0:5] on molecule COC(=O)[C@@H](Cc1cc(C)c2c(c1)ncn2C(=O)OC(C)(C)C)OC(=O)N1CCC(N2CCc3ccccc3NC2=O)CC1 did not produce any reactants
2024-10-01 16:50:20,084 - DEBUG - retro reaction from template [C:2]-[C;H0;D3;+0:1](=[O;D1;H0:3])-[NH;D2;+0:9]-[C:8]-[C:6](=[O;D1;H0:7])-[#8:5]-[C;D1;H3:4]>>O-[C;H0;D3;+0:1](-[C:2])=[O;D1;H0:3].[C;D1;H3:4]-[#8:5]-[C:6](=[O;D1;H0:7])-[C:8]-[NH2;D1;+0:9] on molecule COC(=O)[C@@H](Cc1cc(C)c2c(c1)ncn2C(=O)OC(C)(C)C)OC(=O)N1CCC(N2CCc3ccccc3NC2=O)CC1 did not produce any reactants
2024-10-01 16:50:20,093 - DEBUG - Reaction COC(=O)[C@@H](Cc1cc(C)c2c(c1)ncn2C(=O)OC(C)(C)C)OC(=O)N1CCC(N2CCc3ccccc3NC2=O)CC1>>Cc1cc(C[C@@H](OC(=O)N2CCC(N3CCc4ccccc4NC3=O)CC2)C(=O)O)cc2ncn(C(=O)OC(C)(C)C)c12.CO was rejected because it re-generated molecule not in stock
2024-10-01 16:50:20,099 - DEBUG - retro reaction from template [#7:4]-[C:5](=[O;D1;H0:6])-[C:7]-[NH;D2;+0:8]-[C;H0;D3;+0:1](-[C:2])=[O;D1;H0:3]>>O-[C;H0;D3;+0:1](-[C:2])=[O;D1;H0:3].[#7:4]-[C:5](=[O;D1;H0:6])-[C:7]-[NH2;D1;+0:8] on molecule COC(=O)[C@@H](Cc1cc(C)c2c(c1)ncn2C(=O)OC(C)(C)C)OC(=O)N1CCC(N2CCc3ccccc3NC2=O)CC1 did not produce any reactants
2024-10-01 16:50:20,222 - DEBUG - retro reaction from template [NH2;D1;+0:1]-[c:2]>>O=[N+;H0;D3:1](-[O-])-[c:2] on molecule CCOC(=O)C(=O)Cc1cc(C)c(N)c(N)c1 was filtered out with prob 0.02958136796951294
2024-10-01 16:50:20,304 - DEBUG - retro reaction from template [C;D1;H3:3]-[N;H0;D3;+0:4](-[C;D1;H3:5])-[CH2;D2;+0:1]-[c:2]>>O=[CH;D2;+0:1]-[c:2].[C;D1;H3:3]-[NH;D2;+0:4]-[C;D1;H3:5] on molecule CC(C)(C)OC(=O)N1CCC(C2CCN(Cc3ccccc3)CC2)CC1 did not produce any reactants
2024-10-01 16:50:20,310 - DEBUG - retro reaction from template [C:2]-[C;H0;D3;+0:1](=[O;D1;H0:3])-[O;H0;D2;+0:5]-[C;D1;H3:4]>>O-[C;H0;D3;+0:1](-[C:2])=[O;D1;H0:3].[C;D1;H3:4]-[OH;D1;+0:5] on molecule CCOC(=O)[C@@H](Cc1cc(C)c(N)c([N+](=O)[O-])c1)OC(=O)N1CCC(N2CCc3ccccc3NC2=O)CC1 did not produce any reactants
2024-10-01 16:50:20,315 - DEBUG - retro reaction from template [C:3]-[N;H0;D3;+0:4](-[C;D1;H3:5])-[CH2;D2;+0:1]-[c:2]>>Br-[CH2;D2;+0:1]-[c:2].[C:3]-[NH;D2;+0:4]-[C;D1;H3:5] on molecule CC(C)(C)OC(=O)N1CCC(C2CCN(Cc3ccccc3)CC2)CC1 did not produce any reactants
2024-10-01 16:50:20,366 - DEBUG - retro reaction from template [C:2]-[NH;D2;+0:1]-[C;D1;H3:3]>>C-C(-C)(-C)-O-C(=O)-[N;H0;D3;+0:1](-[C:2])-[C;D1;H3:3] on molecule c1ccc(CN2CCC(C3CCNCC3)CC2)cc1 did not produce any reactants
2024-10-01 16:50:20,371 - DEBUG - retro reaction from template [C:2]-[C;H0;D3;+0:1](=[O;D1;H0:3])-[O;H0;D2;+0:5]-[C;D1;H3:4]>>O-[C;H0;D3;+0:1](-[C:2])=[O;D1;H0:3].[C;D1;H3:4]-[OH;D1;+0:5] on molecule CCOC(=O)[C@@H](Cc1cc(C)c(N)c([N+](=O)[O-])c1)OC(=O)N1CCC(N2CCc3ccccc3NC2=O)CC1 did not produce any reactants
2024-10-01 16:50:20,375 - DEBUG - retro reaction from template [C:1]-[CH;D2;+0:2]=[O;H0;D1;+0:3]>>[C:1]-[CH2;D2;+0:2]-[OH;D1;+0:3] on molecule O=CO did not produce any reactants
2024-10-01 16:50:20,401 - DEBUG - retro reaction from template [C:3]-[N;H0;D3;+0:4](-[C;D1;H3:5])-[CH2;D2;+0:1]-[c:2]>>Br-[CH2;D2;+0:1]-[c:2].[C:3]-[NH;D2;+0:4]-[C;D1;H3:5] on molecule c1ccc(CN2CCC(C3CCN(Cc4ccccc4)CC3)CC2)cc1 did not produce any reactants
2024-10-01 16:50:20,407 - DEBUG - retro reaction from template [C:2]-[C;H0;D3;+0:1](=[O;D1;H0:3])-[O;H0;D2;+0:5]-[C;D1;H3:4]>>O-[C;H0;D3;+0:1](-[C:2])=[O;D1;H0:3].[C;D1;H3:4]-[OH;D1;+0:5] on molecule CCOC(=O)[C@@H](Cc1cc(C)c(N)c([N+](=O)[O-])c1)OC(=O)N1CCC(N2CCc3ccccc3NC2=O)CC1 did not produce any reactants
2024-10-01 16:50:20,412 - DEBUG - retro reaction from template [C;D1;H3:3]-[N;H0;D3;+0:4](-[C;D1;H3:5])-[CH2;D2;+0:1]-[c:2]>>O=[CH;D2;+0:1]-[c:2].[C;D1;H3:3]-[NH;D2;+0:4]-[C;D1;H3:5] on molecule c1ccc(CN2CCC(C3CCN(Cc4ccccc4)CC3)CC2)cc1 did not produce any reactants
2024-10-01 16:50:20,417 - DEBUG - retro reaction from template [C;D1;H3:3]-[N;H0;D3;+0:4](-[C;D1;H3:5])-[CH2;D2;+0:1]-[c:2]>>Cl-[CH2;D2;+0:1]-[c:2].[C;D1;H3:3]-[NH;D2;+0:4]-[C;D1;H3:5] on molecule c1ccc(CN2CCC(C3CCN(Cc4ccccc4)CC3)CC2)cc1 did not produce any reactants
2024-10-01 16:50:20,421 - DEBUG - retro reaction from template [C:1]-[CH;D2;+0:2]=[O;H0;D1;+0:3]>>[C:1]-[CH2;D2;+0:2]-[OH;D1;+0:3] on molecule O=CO did not produce any reactants
2024-10-01 16:50:20,447 - DEBUG - retro reaction from template [C:3]-[N;H0;D3;+0:4](-[C;D1;H3:5])-[CH2;D2;+0:1]-[c:2]>>Br-[CH2;D2;+0:1]-[c:2].[C:3]-[NH;D2;+0:4]-[C;D1;H3:5] on molecule c1ccc(CN2CCC(C3CCN(Cc4ccccc4)CC3)CC2)cc1 did not produce any reactants
2024-10-01 16:50:20,453 - DEBUG - retro reaction from template [C:2]-[C;H0;D3;+0:1](=[O;D1;H0:3])-[O;H0;D2;+0:5]-[C;D1;H3:4]>>O-[C;H0;D3;+0:1](-[C:2])=[O;D1;H0:3].[C;D1;H3:4]-[OH;D1;+0:5] on molecule CCOC(=O)[C@@H](Cc1cc(C)c(N)c([N+](=O)[O-])c1)OC(=O)N1CCC(N2CCc3ccccc3NC2=O)CC1 did not produce any reactants
2024-10-01 16:50:20,459 - DEBUG - retro reaction from template [C;D1;H3:3]-[N;H0;D3;+0:4](-[C;D1;H3:5])-[CH2;D2;+0:1]-[c:2]>>O=[CH;D2;+0:1]-[c:2].[C;D1;H3:3]-[NH;D2;+0:4]-[C;D1;H3:5] on molecule c1ccc(CN2CCC(C3CCN(Cc4ccccc4)CC3)CC2)cc1 did not produce any reactants
2024-10-01 16:50:20,464 - DEBUG - retro reaction from template [C;D1;H3:3]-[N;H0;D3;+0:4](-[C;D1;H3:5])-[CH2;D2;+0:1]-[c:2]>>Cl-[CH2;D2;+0:1]-[c:2].[C;D1;H3:3]-[NH;D2;+0:4]-[C;D1;H3:5] on molecule c1ccc(CN2CCC(C3CCN(Cc4ccccc4)CC3)CC2)cc1 did not produce any reactants
2024-10-01 16:50:20,468 - DEBUG - retro reaction from template [C:1]-[CH;D2;+0:2]=[O;H0;D1;+0:3]>>[C:1]-[CH2;D2;+0:2]-[OH;D1;+0:3] on molecule O=CO did not produce any reactants
2024-10-01 16:50:20,472 - DEBUG - retro reaction from template [C:1]=[C:2]-[CH;D2;+0:3]=[O;H0;D1;+0:4]>>[C:1]=[C:2]-[CH2;D2;+0:3]-[OH;D1;+0:4] on molecule O=CO did not produce any reactants
2024-10-01 16:50:20,515 - DEBUG - Reaction CCOC(=O)[C@@H](Cc1cc(C)c(NC(=O)C(F)(F)F)c([N+](=O)[O-])c1)OC(=O)N1CCC(N2CCc3ccccc3NC2=O)CC1>>O=C(OC(=O)C(F)(F)F)C(F)(F)F.CCOC(=O)[C@@H](Cc1cc(C)c(N)c([N+](=O)[O-])c1)OC(=O)N1CCC(N2CCc3ccccc3NC2=O)CC1 was rejected because it re-generated molecule not in stock
2024-10-01 16:50:20,521 - DEBUG - retro reaction from template [C:3]-[N;H0;D3;+0:4](-[C;D1;H3:5])-[CH2;D2;+0:1]-[c:2]>>Br-[CH2;D2;+0:1]-[c:2].[C:3]-[NH;D2;+0:4]-[C;D1;H3:5] on molecule c1ccc(CN2CCC(C3CCN(Cc4ccccc4)CC3)CC2)cc1 did not produce any reactants
2024-10-01 16:50:20,526 - DEBUG - retro reaction from template [C;D1;H3:3]-[N;H0;D3;+0:4](-[C;D1;H3:5])-[CH2;D2;+0:1]-[c:2]>>O=[CH;D2;+0:1]-[c:2].[C;D1;H3:3]-[NH;D2;+0:4]-[C;D1;H3:5] on molecule c1ccc(CN2CCC(C3CCN(Cc4ccccc4)CC3)CC2)cc1 did not produce any reactants
2024-10-01 16:50:20,628 - DEBUG - retro reaction from template [C;D1;H3:3]-[N;H0;D3;+0:4](-[C;D1;H3:5])-[CH2;D2;+0:1]-[c:2]>>O=[CH;D2;+0:1]-[c:2].[C;D1;H3:3]-[NH;D2;+0:4]-[C;D1;H3:5] on molecule Cc1cc(C[C@@H](OC(=O)N2CCC(N3CCc4ccccc4NC3=O)CC2)C(=O)N2CCC(C3CCN(Cc4ccccc4)CC3)CC2)cc([N+](=O)[O-])c1N did not produce any reactants
2024-10-01 16:50:20,635 - DEBUG - retro reaction from template [C:3]-[N;H0;D3;+0:4](-[C;D1;H3:5])-[CH2;D2;+0:1]-[c:2]>>Br-[CH2;D2;+0:1]-[c:2].[C:3]-[NH;D2;+0:4]-[C;D1;H3:5] on molecule Cc1cc(C[C@@H](OC(=O)N2CCC(N3CCc4ccccc4NC3=O)CC2)C(=O)N2CCC(C3CCN(Cc4ccccc4)CC3)CC2)cc([N+](=O)[O-])c1N did not produce any reactants
2024-10-01 16:50:20,654 - DEBUG - retro reaction from template [C;D1;H3:3]-[N;H0;D3;+0:4](-[C;D1;H3:5])-[CH2;D2;+0:1]-[c:2]>>O=[CH;D2;+0:1]-[c:2].[C;D1;H3:3]-[NH;D2;+0:4]-[C;D1;H3:5] on molecule Cc1cc(C[C@@H](OC(=O)N2CCC(N3CCc4ccccc4NC3=O)CC2)C(=O)N2CCC(C3CCN(Cc4ccccc4)CC3)CC2)cc([N+](=O)[O-])c1N did not produce any reactants
2024-10-01 16:50:20,660 - DEBUG - retro reaction from template [C:3]-[N;H0;D3;+0:4](-[C;D1;H3:5])-[CH2;D2;+0:1]-[c:2]>>Br-[CH2;D2;+0:1]-[c:2].[C:3]-[NH;D2;+0:4]-[C;D1;H3:5] on molecule Cc1cc(C[C@@H](OC(=O)N2CCC(N3CCc4ccccc4NC3=O)CC2)C(=O)N2CCC(C3CCN(Cc4ccccc4)CC3)CC2)cc([N+](=O)[O-])c1N did not produce any reactants
2024-10-01 16:50:20,687 - DEBUG - retro reaction from template [C:2]-[NH;D2;+0:1]-[C;D1;H3:3]>>C-C(-C)(-C)-O-C(=O)-[N;H0;D3;+0:1](-[C:2])-[C;D1;H3:3] on molecule c1ccc(CN2CCC(C3CCNCC3)CC2)cc1 did not produce any reactants
2024-10-01 16:50:20,701 - DEBUG - retro reaction from template [C;D1;H3:2]-[S;H0;D4;+0:1](=[O;D1;H0:3])(=[O;D1;H0:4])-[n;H0;D3;+0:7]1:[c:6]:[#7;a:5]:[c:9]:[c:8]:1>>Cl-[S;H0;D4;+0:1](-[C;D1;H3:2])(=[O;D1;H0:3])=[O;D1;H0:4].[#7;a:5]1:[c:6]:[nH;D2;+0:7]:[c:8]:[c:9]:1 on molecule Cc1cc(C[C@@H](OC(=O)N2CCC(N3CCc4ccccc4NC3=O)CC2)C(=O)N2CCC(C3CCN(S(C)(=O)=O)CC3)CC2)cc2ncn(COCC[Si](C)(C)C)c12 did not produce any reactants
2024-10-01 16:50:20,736 - DEBUG - Reaction COC(=O)[C@@H](Cc1cc(C)c2c(c1)ncn2COCC[Si](C)(C)C)OC(=O)N1CCC(N2CCc3ccccc3NC2=O)CC1>>Cc1cc(C[C@@H](OC(=O)N2CCC(N3CCc4ccccc4NC3=O)CC2)C(=O)O)cc2ncn(COCC[Si](C)(C)C)c12.CO was rejected because it re-generated molecule not in stock
2024-10-01 16:50:20,742 - DEBUG - retro reaction from template [c;H0;D3;+0:3]1:[c;H0;D3;+0:4]:[nH;D2;+0:5]:[cH;D2;+0:1]:[n;H0;D2;+0:2]:1>>O-[CH;D2;+0:1]=O.O=[N+;H0;D3:2](-[O-])-[c;H0;D3;+0:3]:[c;H0;D3;+0:4]-[NH2;D1;+0:5] on molecule COC(=O)[C@@H](Cc1cc(C)c2c(c1)ncn2COCC[Si](C)(C)C)OC(=O)N1CCC(N2CCc3ccccc3NC2=O)CC1 did not produce any reactants
2024-10-01 16:50:20,791 - DEBUG - retro reaction from template [C;D1;H3:2]-[S;H0;D4;+0:1](=[O;D1;H0:3])(=[O;D1;H0:4])-[n;H0;D3;+0:7]1:[c:6]:[#7;a:5]:[c:9]:[c:8]:1>>Cl-[S;H0;D4;+0:1](-[C;D1;H3:2])(=[O;D1;H0:3])=[O;D1;H0:4].[#7;a:5]1:[c:6]:[nH;D2;+0:7]:[c:8]:[c:9]:1 on molecule Cc1cc(C[C@@H](OC(=O)N2CCC(N3CCc4ccccc4NC3=O)CC2)C(=O)N2CCC(C3CCN(S(C)(=O)=O)CC3)CC2)cc2ncn(COCC[Si](C)(C)C)c12 did not produce any reactants
2024-10-01 16:50:20,825 - DEBUG - Reaction COC(=O)[C@@H](Cc1cc(C)c2c(c1)ncn2COCC[Si](C)(C)C)OC(=O)N1CCC(N2CCc3ccccc3NC2=O)CC1>>Cc1cc(C[C@@H](OC(=O)N2CCC(N3CCc4ccccc4NC3=O)CC2)C(=O)O)cc2ncn(COCC[Si](C)(C)C)c12.CO was rejected because it re-generated molecule not in stock
2024-10-01 16:50:20,831 - DEBUG - retro reaction from template [c;H0;D3;+0:3]1:[c;H0;D3;+0:4]:[nH;D2;+0:5]:[cH;D2;+0:1]:[n;H0;D2;+0:2]:1>>O-[CH;D2;+0:1]=O.O=[N+;H0;D3:2](-[O-])-[c;H0;D3;+0:3]:[c;H0;D3;+0:4]-[NH2;D1;+0:5] on molecule COC(=O)[C@@H](Cc1cc(C)c2c(c1)ncn2COCC[Si](C)(C)C)OC(=O)N1CCC(N2CCc3ccccc3NC2=O)CC1 did not produce any reactants
2024-10-01 16:50:20,883 - DEBUG - retro reaction from template [C:2]-[C;H0;D3;+0:1](=[O;D1;H0:3])-[O;H0;D2;+0:8]-[C:7]-[C:5](=[O;D1;H0:4])-[O;D1;H1:6]>>Cl-[C;H0;D3;+0:1](-[C:2])=[O;D1;H0:3].[O;D1;H0:4]=[C:5](-[O;D1;H1:6])-[C:7]-[OH;D1;+0:8] on molecule Cc1cc(C[C@@H](OC(=O)Cl)C(=O)O)cc2nc[nH]c12 did not produce any reactants
2024-10-01 16:50:21,009 - DEBUG - retro reaction from template [C:1]-[CH;D2;+0:2]=[O;H0;D1;+0:3]>>[C:1]-[CH2;D2;+0:2]-[OH;D1;+0:3] on molecule O=CO did not produce any reactants
2024-10-01 16:50:21,033 - DEBUG - retro reaction from template [C;D1;H3:3]-[N;H0;D3;+0:4](-[C;D1;H3:5])-[CH2;D2;+0:1]-[c:2]>>O=[CH;D2;+0:1]-[c:2].[C;D1;H3:3]-[NH;D2;+0:4]-[C;D1;H3:5] on molecule Cc1cc(C[C@@H](OC(=O)N2CCC(N3CCc4ccccc4NC3=O)CC2)C(=O)N2CCC(C3CCN(Cc4ccccc4)CC3)CC2)cc([N+](=O)[O-])c1[N+](=O)[O-] did not produce any reactants
2024-10-01 16:50:21,038 - DEBUG - retro reaction from template [C:3]-[N;H0;D3;+0:4](-[C;D1;H3:5])-[CH2;D2;+0:1]-[c:2]>>Br-[CH2;D2;+0:1]-[c:2].[C:3]-[NH;D2;+0:4]-[C;D1;H3:5] on molecule Cc1cc(C[C@@H](OC(=O)N2CCC(N3CCc4ccccc4NC3=O)CC2)C(=O)N2CCC(C3CCN(Cc4ccccc4)CC3)CC2)cc([N+](=O)[O-])c1[N+](=O)[O-] did not produce any reactants
2024-10-01 16:50:21,043 - DEBUG - retro reaction from template [C:1]-[CH;D2;+0:2]=[O;H0;D1;+0:3]>>[C:1]-[CH2;D2;+0:2]-[OH;D1;+0:3] on molecule O=CO did not produce any reactants
2024-10-01 16:50:21,135 - DEBUG - retro reaction from template [C;D1;H3:3]-[N;H0;D3;+0:4](-[C;D1;H3:5])-[CH2;D2;+0:1]-[c:2]>>O=[CH;D2;+0:1]-[c:2].[C;D1;H3:3]-[NH;D2;+0:4]-[C;D1;H3:5] on molecule Cc1cc(C[C@@H](OC(=O)N2CCC(N3CCc4ccccc4NC3=O)CC2)C(=O)N2CCC(C3CCN(Cc4ccccc4)CC3)CC2)cc([N+](=O)[O-])c1[N+](=O)[O-] did not produce any reactants
2024-10-01 16:50:21,141 - DEBUG - retro reaction from template [C:3]-[N;H0;D3;+0:4](-[C;D1;H3:5])-[CH2;D2;+0:1]-[c:2]>>Br-[CH2;D2;+0:1]-[c:2].[C:3]-[NH;D2;+0:4]-[C;D1;H3:5] on molecule Cc1cc(C[C@@H](OC(=O)N2CCC(N3CCc4ccccc4NC3=O)CC2)C(=O)N2CCC(C3CCN(Cc4ccccc4)CC3)CC2)cc([N+](=O)[O-])c1[N+](=O)[O-] did not produce any reactants
2024-10-01 16:50:21,199 - DEBUG - retro reaction from template [C:2]-[NH;D2;+0:1]-[C;D1;H3:3]>>C-C(-C)(-C)-O-C(=O)-[N;H0;D3;+0:1](-[C:2])-[C;D1;H3:3] on molecule Cc1cc(C[C@@H](OC(=O)Cl)C(=O)N2CCC(C3CCNCC3)CC2)cc2nc[nH]c12 did not produce any reactants
2024-10-01 16:50:21,245 - DEBUG - retro reaction from template [C:2]-[NH;D2;+0:1]-[C;D1;H3:3]>>C-C(-C)(-C)-O-C(=O)-[N;H0;D3;+0:1](-[C:2])-[C;D1;H3:3] on molecule c1ccc(CN2CCC(C3CCNCC3)CC2)cc1 did not produce any reactants
2024-10-01 16:50:21,251 - DEBUG - retro reaction from template [C:2]-[C;H0;D3;+0:1](=[O;D1;H0:3])-[O;H0;D2;+0:8]-[C:7]-[C:5](=[O;D1;H0:4])-[O;D1;H1:6]>>Cl-[C;H0;D3;+0:1](-[C:2])=[O;D1;H0:3].[O;D1;H0:4]=[C:5](-[O;D1;H1:6])-[C:7]-[OH;D1;+0:8] on molecule Cc1cc(C[C@@H](OC(=O)Cl)C(=O)O)cc2nc[nH]c12 did not produce any reactants
2024-10-01 16:50:21,323 - DEBUG - retro reaction from template [NH2;D1;+0:1]-[c:2]>>O=[N+;H0;D3:1](-[O-])-[c:2] on molecule CCOC(=O)C(=O)Cc1cc(C)c(N)c(N)c1 was filtered out with prob 0.02958136796951294
2024-10-01 16:50:21,330 - DEBUG - retro reaction from template [C:2]-[C;H0;D3;+0:1](=[O;D1;H0:3])-[O;H0;D2;+0:5]-[C;D1;H3:4]>>O-[C;H0;D3;+0:1](-[C:2])=[O;D1;H0:3].[C;D1;H3:4]-[OH;D1;+0:5] on molecule Cc1cc(C[C@@H](OC(=O)N2CCC(N3CCc4ccccc4NC3=O)CC2)C(=O)N2CCC(C3CCN(S(C)(=O)=O)CC3)CC2)cc2ncn(COC(=O)C(C)(C)C)c12 did not produce any reactants
2024-10-01 16:50:21,336 - DEBUG - retro reaction from template [C;D1;H3:2]-[S;H0;D4;+0:1](=[O;D1;H0:3])(=[O;D1;H0:4])-[n;H0;D3;+0:7]1:[c:6]:[#7;a:5]:[c:9]:[c:8]:1>>Cl-[S;H0;D4;+0:1](-[C;D1;H3:2])(=[O;D1;H0:3])=[O;D1;H0:4].[#7;a:5]1:[c:6]:[nH;D2;+0:7]:[c:8]:[c:9]:1 on molecule Cc1cc(C[C@@H](OC(=O)N2CCC(N3CCc4ccccc4NC3=O)CC2)C(=O)N2CCC(C3CCN(S(C)(=O)=O)CC3)CC2)cc2ncn(COC(=O)C(C)(C)C)c12 did not produce any reactants
2024-10-01 16:50:21,342 - DEBUG - retro reaction from template [#7:4]-[C:5](=[O;D1;H0:6])-[C:7]-[NH;D2;+0:8]-[C;H0;D3;+0:1](=[O;D1;H0:2])-[c:3]>>O-[C;H0;D3;+0:1](=[O;D1;H0:2])-[c:3].[#7:4]-[C:5](=[O;D1;H0:6])-[C:7]-[NH2;D1;+0:8] on molecule Cc1cc(C[C@@H](OC(=O)N2CCC(N3CCc4ccccc4NC3=O)CC2)C(=O)N2CCC(C3CCN(S(C)(=O)=O)CC3)CC2)cc2ncn(COC(=O)C(C)(C)C)c12 did not produce any reactants
2024-10-01 16:50:21,348 - DEBUG - retro reaction from template [C:2]-[CH;D3;+0:1](-[C;D1;H3:3])-[N;H0;D3;+0:5](-[C;D1;H3:4])-[C;D1;H3:6]>>O=[C;H0;D3;+0:1](-[C:2])-[C;D1;H3:3].[C;D1;H3:4]-[NH;D2;+0:5]-[C;D1;H3:6] on molecule Cc1cc(C[C@@H](OC(=O)N2CCC(N3CCc4ccccc4NC3=O)CC2)C(=O)N2CCC(C3CCN(S(C)(=O)=O)CC3)CC2)cc2ncn(COC(=O)C(C)(C)C)c12 did not produce any reactants
2024-10-01 16:50:21,355 - DEBUG - retro reaction from template [c;H0;D3;+0:3]1:[c;H0;D3;+0:4]:[nH;D2;+0:5]:[cH;D2;+0:1]:[n;H0;D2;+0:2]:1>>O-[CH;D2;+0:1]=O.O=[N+;H0;D3:2](-[O-])-[c;H0;D3;+0:3]:[c;H0;D3;+0:4]-[NH2;D1;+0:5] on molecule Cc1cc(C[C@@H](OC(=O)N2CCC(N3CCc4ccccc4NC3=O)CC2)C(=O)N2CCC(C3CCN(S(C)(=O)=O)CC3)CC2)cc2ncn(COC(=O)C(C)(C)C)c12 did not produce any reactants
2024-10-01 16:50:21,360 - DEBUG - retro reaction from template [C:2]-[C;H0;D3;+0:1](=[O;D1;H0:3])-[O;H0;D2;+0:5]-[C;D1;H3:4]>>Cl-[C;H0;D3;+0:1](-[C:2])=[O;D1;H0:3].[C;D1;H3:4]-[OH;D1;+0:5] on molecule Cc1cc(C[C@@H](OC(=O)N2CCC(N3CCc4ccccc4NC3=O)CC2)C(=O)N2CCC(C3CCN(S(C)(=O)=O)CC3)CC2)cc2ncn(COC(=O)C(C)(C)C)c12 did not produce any reactants
