2024-11-26 11:03:15 [info     ] -------------------------------------------------- filename=main.py lineno=29
2024-11-26 11:03:15 [info     ] Application initialization complete filename=main.py lineno=30
2024-11-26 11:03:15 [info     ] Starting new synthesis job 20241126_163315_58245 for molecule CC(N)C(=O)NC1=C(C)C=CC=C1C filename=prithvi.py job_id=20241126_163315_58245 lineno=30
2024-11-26 11:03:15 [info     ] AZ solved CC(N)C(=O)NC1=C(C)C=CC=C1C filename=rec_prithvi.py job_id=20241126_163315_58245 lineno=54
Retrosynthesis result: {'dependencies': {'1': ['2'], '2': ['3'], '3': []}, 'steps': [{'step': '1', 'reactants': [{'smiles': 'CC(N)C(=O)Cl', 'reactant_metadata': {'name': '', 'chemical_formula': 'C3H6ClNO', 'mass': 107.013791492}}, {'smiles': 'Cc1cccc(C)c1N', 'reactant_metadata': {'name': '', 'chemical_formula': 'C8H11N', 'mass': 121.08914935199999}}], 'reagents': [], 'products': [{'smiles': 'Cc1cccc(C)c1NC(=O)C(C)N', 'product_metadata': {'name': '', 'chemical_formula': 'C11H16N2O', 'mass': 192.126263132}}], 'conditions': [], 'reactionmetrics': [{'scalabilityindex': '9', 'confidenceestimate': 0.99, 'closestliterature': ''}]}, {'step': '2', 'reactants': [{'smiles': 'CC(=NO)C(=O)Cl', 'reactant_metadata': {'name': '', 'chemical_formula': 'C3H4ClNO2', 'mass': 120.993056048}}], 'reagents': [], 'products': [{'smiles': 'CC(N)C(=O)Cl', 'product_metadata': {'name': '', 'chemical_formula': 'C3H6ClNO', 'mass': 107.013791492}}], 'conditions': [], 'reactionmetrics': [{'scalabilityindex': '9', 'confidenceestimate': 0.99, 'closestliterature': ''}]}, {'step': '3', 'reactants': [{'smiles': 'CCC(=O)Cl', 'reactant_metadata': {'name': '', 'chemical_formula': 'C3H5ClO', 'mass': 92.00289246}}, {'smiles': 'CC(C)CCON=O', 'reactant_metadata': {'name': '', 'chemical_formula': 'C5H11NO2', 'mass': 117.078978592}}], 'reagents': [], 'products': [{'smiles': 'CC(=NO)C(=O)Cl', 'product_metadata': {'name': '', 'chemical_formula': 'C3H4ClNO2', 'mass': 120.993056048}}], 'conditions': [], 'reactionmetrics': [{'scalabilityindex': '9', 'confidenceestimate': 0.87, 'closestliterature': ''}]}]}
127.0.0.1 - - [26/Nov/2024 16:33:16] "POST /api/retrosynthesis HTTP/1.1" 200 -
2024-11-26 11:06:33 [info     ] -------------------------------------------------- filename=main.py lineno=29
2024-11-26 11:06:33 [info     ] Application initialization complete filename=main.py lineno=30
2024-11-26 11:06:33 [info     ] Starting new synthesis job 20241126_163633_58245 for molecule CC(N)C(=O)NC1=C(C)C=CC=C1C filename=prithvi.py job_id=20241126_163633_58245 lineno=30
2024-11-26 11:06:33 [info     ] AZ solved CC(N)C(=O)NC1=C(C)C=CC=C1C filename=rec_prithvi.py job_id=20241126_163633_58245 lineno=54
Retrosynthesis result: {'dependencies': {'1': ['2'], '2': ['3'], '3': []}, 'steps': [{'step': '1', 'reactants': [{'smiles': 'CC(N)C(=O)Cl', 'reactant_metadata': {'name': '', 'chemical_formula': 'C3H6ClNO', 'mass': 107.013791492}}, {'smiles': 'Cc1cccc(C)c1N', 'reactant_metadata': {'name': '', 'chemical_formula': 'C8H11N', 'mass': 121.08914935199999}}], 'reagents': [], 'products': [{'smiles': 'Cc1cccc(C)c1NC(=O)C(C)N', 'product_metadata': {'name': '', 'chemical_formula': 'C11H16N2O', 'mass': 192.126263132}}], 'conditions': [], 'reactionmetrics': [{'scalabilityindex': '9', 'confidenceestimate': 0.99, 'closestliterature': ''}]}, {'step': '2', 'reactants': [{'smiles': 'CC(=NO)C(=O)Cl', 'reactant_metadata': {'name': '', 'chemical_formula': 'C3H4ClNO2', 'mass': 120.993056048}}], 'reagents': [], 'products': [{'smiles': 'CC(N)C(=O)Cl', 'product_metadata': {'name': '', 'chemical_formula': 'C3H6ClNO', 'mass': 107.013791492}}], 'conditions': [], 'reactionmetrics': [{'scalabilityindex': '9', 'confidenceestimate': 0.99, 'closestliterature': ''}]}, {'step': '3', 'reactants': [{'smiles': 'CCC(=O)Cl', 'reactant_metadata': {'name': '', 'chemical_formula': 'C3H5ClO', 'mass': 92.00289246}}, {'smiles': 'CC(C)CCON=O', 'reactant_metadata': {'name': '', 'chemical_formula': 'C5H11NO2', 'mass': 117.078978592}}], 'reagents': [], 'products': [{'smiles': 'CC(=NO)C(=O)Cl', 'product_metadata': {'name': '', 'chemical_formula': 'C3H4ClNO2', 'mass': 120.993056048}}], 'conditions': [], 'reactionmetrics': [{'scalabilityindex': '9', 'confidenceestimate': 0.87, 'closestliterature': ''}]}]}
127.0.0.1 - - [26/Nov/2024 16:36:34] "POST /api/retrosynthesis HTTP/1.1" 200 -
2024-11-26 11:07:16 [info     ] -------------------------------------------------- filename=main.py lineno=29
2024-11-26 11:07:16 [info     ] Application initialization complete filename=main.py lineno=30
2024-11-26 11:07:16 [info     ] Starting new synthesis job 20241126_163716_58245 for molecule CC(N)C(=O)NC1=C(C)C=CC=C1C filename=prithvi.py job_id=20241126_163716_58245 lineno=30
127.0.0.1 - - [26/Nov/2024 16:37:16] "[35m[1mPOST /api/retrosynthesis HTTP/1.1[0m" 500 -
2024-11-26 11:07:40 [info     ] -------------------------------------------------- filename=main.py lineno=29
2024-11-26 11:07:40 [info     ] Application initialization complete filename=main.py lineno=30
2024-11-26 11:07:40 [info     ] Starting new synthesis job 20241126_163740_59145 for molecule CC(N)C(=O)NC1=C(C)C=CC=C1C filename=prithvi.py job_id=20241126_163740_59145 lineno=30
2024-11-26 11:07:40 [info     ] AZ_MODEL_CONFIG_PATH found: /Users/shreyasv/Desktop/research/deepchem/retrosynthesis/prod/../aizynthfinder/models/config.yml filename=az.py job_id=20241126_163740_59145 lineno=35
Loading template-based expansion policy model from /Users/shreyasv/Desktop/research/deepchem/retrosynthesis/aizynthfinder/models/uspto_model.onnx to uspto
Loading templates from /Users/shreyasv/Desktop/research/deepchem/retrosynthesis/aizynthfinder/models/uspto_templates.csv.gz to uspto
Loading template-based expansion policy model from /Users/shreyasv/Desktop/research/deepchem/retrosynthesis/aizynthfinder/models/uspto_ringbreaker_model.onnx to ringbreaker
Loading templates from /Users/shreyasv/Desktop/research/deepchem/retrosynthesis/aizynthfinder/models/uspto_ringbreaker_templates.csv.gz to ringbreaker
Loading filter policy model from /Users/shreyasv/Desktop/research/deepchem/retrosynthesis/aizynthfinder/models/uspto_filter_model.onnx to uspto
Loading stock from InMemoryInchiKeyQuery to zinc
Selected as stock: zinc
Compounds in stock: 17422831
Selected as expansion policy: uspto
Selected as filter policy: uspto
2024-11-26 11:08:37 [info     ] AZ solved CC(N)C(=O)NC1=C(C)C=CC=C1C filename=rec_prithvi.py job_id=20241126_163740_59145 lineno=54
Retrosynthesis result: {'dependencies': {'1': ['2'], '2': ['3'], '3': []}, 'steps': [{'step': '1', 'reactants': [{'smiles': 'CC(N)C(=O)Cl', 'reactant_metadata': {'name': '', 'chemical_formula': 'C3H6ClNO', 'mass': 107.013791492}}, {'smiles': 'Cc1cccc(C)c1N', 'reactant_metadata': {'name': '', 'chemical_formula': 'C8H11N', 'mass': 121.08914935199999}}], 'reagents': [], 'products': [{'smiles': 'Cc1cccc(C)c1NC(=O)C(C)N', 'product_metadata': {'name': '', 'chemical_formula': 'C11H16N2O', 'mass': 192.126263132}}], 'conditions': [], 'reactionmetrics': [{'scalabilityindex': '9', 'confidenceestimate': 0.99, 'closestliterature': ''}]}, {'step': '2', 'reactants': [{'smiles': 'CC(=NO)C(=O)Cl', 'reactant_metadata': {'name': '', 'chemical_formula': 'C3H4ClNO2', 'mass': 120.993056048}}], 'reagents': [], 'products': [{'smiles': 'CC(N)C(=O)Cl', 'product_metadata': {'name': '', 'chemical_formula': 'C3H6ClNO', 'mass': 107.013791492}}], 'conditions': [], 'reactionmetrics': [{'scalabilityindex': '9', 'confidenceestimate': 0.99, 'closestliterature': ''}]}, {'step': '3', 'reactants': [{'smiles': 'CCC(=O)Cl', 'reactant_metadata': {'name': '', 'chemical_formula': 'C3H5ClO', 'mass': 92.00289246}}, {'smiles': 'CC(C)CCON=O', 'reactant_metadata': {'name': '', 'chemical_formula': 'C5H11NO2', 'mass': 117.078978592}}], 'reagents': [], 'products': [{'smiles': 'CC(=NO)C(=O)Cl', 'product_metadata': {'name': '', 'chemical_formula': 'C3H4ClNO2', 'mass': 120.993056048}}], 'conditions': [], 'reactionmetrics': [{'scalabilityindex': '9', 'confidenceestimate': 0.87, 'closestliterature': ''}]}]}
127.0.0.1 - - [26/Nov/2024 16:38:39] "POST /api/retrosynthesis HTTP/1.1" 200 -
